CRITICAL - 2023-09-30 10:31:53 --> syntax error, unexpected token "}"
in APPPATH\Controllers\Playlist.php on line 63.
 1 SYSTEMPATH\Autoloader\Autoloader.php(285): CodeIgniter\Autoloader\Autoloader->includeFile('D:\\laragon\\www\\music\\app\\Controllers\\Playlist.php')
 2 SYSTEMPATH\Autoloader\Autoloader.php(263): CodeIgniter\Autoloader\Autoloader->loadInNamespace('App\\Controllers\\Playlist')
 3 [internal function]: CodeIgniter\Autoloader\Autoloader->loadClass('App\\Controllers\\Playlist')
 4 SYSTEMPATH\CodeIgniter.php(877): class_exists('\\App\\Controllers\\Playlist', true)
 5 SYSTEMPATH\CodeIgniter.php(481): CodeIgniter\CodeIgniter->startController()
 6 SYSTEMPATH\CodeIgniter.php(353): CodeIgniter\CodeIgniter->handleRequest(null, Object(Config\Cache), false)
 7 FCPATH\index.php(79): CodeIgniter\CodeIgniter->run()
 8 SYSTEMPATH\Commands\Server\rewrite.php(47): require_once('D:\\laragon\\www\\music\\public\\index.php')
CRITICAL - 2023-09-30 10:59:44 --> Undefined variable $tracksm
in APPPATH\Controllers\Playlist.php on line 51.
 1 APPPATH\Controllers\Playlist.php(51): CodeIgniter\Debug\Exceptions->errorHandler(2, 'Undefined variable $tracksm', 'D:\\laragon\\www\\music\\app\\Controllers\\Playlist.php', 51)
 2 SYSTEMPATH\CodeIgniter.php(919): App\Controllers\Playlist->viewplays('5')
 3 SYSTEMPATH\CodeIgniter.php(494): CodeIgniter\CodeIgniter->runController(Object(App\Controllers\Playlist))
 4 SYSTEMPATH\CodeIgniter.php(353): CodeIgniter\CodeIgniter->handleRequest(null, Object(Config\Cache), false)
 5 FCPATH\index.php(79): CodeIgniter\CodeIgniter->run()
 6 SYSTEMPATH\Commands\Server\rewrite.php(47): require_once('D:\\laragon\\www\\music\\public\\index.php')
CRITICAL - 2023-09-30 11:00:20 --> foreach() argument must be of type array|object, null given
in APPPATH\Views\view_playlists.php on line 74.
 1 APPPATH\Views\view_playlists.php(74): CodeIgniter\Debug\Exceptions->errorHandler(2, 'foreach() argument must be of type array|object, null given', 'D:\\laragon\\www\\music\\app\\Views\\view_playlists.php', 74)
 2 SYSTEMPATH\View\View.php(226): include('D:\\laragon\\www\\music\\app\\Views\\view_playlists.php')
 3 SYSTEMPATH\View\View.php(229): CodeIgniter\View\View->CodeIgniter\View\{closure}()
 4 SYSTEMPATH\Common.php(1188): CodeIgniter\View\View->render('view_playlists', [], true)
 5 APPPATH\Controllers\Playlist.php(53): view('view_playlists', [...])
 6 SYSTEMPATH\CodeIgniter.php(919): App\Controllers\Playlist->viewplays('5')
 7 SYSTEMPATH\CodeIgniter.php(494): CodeIgniter\CodeIgniter->runController(Object(App\Controllers\Playlist))
 8 SYSTEMPATH\CodeIgniter.php(353): CodeIgniter\CodeIgniter->handleRequest(null, Object(Config\Cache), false)
 9 FCPATH\index.php(79): CodeIgniter\CodeIgniter->run()
10 SYSTEMPATH\Commands\Server\rewrite.php(47): require_once('D:\\laragon\\www\\music\\public\\index.php')
CRITICAL - 2023-09-30 11:01:17 --> foreach() argument must be of type array|object, null given
in APPPATH\Views\view_playlists.php on line 74.
 1 APPPATH\Views\view_playlists.php(74): CodeIgniter\Debug\Exceptions->errorHandler(2, 'foreach() argument must be of type array|object, null given', 'D:\\laragon\\www\\music\\app\\Views\\view_playlists.php', 74)
 2 SYSTEMPATH\View\View.php(226): include('D:\\laragon\\www\\music\\app\\Views\\view_playlists.php')
 3 SYSTEMPATH\View\View.php(229): CodeIgniter\View\View->CodeIgniter\View\{closure}()
 4 SYSTEMPATH\Common.php(1188): CodeIgniter\View\View->render('view_playlists', [], true)
 5 APPPATH\Controllers\Playlist.php(53): view('view_playlists', [...])
 6 SYSTEMPATH\CodeIgniter.php(919): App\Controllers\Playlist->viewplays('5')
 7 SYSTEMPATH\CodeIgniter.php(494): CodeIgniter\CodeIgniter->runController(Object(App\Controllers\Playlist))
 8 SYSTEMPATH\CodeIgniter.php(353): CodeIgniter\CodeIgniter->handleRequest(null, Object(Config\Cache), false)
 9 FCPATH\index.php(79): CodeIgniter\CodeIgniter->run()
10 SYSTEMPATH\Commands\Server\rewrite.php(47): require_once('D:\\laragon\\www\\music\\public\\index.php')
CRITICAL - 2023-09-30 11:02:42 --> foreach() argument must be of type array|object, null given
in APPPATH\Views\view_playlists.php on line 74.
 1 APPPATH\Views\view_playlists.php(74): CodeIgniter\Debug\Exceptions->errorHandler(2, 'foreach() argument must be of type array|object, null given', 'D:\\laragon\\www\\music\\app\\Views\\view_playlists.php', 74)
 2 SYSTEMPATH\View\View.php(226): include('D:\\laragon\\www\\music\\app\\Views\\view_playlists.php')
 3 SYSTEMPATH\View\View.php(229): CodeIgniter\View\View->CodeIgniter\View\{closure}()
 4 SYSTEMPATH\Common.php(1188): CodeIgniter\View\View->render('view_playlists', [], true)
 5 APPPATH\Controllers\Playlist.php(53): view('view_playlists', [...])
 6 SYSTEMPATH\CodeIgniter.php(919): App\Controllers\Playlist->viewplays('5')
 7 SYSTEMPATH\CodeIgniter.php(494): CodeIgniter\CodeIgniter->runController(Object(App\Controllers\Playlist))
 8 SYSTEMPATH\CodeIgniter.php(353): CodeIgniter\CodeIgniter->handleRequest(null, Object(Config\Cache), false)
 9 FCPATH\index.php(79): CodeIgniter\CodeIgniter->run()
10 SYSTEMPATH\Commands\Server\rewrite.php(47): require_once('D:\\laragon\\www\\music\\public\\index.php')
CRITICAL - 2023-09-30 11:03:05 --> Cannot access offset of type string on string
in APPPATH\Views\view_playlists.php on line 76.
 1 SYSTEMPATH\View\View.php(226): include()
 2 SYSTEMPATH\View\View.php(229): CodeIgniter\View\View->CodeIgniter\View\{closure}()
 3 SYSTEMPATH\Common.php(1188): CodeIgniter\View\View->render('view_playlists', [], true)
 4 APPPATH\Controllers\Playlist.php(53): view('view_playlists', [...])
 5 SYSTEMPATH\CodeIgniter.php(919): App\Controllers\Playlist->viewplays('6')
 6 SYSTEMPATH\CodeIgniter.php(494): CodeIgniter\CodeIgniter->runController(Object(App\Controllers\Playlist))
 7 SYSTEMPATH\CodeIgniter.php(353): CodeIgniter\CodeIgniter->handleRequest(null, Object(Config\Cache), false)
 8 FCPATH\index.php(79): CodeIgniter\CodeIgniter->run()
 9 SYSTEMPATH\Commands\Server\rewrite.php(47): require_once('D:\\laragon\\www\\music\\public\\index.php')
CRITICAL - 2023-09-30 11:03:55 --> Cannot access offset of type string on string
in APPPATH\Views\view_playlists.php on line 76.
 1 SYSTEMPATH\View\View.php(226): include()
 2 SYSTEMPATH\View\View.php(229): CodeIgniter\View\View->CodeIgniter\View\{closure}()
 3 SYSTEMPATH\Common.php(1188): CodeIgniter\View\View->render('view_playlists', [], true)
 4 APPPATH\Controllers\Playlist.php(53): view('view_playlists', [...])
 5 SYSTEMPATH\CodeIgniter.php(919): App\Controllers\Playlist->viewplays('6')
 6 SYSTEMPATH\CodeIgniter.php(494): CodeIgniter\CodeIgniter->runController(Object(App\Controllers\Playlist))
 7 SYSTEMPATH\CodeIgniter.php(353): CodeIgniter\CodeIgniter->handleRequest(null, Object(Config\Cache), false)
 8 FCPATH\index.php(79): CodeIgniter\CodeIgniter->run()
 9 SYSTEMPATH\Commands\Server\rewrite.php(47): require_once('D:\\laragon\\www\\music\\public\\index.php')
CRITICAL - 2023-09-30 11:05:14 --> Cannot access offset of type string on string
in APPPATH\Views\view_playlists.php on line 76.
 1 SYSTEMPATH\View\View.php(226): include()
 2 SYSTEMPATH\View\View.php(229): CodeIgniter\View\View->CodeIgniter\View\{closure}()
 3 SYSTEMPATH\Common.php(1188): CodeIgniter\View\View->render('view_playlists', [], true)
 4 APPPATH\Controllers\Playlist.php(53): view('view_playlists', [...])
 5 SYSTEMPATH\CodeIgniter.php(919): App\Controllers\Playlist->viewplays('6')
 6 SYSTEMPATH\CodeIgniter.php(494): CodeIgniter\CodeIgniter->runController(Object(App\Controllers\Playlist))
 7 SYSTEMPATH\CodeIgniter.php(353): CodeIgniter\CodeIgniter->handleRequest(null, Object(Config\Cache), false)
 8 FCPATH\index.php(79): CodeIgniter\CodeIgniter->run()
 9 SYSTEMPATH\Commands\Server\rewrite.php(47): require_once('D:\\laragon\\www\\music\\public\\index.php')
CRITICAL - 2023-09-30 11:06:47 --> Cannot access offset of type string on string
in APPPATH\Views\view_playlists.php on line 76.
 1 SYSTEMPATH\View\View.php(226): include()
 2 SYSTEMPATH\View\View.php(229): CodeIgniter\View\View->CodeIgniter\View\{closure}()
 3 SYSTEMPATH\Common.php(1188): CodeIgniter\View\View->render('view_playlists', [], true)
 4 APPPATH\Controllers\Playlist.php(53): view('view_playlists', [...])
 5 SYSTEMPATH\CodeIgniter.php(919): App\Controllers\Playlist->viewplays('6')
 6 SYSTEMPATH\CodeIgniter.php(494): CodeIgniter\CodeIgniter->runController(Object(App\Controllers\Playlist))
 7 SYSTEMPATH\CodeIgniter.php(353): CodeIgniter\CodeIgniter->handleRequest(null, Object(Config\Cache), false)
 8 FCPATH\index.php(79): CodeIgniter\CodeIgniter->run()
 9 SYSTEMPATH\Commands\Server\rewrite.php(47): require_once('D:\\laragon\\www\\music\\public\\index.php')
CRITICAL - 2023-09-30 11:06:56 --> Cannot access offset of type string on string
in APPPATH\Views\view_playlists.php on line 76.
 1 SYSTEMPATH\View\View.php(226): include()
 2 SYSTEMPATH\View\View.php(229): CodeIgniter\View\View->CodeIgniter\View\{closure}()
 3 SYSTEMPATH\Common.php(1188): CodeIgniter\View\View->render('view_playlists', [], true)
 4 APPPATH\Controllers\Playlist.php(53): view('view_playlists', [...])
 5 SYSTEMPATH\CodeIgniter.php(919): App\Controllers\Playlist->viewplays('6')
 6 SYSTEMPATH\CodeIgniter.php(494): CodeIgniter\CodeIgniter->runController(Object(App\Controllers\Playlist))
 7 SYSTEMPATH\CodeIgniter.php(353): CodeIgniter\CodeIgniter->handleRequest(null, Object(Config\Cache), false)
 8 FCPATH\index.php(79): CodeIgniter\CodeIgniter->run()
 9 SYSTEMPATH\Commands\Server\rewrite.php(47): require_once('D:\\laragon\\www\\music\\public\\index.php')
CRITICAL - 2023-09-30 11:13:45 --> Cannot access offset of type string on string
in APPPATH\Views\view_playlists.php on line 76.
 1 SYSTEMPATH\View\View.php(226): include()
 2 SYSTEMPATH\View\View.php(229): CodeIgniter\View\View->CodeIgniter\View\{closure}()
 3 SYSTEMPATH\Common.php(1188): CodeIgniter\View\View->render('view_playlists', [], true)
 4 APPPATH\Controllers\Playlist.php(57): view('view_playlists', [...])
 5 SYSTEMPATH\CodeIgniter.php(919): App\Controllers\Playlist->viewplays('6')
 6 SYSTEMPATH\CodeIgniter.php(494): CodeIgniter\CodeIgniter->runController(Object(App\Controllers\Playlist))
 7 SYSTEMPATH\CodeIgniter.php(353): CodeIgniter\CodeIgniter->handleRequest(null, Object(Config\Cache), false)
 8 FCPATH\index.php(79): CodeIgniter\CodeIgniter->run()
 9 SYSTEMPATH\Commands\Server\rewrite.php(47): require_once('D:\\laragon\\www\\music\\public\\index.php')
CRITICAL - 2023-09-30 11:14:51 --> Cannot access offset of type string on string
in APPPATH\Views\view_playlists.php on line 76.
 1 SYSTEMPATH\View\View.php(226): include()
 2 SYSTEMPATH\View\View.php(229): CodeIgniter\View\View->CodeIgniter\View\{closure}()
 3 SYSTEMPATH\Common.php(1188): CodeIgniter\View\View->render('view_playlists', [], true)
 4 APPPATH\Controllers\Playlist.php(57): view('view_playlists', [...])
 5 SYSTEMPATH\CodeIgniter.php(919): App\Controllers\Playlist->viewplays('6')
 6 SYSTEMPATH\CodeIgniter.php(494): CodeIgniter\CodeIgniter->runController(Object(App\Controllers\Playlist))
 7 SYSTEMPATH\CodeIgniter.php(353): CodeIgniter\CodeIgniter->handleRequest(null, Object(Config\Cache), false)
 8 FCPATH\index.php(79): CodeIgniter\CodeIgniter->run()
 9 SYSTEMPATH\Commands\Server\rewrite.php(47): require_once('D:\\laragon\\www\\music\\public\\index.php')
