CRITICAL - 2023-09-24 01:45:20 --> syntax error, unexpected token "->", expecting ";"
in APPPATH\Controllers\Playlist.php on line 21.
 1 SYSTEMPATH\Autoloader\Autoloader.php(285): CodeIgniter\Autoloader\Autoloader->includeFile('D:\\laragon\\www\\music\\app\\Controllers\\Playlist.php')
 2 SYSTEMPATH\Autoloader\Autoloader.php(263): CodeIgniter\Autoloader\Autoloader->loadInNamespace('App\\Controllers\\Playlist')
 3 [internal function]: CodeIgniter\Autoloader\Autoloader->loadClass('App\\Controllers\\Playlist')
 4 SYSTEMPATH\CodeIgniter.php(877): class_exists('\\App\\Controllers\\Playlist', true)
 5 SYSTEMPATH\CodeIgniter.php(481): CodeIgniter\CodeIgniter->startController()
 6 SYSTEMPATH\CodeIgniter.php(353): CodeIgniter\CodeIgniter->handleRequest(null, Object(Config\Cache), false)
 7 FCPATH\index.php(79): CodeIgniter\CodeIgniter->run()
 8 SYSTEMPATH\Commands\Server\rewrite.php(47): require_once('D:\\laragon\\www\\music\\public\\index.php')
CRITICAL - 2023-09-24 01:45:43 --> syntax error, unexpected token "->", expecting ";"
in APPPATH\Controllers\Playlist.php on line 21.
 1 SYSTEMPATH\Autoloader\Autoloader.php(285): CodeIgniter\Autoloader\Autoloader->includeFile('D:\\laragon\\www\\music\\app\\Controllers\\Playlist.php')
 2 SYSTEMPATH\Autoloader\Autoloader.php(263): CodeIgniter\Autoloader\Autoloader->loadInNamespace('App\\Controllers\\Playlist')
 3 [internal function]: CodeIgniter\Autoloader\Autoloader->loadClass('App\\Controllers\\Playlist')
 4 SYSTEMPATH\CodeIgniter.php(877): class_exists('\\App\\Controllers\\Playlist', true)
 5 SYSTEMPATH\CodeIgniter.php(481): CodeIgniter\CodeIgniter->startController()
 6 SYSTEMPATH\CodeIgniter.php(353): CodeIgniter\CodeIgniter->handleRequest(null, Object(Config\Cache), false)
 7 FCPATH\index.php(79): CodeIgniter\CodeIgniter->run()
 8 SYSTEMPATH\Commands\Server\rewrite.php(47): require_once('D:\\laragon\\www\\music\\public\\index.php')
CRITICAL - 2023-09-24 01:45:44 --> syntax error, unexpected token "->", expecting ";"
in APPPATH\Controllers\Playlist.php on line 21.
 1 SYSTEMPATH\Autoloader\Autoloader.php(285): CodeIgniter\Autoloader\Autoloader->includeFile('D:\\laragon\\www\\music\\app\\Controllers\\Playlist.php')
 2 SYSTEMPATH\Autoloader\Autoloader.php(263): CodeIgniter\Autoloader\Autoloader->loadInNamespace('App\\Controllers\\Playlist')
 3 [internal function]: CodeIgniter\Autoloader\Autoloader->loadClass('App\\Controllers\\Playlist')
 4 SYSTEMPATH\CodeIgniter.php(877): class_exists('\\App\\Controllers\\Playlist', true)
 5 SYSTEMPATH\CodeIgniter.php(481): CodeIgniter\CodeIgniter->startController()
 6 SYSTEMPATH\CodeIgniter.php(353): CodeIgniter\CodeIgniter->handleRequest(null, Object(Config\Cache), false)
 7 FCPATH\index.php(79): CodeIgniter\CodeIgniter->run()
 8 SYSTEMPATH\Commands\Server\rewrite.php(47): require_once('D:\\laragon\\www\\music\\public\\index.php')
CRITICAL - 2023-09-24 01:46:20 --> syntax error, unexpected token "->", expecting ";"
in APPPATH\Controllers\Playlist.php on line 21.
 1 SYSTEMPATH\Autoloader\Autoloader.php(285): CodeIgniter\Autoloader\Autoloader->includeFile('D:\\laragon\\www\\music\\app\\Controllers\\Playlist.php')
 2 SYSTEMPATH\Autoloader\Autoloader.php(263): CodeIgniter\Autoloader\Autoloader->loadInNamespace('App\\Controllers\\Playlist')
 3 [internal function]: CodeIgniter\Autoloader\Autoloader->loadClass('App\\Controllers\\Playlist')
 4 SYSTEMPATH\CodeIgniter.php(877): class_exists('\\App\\Controllers\\Playlist', true)
 5 SYSTEMPATH\CodeIgniter.php(481): CodeIgniter\CodeIgniter->startController()
 6 SYSTEMPATH\CodeIgniter.php(353): CodeIgniter\CodeIgniter->handleRequest(null, Object(Config\Cache), false)
 7 FCPATH\index.php(79): CodeIgniter\CodeIgniter->run()
 8 SYSTEMPATH\Commands\Server\rewrite.php(47): require_once('D:\\laragon\\www\\music\\public\\index.php')
CRITICAL - 2023-09-24 01:46:21 --> syntax error, unexpected token "->", expecting ";"
in APPPATH\Controllers\Playlist.php on line 21.
 1 SYSTEMPATH\Autoloader\Autoloader.php(285): CodeIgniter\Autoloader\Autoloader->includeFile('D:\\laragon\\www\\music\\app\\Controllers\\Playlist.php')
 2 SYSTEMPATH\Autoloader\Autoloader.php(263): CodeIgniter\Autoloader\Autoloader->loadInNamespace('App\\Controllers\\Playlist')
 3 [internal function]: CodeIgniter\Autoloader\Autoloader->loadClass('App\\Controllers\\Playlist')
 4 SYSTEMPATH\CodeIgniter.php(877): class_exists('\\App\\Controllers\\Playlist', true)
 5 SYSTEMPATH\CodeIgniter.php(481): CodeIgniter\CodeIgniter->startController()
 6 SYSTEMPATH\CodeIgniter.php(353): CodeIgniter\CodeIgniter->handleRequest(null, Object(Config\Cache), false)
 7 FCPATH\index.php(79): CodeIgniter\CodeIgniter->run()
 8 SYSTEMPATH\Commands\Server\rewrite.php(47): require_once('D:\\laragon\\www\\music\\public\\index.php')
CRITICAL - 2023-09-24 01:46:21 --> syntax error, unexpected token "->", expecting ";"
in APPPATH\Controllers\Playlist.php on line 21.
 1 SYSTEMPATH\Autoloader\Autoloader.php(285): CodeIgniter\Autoloader\Autoloader->includeFile('D:\\laragon\\www\\music\\app\\Controllers\\Playlist.php')
 2 SYSTEMPATH\Autoloader\Autoloader.php(263): CodeIgniter\Autoloader\Autoloader->loadInNamespace('App\\Controllers\\Playlist')
 3 [internal function]: CodeIgniter\Autoloader\Autoloader->loadClass('App\\Controllers\\Playlist')
 4 SYSTEMPATH\CodeIgniter.php(877): class_exists('\\App\\Controllers\\Playlist', true)
 5 SYSTEMPATH\CodeIgniter.php(481): CodeIgniter\CodeIgniter->startController()
 6 SYSTEMPATH\CodeIgniter.php(353): CodeIgniter\CodeIgniter->handleRequest(null, Object(Config\Cache), false)
 7 FCPATH\index.php(79): CodeIgniter\CodeIgniter->run()
 8 SYSTEMPATH\Commands\Server\rewrite.php(47): require_once('D:\\laragon\\www\\music\\public\\index.php')
CRITICAL - 2023-09-24 01:47:08 --> Class "CI_Controller" not found
in APPPATH\Controllers\Playlist.php on line 3.
 1 SYSTEMPATH\Autoloader\Autoloader.php(306): include_once()
 2 SYSTEMPATH\Autoloader\Autoloader.php(285): CodeIgniter\Autoloader\Autoloader->includeFile('D:\\laragon\\www\\music\\app\\Controllers\\Playlist.php')
 3 SYSTEMPATH\Autoloader\Autoloader.php(263): CodeIgniter\Autoloader\Autoloader->loadInNamespace('App\\Controllers\\Playlist')
 4 [internal function]: CodeIgniter\Autoloader\Autoloader->loadClass('App\\Controllers\\Playlist')
 5 SYSTEMPATH\CodeIgniter.php(877): class_exists('\\App\\Controllers\\Playlist', true)
 6 SYSTEMPATH\CodeIgniter.php(481): CodeIgniter\CodeIgniter->startController()
 7 SYSTEMPATH\CodeIgniter.php(353): CodeIgniter\CodeIgniter->handleRequest(null, Object(Config\Cache), false)
 8 FCPATH\index.php(79): CodeIgniter\CodeIgniter->run()
 9 SYSTEMPATH\Commands\Server\rewrite.php(47): require_once('D:\\laragon\\www\\music\\public\\index.php')
CRITICAL - 2023-09-24 01:47:10 --> Class "CI_Controller" not found
in APPPATH\Controllers\Playlist.php on line 3.
 1 SYSTEMPATH\Autoloader\Autoloader.php(306): include_once()
 2 SYSTEMPATH\Autoloader\Autoloader.php(285): CodeIgniter\Autoloader\Autoloader->includeFile('D:\\laragon\\www\\music\\app\\Controllers\\Playlist.php')
 3 SYSTEMPATH\Autoloader\Autoloader.php(263): CodeIgniter\Autoloader\Autoloader->loadInNamespace('App\\Controllers\\Playlist')
 4 [internal function]: CodeIgniter\Autoloader\Autoloader->loadClass('App\\Controllers\\Playlist')
 5 SYSTEMPATH\CodeIgniter.php(877): class_exists('\\App\\Controllers\\Playlist', true)
 6 SYSTEMPATH\CodeIgniter.php(481): CodeIgniter\CodeIgniter->startController()
 7 SYSTEMPATH\CodeIgniter.php(353): CodeIgniter\CodeIgniter->handleRequest(null, Object(Config\Cache), false)
 8 FCPATH\index.php(79): CodeIgniter\CodeIgniter->run()
 9 SYSTEMPATH\Commands\Server\rewrite.php(47): require_once('D:\\laragon\\www\\music\\public\\index.php')
CRITICAL - 2023-09-24 01:47:31 --> Class "Controllers" not found
in APPPATH\Controllers\Playlist.php on line 3.
 1 SYSTEMPATH\Autoloader\Autoloader.php(306): include_once()
 2 SYSTEMPATH\Autoloader\Autoloader.php(285): CodeIgniter\Autoloader\Autoloader->includeFile('D:\\laragon\\www\\music\\app\\Controllers\\Playlist.php')
 3 SYSTEMPATH\Autoloader\Autoloader.php(263): CodeIgniter\Autoloader\Autoloader->loadInNamespace('App\\Controllers\\Playlist')
 4 [internal function]: CodeIgniter\Autoloader\Autoloader->loadClass('App\\Controllers\\Playlist')
 5 SYSTEMPATH\CodeIgniter.php(877): class_exists('\\App\\Controllers\\Playlist', true)
 6 SYSTEMPATH\CodeIgniter.php(481): CodeIgniter\CodeIgniter->startController()
 7 SYSTEMPATH\CodeIgniter.php(353): CodeIgniter\CodeIgniter->handleRequest(null, Object(Config\Cache), false)
 8 FCPATH\index.php(79): CodeIgniter\CodeIgniter->run()
 9 SYSTEMPATH\Commands\Server\rewrite.php(47): require_once('D:\\laragon\\www\\music\\public\\index.php')
CRITICAL - 2023-09-24 01:47:31 --> Class "Controllers" not found
in APPPATH\Controllers\Playlist.php on line 3.
 1 SYSTEMPATH\Autoloader\Autoloader.php(306): include_once()
 2 SYSTEMPATH\Autoloader\Autoloader.php(285): CodeIgniter\Autoloader\Autoloader->includeFile('D:\\laragon\\www\\music\\app\\Controllers\\Playlist.php')
 3 SYSTEMPATH\Autoloader\Autoloader.php(263): CodeIgniter\Autoloader\Autoloader->loadInNamespace('App\\Controllers\\Playlist')
 4 [internal function]: CodeIgniter\Autoloader\Autoloader->loadClass('App\\Controllers\\Playlist')
 5 SYSTEMPATH\CodeIgniter.php(877): class_exists('\\App\\Controllers\\Playlist', true)
 6 SYSTEMPATH\CodeIgniter.php(481): CodeIgniter\CodeIgniter->startController()
 7 SYSTEMPATH\CodeIgniter.php(353): CodeIgniter\CodeIgniter->handleRequest(null, Object(Config\Cache), false)
 8 FCPATH\index.php(79): CodeIgniter\CodeIgniter->run()
 9 SYSTEMPATH\Commands\Server\rewrite.php(47): require_once('D:\\laragon\\www\\music\\public\\index.php')
CRITICAL - 2023-09-24 01:47:36 --> Class "Controller" not found
in APPPATH\Controllers\Playlist.php on line 3.
 1 SYSTEMPATH\Autoloader\Autoloader.php(306): include_once()
 2 SYSTEMPATH\Autoloader\Autoloader.php(285): CodeIgniter\Autoloader\Autoloader->includeFile('D:\\laragon\\www\\music\\app\\Controllers\\Playlist.php')
 3 SYSTEMPATH\Autoloader\Autoloader.php(263): CodeIgniter\Autoloader\Autoloader->loadInNamespace('App\\Controllers\\Playlist')
 4 [internal function]: CodeIgniter\Autoloader\Autoloader->loadClass('App\\Controllers\\Playlist')
 5 SYSTEMPATH\CodeIgniter.php(877): class_exists('\\App\\Controllers\\Playlist', true)
 6 SYSTEMPATH\CodeIgniter.php(481): CodeIgniter\CodeIgniter->startController()
 7 SYSTEMPATH\CodeIgniter.php(353): CodeIgniter\CodeIgniter->handleRequest(null, Object(Config\Cache), false)
 8 FCPATH\index.php(79): CodeIgniter\CodeIgniter->run()
 9 SYSTEMPATH\Commands\Server\rewrite.php(47): require_once('D:\\laragon\\www\\music\\public\\index.php')
CRITICAL - 2023-09-24 01:47:37 --> Class "Controller" not found
in APPPATH\Controllers\Playlist.php on line 3.
 1 SYSTEMPATH\Autoloader\Autoloader.php(306): include_once()
 2 SYSTEMPATH\Autoloader\Autoloader.php(285): CodeIgniter\Autoloader\Autoloader->includeFile('D:\\laragon\\www\\music\\app\\Controllers\\Playlist.php')
 3 SYSTEMPATH\Autoloader\Autoloader.php(263): CodeIgniter\Autoloader\Autoloader->loadInNamespace('App\\Controllers\\Playlist')
 4 [internal function]: CodeIgniter\Autoloader\Autoloader->loadClass('App\\Controllers\\Playlist')
 5 SYSTEMPATH\CodeIgniter.php(877): class_exists('\\App\\Controllers\\Playlist', true)
 6 SYSTEMPATH\CodeIgniter.php(481): CodeIgniter\CodeIgniter->startController()
 7 SYSTEMPATH\CodeIgniter.php(353): CodeIgniter\CodeIgniter->handleRequest(null, Object(Config\Cache), false)
 8 FCPATH\index.php(79): CodeIgniter\CodeIgniter->run()
 9 SYSTEMPATH\Commands\Server\rewrite.php(47): require_once('D:\\laragon\\www\\music\\public\\index.php')
CRITICAL - 2023-09-24 01:48:51 --> Cannot call constructor
in APPPATH\Controllers\Playlist.php on line 9.
 1 SYSTEMPATH\CodeIgniter.php(891): App\Controllers\Playlist->__construct()
 2 SYSTEMPATH\CodeIgniter.php(485): CodeIgniter\CodeIgniter->createController()
 3 SYSTEMPATH\CodeIgniter.php(353): CodeIgniter\CodeIgniter->handleRequest(null, Object(Config\Cache), false)
 4 FCPATH\index.php(79): CodeIgniter\CodeIgniter->run()
 5 SYSTEMPATH\Commands\Server\rewrite.php(47): require_once('D:\\laragon\\www\\music\\public\\index.php')
CRITICAL - 2023-09-24 01:48:52 --> Cannot call constructor
in APPPATH\Controllers\Playlist.php on line 9.
 1 SYSTEMPATH\CodeIgniter.php(891): App\Controllers\Playlist->__construct()
 2 SYSTEMPATH\CodeIgniter.php(485): CodeIgniter\CodeIgniter->createController()
 3 SYSTEMPATH\CodeIgniter.php(353): CodeIgniter\CodeIgniter->handleRequest(null, Object(Config\Cache), false)
 4 FCPATH\index.php(79): CodeIgniter\CodeIgniter->run()
 5 SYSTEMPATH\Commands\Server\rewrite.php(47): require_once('D:\\laragon\\www\\music\\public\\index.php')
CRITICAL - 2023-09-24 01:48:52 --> Cannot call constructor
in APPPATH\Controllers\Playlist.php on line 9.
 1 SYSTEMPATH\CodeIgniter.php(891): App\Controllers\Playlist->__construct()
 2 SYSTEMPATH\CodeIgniter.php(485): CodeIgniter\CodeIgniter->createController()
 3 SYSTEMPATH\CodeIgniter.php(353): CodeIgniter\CodeIgniter->handleRequest(null, Object(Config\Cache), false)
 4 FCPATH\index.php(79): CodeIgniter\CodeIgniter->run()
 5 SYSTEMPATH\Commands\Server\rewrite.php(47): require_once('D:\\laragon\\www\\music\\public\\index.php')
CRITICAL - 2023-09-24 01:48:52 --> Cannot call constructor
in APPPATH\Controllers\Playlist.php on line 9.
 1 SYSTEMPATH\CodeIgniter.php(891): App\Controllers\Playlist->__construct()
 2 SYSTEMPATH\CodeIgniter.php(485): CodeIgniter\CodeIgniter->createController()
 3 SYSTEMPATH\CodeIgniter.php(353): CodeIgniter\CodeIgniter->handleRequest(null, Object(Config\Cache), false)
 4 FCPATH\index.php(79): CodeIgniter\CodeIgniter->run()
 5 SYSTEMPATH\Commands\Server\rewrite.php(47): require_once('D:\\laragon\\www\\music\\public\\index.php')
CRITICAL - 2023-09-24 11:05:22 --> Class "App\Models\PlaylistModel" not found
in APPPATH\Controllers\Playlist.php on line 23.
 1 SYSTEMPATH\CodeIgniter.php(919): App\Controllers\Playlist->create()
 2 SYSTEMPATH\CodeIgniter.php(494): CodeIgniter\CodeIgniter->runController(Object(App\Controllers\Playlist))
 3 SYSTEMPATH\CodeIgniter.php(353): CodeIgniter\CodeIgniter->handleRequest(null, Object(Config\Cache), false)
 4 FCPATH\index.php(79): CodeIgniter\CodeIgniter->run()
 5 SYSTEMPATH\Commands\Server\rewrite.php(47): require_once('D:\\laragon\\www\\music\\public\\index.php')
CRITICAL - 2023-09-24 11:09:08 --> Undefined variable $playlists
in APPPATH\Views\view_music.php on line 72.
 1 APPPATH\Views\view_music.php(72): CodeIgniter\Debug\Exceptions->errorHandler(2, 'Undefined variable $playlists', 'D:\\laragon\\www\\music\\app\\Views\\view_music.php', 72)
 2 SYSTEMPATH\View\View.php(226): include('D:\\laragon\\www\\music\\app\\Views\\view_music.php')
 3 SYSTEMPATH\View\View.php(229): CodeIgniter\View\View->CodeIgniter\View\{closure}()
 4 SYSTEMPATH\Common.php(1188): CodeIgniter\View\View->render('view_music', [], true)
 5 APPPATH\Controllers\Playlist.php(11): view('view_music')
 6 SYSTEMPATH\CodeIgniter.php(919): App\Controllers\Playlist->index()
 7 SYSTEMPATH\CodeIgniter.php(494): CodeIgniter\CodeIgniter->runController(Object(App\Controllers\Playlist))
 8 SYSTEMPATH\CodeIgniter.php(353): CodeIgniter\CodeIgniter->handleRequest(null, Object(Config\Cache), false)
 9 FCPATH\index.php(79): CodeIgniter\CodeIgniter->run()
10 SYSTEMPATH\Commands\Server\rewrite.php(47): require_once('D:\\laragon\\www\\music\\public\\index.php')
CRITICAL - 2023-09-24 12:33:13 --> syntax error, unexpected token "else", expecting "function" or "const"
in APPPATH\Controllers\Playlist.php on line 72.
 1 SYSTEMPATH\Autoloader\Autoloader.php(285): CodeIgniter\Autoloader\Autoloader->includeFile('D:\\laragon\\www\\music\\app\\Controllers\\Playlist.php')
 2 SYSTEMPATH\Autoloader\Autoloader.php(263): CodeIgniter\Autoloader\Autoloader->loadInNamespace('App\\Controllers\\Playlist')
 3 [internal function]: CodeIgniter\Autoloader\Autoloader->loadClass('App\\Controllers\\Playlist')
 4 SYSTEMPATH\CodeIgniter.php(877): class_exists('\\App\\Controllers\\Playlist', true)
 5 SYSTEMPATH\CodeIgniter.php(481): CodeIgniter\CodeIgniter->startController()
 6 SYSTEMPATH\CodeIgniter.php(353): CodeIgniter\CodeIgniter->handleRequest(null, Object(Config\Cache), false)
 7 FCPATH\index.php(79): CodeIgniter\CodeIgniter->run()
 8 SYSTEMPATH\Commands\Server\rewrite.php(47): require_once('D:\\laragon\\www\\music\\public\\index.php')
CRITICAL - 2023-09-24 12:33:15 --> syntax error, unexpected token "else", expecting "function" or "const"
in APPPATH\Controllers\Playlist.php on line 72.
 1 SYSTEMPATH\Autoloader\Autoloader.php(285): CodeIgniter\Autoloader\Autoloader->includeFile('D:\\laragon\\www\\music\\app\\Controllers\\Playlist.php')
 2 SYSTEMPATH\Autoloader\Autoloader.php(263): CodeIgniter\Autoloader\Autoloader->loadInNamespace('App\\Controllers\\Playlist')
 3 [internal function]: CodeIgniter\Autoloader\Autoloader->loadClass('App\\Controllers\\Playlist')
 4 SYSTEMPATH\CodeIgniter.php(877): class_exists('\\App\\Controllers\\Playlist', true)
 5 SYSTEMPATH\CodeIgniter.php(481): CodeIgniter\CodeIgniter->startController()
 6 SYSTEMPATH\CodeIgniter.php(353): CodeIgniter\CodeIgniter->handleRequest(null, Object(Config\Cache), false)
 7 FCPATH\index.php(79): CodeIgniter\CodeIgniter->run()
 8 SYSTEMPATH\Commands\Server\rewrite.php(47): require_once('D:\\laragon\\www\\music\\public\\index.php')
CRITICAL - 2023-09-24 12:33:44 --> The original file is not a valid file.
in SYSTEMPATH\HTTP\Files\UploadedFile.php on line 146.
 1 SYSTEMPATH\HTTP\Files\UploadedFile.php(146): CodeIgniter\HTTP\Exceptions\HTTPException::forInvalidFile()
 2 APPPATH\Controllers\Playlist.php(57): CodeIgniter\HTTP\Files\UploadedFile->move('D:\\laragon\\www\\music\\writable\\uploads/audio/', '1695558824_a2fab1e982e97b7b0f3f.mp3')
 3 SYSTEMPATH\CodeIgniter.php(919): App\Controllers\Playlist->uploadaudio()
 4 SYSTEMPATH\CodeIgniter.php(494): CodeIgniter\CodeIgniter->runController(Object(App\Controllers\Playlist))
 5 SYSTEMPATH\CodeIgniter.php(353): CodeIgniter\CodeIgniter->handleRequest(null, Object(Config\Cache), false)
 6 FCPATH\index.php(79): CodeIgniter\CodeIgniter->run()
 7 SYSTEMPATH\Commands\Server\rewrite.php(47): require_once('D:\\laragon\\www\\music\\public\\index.php')
CRITICAL - 2023-09-24 12:34:52 --> The original file is not a valid file.
in SYSTEMPATH\HTTP\Files\UploadedFile.php on line 146.
 1 SYSTEMPATH\HTTP\Files\UploadedFile.php(146): CodeIgniter\HTTP\Exceptions\HTTPException::forInvalidFile()
 2 APPPATH\Controllers\Playlist.php(57): CodeIgniter\HTTP\Files\UploadedFile->move('D:\\laragon\\www\\music\\writable\\uploads/audio/')
 3 SYSTEMPATH\CodeIgniter.php(919): App\Controllers\Playlist->uploadaudio()
 4 SYSTEMPATH\CodeIgniter.php(494): CodeIgniter\CodeIgniter->runController(Object(App\Controllers\Playlist))
 5 SYSTEMPATH\CodeIgniter.php(353): CodeIgniter\CodeIgniter->handleRequest(null, Object(Config\Cache), false)
 6 FCPATH\index.php(79): CodeIgniter\CodeIgniter->run()
 7 SYSTEMPATH\Commands\Server\rewrite.php(47): require_once('D:\\laragon\\www\\music\\public\\index.php')
CRITICAL - 2023-09-24 12:35:08 --> The original file is not a valid file.
in SYSTEMPATH\HTTP\Files\UploadedFile.php on line 146.
 1 SYSTEMPATH\HTTP\Files\UploadedFile.php(146): CodeIgniter\HTTP\Exceptions\HTTPException::forInvalidFile()
 2 APPPATH\Controllers\Playlist.php(57): CodeIgniter\HTTP\Files\UploadedFile->move('D:\\laragon\\www\\music\\writable\\uploads/audio/')
 3 SYSTEMPATH\CodeIgniter.php(919): App\Controllers\Playlist->uploadaudio()
 4 SYSTEMPATH\CodeIgniter.php(494): CodeIgniter\CodeIgniter->runController(Object(App\Controllers\Playlist))
 5 SYSTEMPATH\CodeIgniter.php(353): CodeIgniter\CodeIgniter->handleRequest(null, Object(Config\Cache), false)
 6 FCPATH\index.php(79): CodeIgniter\CodeIgniter->run()
 7 SYSTEMPATH\Commands\Server\rewrite.php(47): require_once('D:\\laragon\\www\\music\\public\\index.php')
CRITICAL - 2023-09-24 12:39:44 --> syntax error, unexpected token ";", expecting "function" or "const"
in APPPATH\Controllers\Playlist.php on line 83.
 1 SYSTEMPATH\Autoloader\Autoloader.php(285): CodeIgniter\Autoloader\Autoloader->includeFile('D:\\laragon\\www\\music\\app\\Controllers\\Playlist.php')
 2 SYSTEMPATH\Autoloader\Autoloader.php(263): CodeIgniter\Autoloader\Autoloader->loadInNamespace('App\\Controllers\\Playlist')
 3 [internal function]: CodeIgniter\Autoloader\Autoloader->loadClass('App\\Controllers\\Playlist')
 4 SYSTEMPATH\CodeIgniter.php(877): class_exists('\\App\\Controllers\\Playlist', true)
 5 SYSTEMPATH\CodeIgniter.php(481): CodeIgniter\CodeIgniter->startController()
 6 SYSTEMPATH\CodeIgniter.php(353): CodeIgniter\CodeIgniter->handleRequest(null, Object(Config\Cache), false)
 7 FCPATH\index.php(79): CodeIgniter\CodeIgniter->run()
 8 SYSTEMPATH\Commands\Server\rewrite.php(47): require_once('D:\\laragon\\www\\music\\public\\index.php')
CRITICAL - 2023-09-24 12:39:54 --> Unclosed '{' on line 44
in APPPATH\Controllers\Playlist.php on line 83.
 1 SYSTEMPATH\Autoloader\Autoloader.php(285): CodeIgniter\Autoloader\Autoloader->includeFile('D:\\laragon\\www\\music\\app\\Controllers\\Playlist.php')
 2 SYSTEMPATH\Autoloader\Autoloader.php(263): CodeIgniter\Autoloader\Autoloader->loadInNamespace('App\\Controllers\\Playlist')
 3 [internal function]: CodeIgniter\Autoloader\Autoloader->loadClass('App\\Controllers\\Playlist')
 4 SYSTEMPATH\CodeIgniter.php(877): class_exists('\\App\\Controllers\\Playlist', true)
 5 SYSTEMPATH\CodeIgniter.php(481): CodeIgniter\CodeIgniter->startController()
 6 SYSTEMPATH\CodeIgniter.php(353): CodeIgniter\CodeIgniter->handleRequest(null, Object(Config\Cache), false)
 7 FCPATH\index.php(79): CodeIgniter\CodeIgniter->run()
 8 SYSTEMPATH\Commands\Server\rewrite.php(47): require_once('D:\\laragon\\www\\music\\public\\index.php')
ERROR - 2023-09-24 12:40:28 --> Database error: Undefined variable $audioModel
CRITICAL - 2023-09-24 12:42:48 --> syntax error, unexpected token "else", expecting "function" or "const"
in APPPATH\Controllers\Playlist.php on line 72.
 1 SYSTEMPATH\Autoloader\Autoloader.php(285): CodeIgniter\Autoloader\Autoloader->includeFile('D:\\laragon\\www\\music\\app\\Controllers\\Playlist.php')
 2 SYSTEMPATH\Autoloader\Autoloader.php(263): CodeIgniter\Autoloader\Autoloader->loadInNamespace('App\\Controllers\\Playlist')
 3 [internal function]: CodeIgniter\Autoloader\Autoloader->loadClass('App\\Controllers\\Playlist')
 4 SYSTEMPATH\CodeIgniter.php(877): class_exists('\\App\\Controllers\\Playlist', true)
 5 SYSTEMPATH\CodeIgniter.php(481): CodeIgniter\CodeIgniter->startController()
 6 SYSTEMPATH\CodeIgniter.php(353): CodeIgniter\CodeIgniter->handleRequest(null, Object(Config\Cache), false)
 7 FCPATH\index.php(79): CodeIgniter\CodeIgniter->run()
 8 SYSTEMPATH\Commands\Server\rewrite.php(47): require_once('D:\\laragon\\www\\music\\public\\index.php')
CRITICAL - 2023-09-24 12:49:32 --> The original file is not a valid file.
in SYSTEMPATH\HTTP\Files\UploadedFile.php on line 146.
 1 SYSTEMPATH\HTTP\Files\UploadedFile.php(146): CodeIgniter\HTTP\Exceptions\HTTPException::forInvalidFile()
 2 APPPATH\Controllers\Playlist.php(55): CodeIgniter\HTTP\Files\UploadedFile->move('D:\\laragon\\www\\music\\writable\\uploads/audio/', '1695559772_f52c9e0d6b012c818cfe.m4a')
 3 SYSTEMPATH\CodeIgniter.php(919): App\Controllers\Playlist->uploadaudio()
 4 SYSTEMPATH\CodeIgniter.php(494): CodeIgniter\CodeIgniter->runController(Object(App\Controllers\Playlist))
 5 SYSTEMPATH\CodeIgniter.php(353): CodeIgniter\CodeIgniter->handleRequest(null, Object(Config\Cache), false)
 6 FCPATH\index.php(79): CodeIgniter\CodeIgniter->run()
 7 SYSTEMPATH\Commands\Server\rewrite.php(47): require_once('D:\\laragon\\www\\music\\public\\index.php')
CRITICAL - 2023-09-24 12:52:47 --> The original file is not a valid file.
in SYSTEMPATH\HTTP\Files\UploadedFile.php on line 146.
 1 SYSTEMPATH\HTTP\Files\UploadedFile.php(146): CodeIgniter\HTTP\Exceptions\HTTPException::forInvalidFile()
 2 APPPATH\Controllers\Playlist.php(55): CodeIgniter\HTTP\Files\UploadedFile->move('D:\\laragon\\www\\music\\writable\\uploads/audio/', '1695559967_f1722c1e415ffb34358b.m4a')
 3 SYSTEMPATH\CodeIgniter.php(919): App\Controllers\Playlist->uploadaudio()
 4 SYSTEMPATH\CodeIgniter.php(494): CodeIgniter\CodeIgniter->runController(Object(App\Controllers\Playlist))
 5 SYSTEMPATH\CodeIgniter.php(353): CodeIgniter\CodeIgniter->handleRequest(null, Object(Config\Cache), false)
 6 FCPATH\index.php(79): CodeIgniter\CodeIgniter->run()
 7 SYSTEMPATH\Commands\Server\rewrite.php(47): require_once('D:\\laragon\\www\\music\\public\\index.php')
CRITICAL - 2023-09-24 12:53:07 --> The original file is not a valid file.
in SYSTEMPATH\HTTP\Files\UploadedFile.php on line 146.
 1 SYSTEMPATH\HTTP\Files\UploadedFile.php(146): CodeIgniter\HTTP\Exceptions\HTTPException::forInvalidFile()
 2 APPPATH\Controllers\Playlist.php(55): CodeIgniter\HTTP\Files\UploadedFile->move('D:\\laragon\\www\\music\\writable\\uploads/audio/', '1695559987_c47d243d87ce524417af.mp3')
 3 SYSTEMPATH\CodeIgniter.php(919): App\Controllers\Playlist->uploadaudio()
 4 SYSTEMPATH\CodeIgniter.php(494): CodeIgniter\CodeIgniter->runController(Object(App\Controllers\Playlist))
 5 SYSTEMPATH\CodeIgniter.php(353): CodeIgniter\CodeIgniter->handleRequest(null, Object(Config\Cache), false)
 6 FCPATH\index.php(79): CodeIgniter\CodeIgniter->run()
 7 SYSTEMPATH\Commands\Server\rewrite.php(47): require_once('D:\\laragon\\www\\music\\public\\index.php')
CRITICAL - 2023-09-24 12:53:32 --> The original file is not a valid file.
in SYSTEMPATH\HTTP\Files\UploadedFile.php on line 146.
 1 SYSTEMPATH\HTTP\Files\UploadedFile.php(146): CodeIgniter\HTTP\Exceptions\HTTPException::forInvalidFile()
 2 APPPATH\Controllers\Playlist.php(55): CodeIgniter\HTTP\Files\UploadedFile->move('D:\\laragon\\www\\music\\writable\\uploads/audio/', '1695560012_09b74ea3885289ed5002.mp3')
 3 SYSTEMPATH\CodeIgniter.php(919): App\Controllers\Playlist->uploadaudio()
 4 SYSTEMPATH\CodeIgniter.php(494): CodeIgniter\CodeIgniter->runController(Object(App\Controllers\Playlist))
 5 SYSTEMPATH\CodeIgniter.php(353): CodeIgniter\CodeIgniter->handleRequest(null, Object(Config\Cache), false)
 6 FCPATH\index.php(79): CodeIgniter\CodeIgniter->run()
 7 SYSTEMPATH\Commands\Server\rewrite.php(47): require_once('D:\\laragon\\www\\music\\public\\index.php')
CRITICAL - 2023-09-24 12:53:50 --> The original file is not a valid file.
in SYSTEMPATH\HTTP\Files\UploadedFile.php on line 146.
 1 SYSTEMPATH\HTTP\Files\UploadedFile.php(146): CodeIgniter\HTTP\Exceptions\HTTPException::forInvalidFile()
 2 APPPATH\Controllers\Playlist.php(55): CodeIgniter\HTTP\Files\UploadedFile->move('D:\\laragon\\www\\music\\writable\\uploads/audio/', '1695560030_5ac53aec6d5387706881.mp3')
 3 SYSTEMPATH\CodeIgniter.php(919): App\Controllers\Playlist->uploadaudio()
 4 SYSTEMPATH\CodeIgniter.php(494): CodeIgniter\CodeIgniter->runController(Object(App\Controllers\Playlist))
 5 SYSTEMPATH\CodeIgniter.php(353): CodeIgniter\CodeIgniter->handleRequest(null, Object(Config\Cache), false)
 6 FCPATH\index.php(79): CodeIgniter\CodeIgniter->run()
 7 SYSTEMPATH\Commands\Server\rewrite.php(47): require_once('D:\\laragon\\www\\music\\public\\index.php')
CRITICAL - 2023-09-24 12:57:35 --> The original file is not a valid file.
in SYSTEMPATH\HTTP\Files\UploadedFile.php on line 146.
 1 SYSTEMPATH\HTTP\Files\UploadedFile.php(146): CodeIgniter\HTTP\Exceptions\HTTPException::forInvalidFile()
 2 APPPATH\Controllers\Playlist.php(55): CodeIgniter\HTTP\Files\UploadedFile->move('D:\\laragon\\www\\music\\writable\\uploads/audio/', '1695560255_44e27403639594d7e49e.mp3')
 3 SYSTEMPATH\CodeIgniter.php(919): App\Controllers\Playlist->uploadaudio()
 4 SYSTEMPATH\CodeIgniter.php(494): CodeIgniter\CodeIgniter->runController(Object(App\Controllers\Playlist))
 5 SYSTEMPATH\CodeIgniter.php(353): CodeIgniter\CodeIgniter->handleRequest(null, Object(Config\Cache), false)
 6 FCPATH\index.php(79): CodeIgniter\CodeIgniter->run()
 7 SYSTEMPATH\Commands\Server\rewrite.php(47): require_once('D:\\laragon\\www\\music\\public\\index.php')
CRITICAL - 2023-09-24 13:00:20 --> syntax error, unexpected token "public"
in APPPATH\Controllers\Playlist.php on line 45.
 1 SYSTEMPATH\Autoloader\Autoloader.php(285): CodeIgniter\Autoloader\Autoloader->includeFile('D:\\laragon\\www\\music\\app\\Controllers\\Playlist.php')
 2 SYSTEMPATH\Autoloader\Autoloader.php(263): CodeIgniter\Autoloader\Autoloader->loadInNamespace('App\\Controllers\\Playlist')
 3 [internal function]: CodeIgniter\Autoloader\Autoloader->loadClass('App\\Controllers\\Playlist')
 4 SYSTEMPATH\CodeIgniter.php(877): class_exists('\\App\\Controllers\\Playlist', true)
 5 SYSTEMPATH\CodeIgniter.php(481): CodeIgniter\CodeIgniter->startController()
 6 SYSTEMPATH\CodeIgniter.php(353): CodeIgniter\CodeIgniter->handleRequest(null, Object(Config\Cache), false)
 7 FCPATH\index.php(79): CodeIgniter\CodeIgniter->run()
 8 SYSTEMPATH\Commands\Server\rewrite.php(47): require_once('D:\\laragon\\www\\music\\public\\index.php')
CRITICAL - 2023-09-24 13:00:26 --> syntax error, unexpected token "public"
in APPPATH\Controllers\Playlist.php on line 45.
 1 SYSTEMPATH\Autoloader\Autoloader.php(285): CodeIgniter\Autoloader\Autoloader->includeFile('D:\\laragon\\www\\music\\app\\Controllers\\Playlist.php')
 2 SYSTEMPATH\Autoloader\Autoloader.php(263): CodeIgniter\Autoloader\Autoloader->loadInNamespace('App\\Controllers\\Playlist')
 3 [internal function]: CodeIgniter\Autoloader\Autoloader->loadClass('App\\Controllers\\Playlist')
 4 SYSTEMPATH\CodeIgniter.php(877): class_exists('\\App\\Controllers\\Playlist', true)
 5 SYSTEMPATH\CodeIgniter.php(481): CodeIgniter\CodeIgniter->startController()
 6 SYSTEMPATH\CodeIgniter.php(353): CodeIgniter\CodeIgniter->handleRequest(null, Object(Config\Cache), false)
 7 FCPATH\index.php(79): CodeIgniter\CodeIgniter->run()
 8 SYSTEMPATH\Commands\Server\rewrite.php(47): require_once('D:\\laragon\\www\\music\\public\\index.php')
CRITICAL - 2023-09-24 13:00:54 --> syntax error, unexpected token "{", expecting "function" or "const"
in APPPATH\Controllers\Playlist.php on line 44.
 1 SYSTEMPATH\Autoloader\Autoloader.php(285): CodeIgniter\Autoloader\Autoloader->includeFile('D:\\laragon\\www\\music\\app\\Controllers\\Playlist.php')
 2 SYSTEMPATH\Autoloader\Autoloader.php(263): CodeIgniter\Autoloader\Autoloader->loadInNamespace('App\\Controllers\\Playlist')
 3 [internal function]: CodeIgniter\Autoloader\Autoloader->loadClass('App\\Controllers\\Playlist')
 4 SYSTEMPATH\CodeIgniter.php(877): class_exists('\\App\\Controllers\\Playlist', true)
 5 SYSTEMPATH\CodeIgniter.php(481): CodeIgniter\CodeIgniter->startController()
 6 SYSTEMPATH\CodeIgniter.php(353): CodeIgniter\CodeIgniter->handleRequest(null, Object(Config\Cache), false)
 7 FCPATH\index.php(79): CodeIgniter\CodeIgniter->run()
 8 SYSTEMPATH\Commands\Server\rewrite.php(47): require_once('D:\\laragon\\www\\music\\public\\index.php')
CRITICAL - 2023-09-24 13:00:55 --> syntax error, unexpected token "{", expecting "function" or "const"
in APPPATH\Controllers\Playlist.php on line 44.
 1 SYSTEMPATH\Autoloader\Autoloader.php(285): CodeIgniter\Autoloader\Autoloader->includeFile('D:\\laragon\\www\\music\\app\\Controllers\\Playlist.php')
 2 SYSTEMPATH\Autoloader\Autoloader.php(263): CodeIgniter\Autoloader\Autoloader->loadInNamespace('App\\Controllers\\Playlist')
 3 [internal function]: CodeIgniter\Autoloader\Autoloader->loadClass('App\\Controllers\\Playlist')
 4 SYSTEMPATH\CodeIgniter.php(877): class_exists('\\App\\Controllers\\Playlist', true)
 5 SYSTEMPATH\CodeIgniter.php(481): CodeIgniter\CodeIgniter->startController()
 6 SYSTEMPATH\CodeIgniter.php(353): CodeIgniter\CodeIgniter->handleRequest(null, Object(Config\Cache), false)
 7 FCPATH\index.php(79): CodeIgniter\CodeIgniter->run()
 8 SYSTEMPATH\Commands\Server\rewrite.php(47): require_once('D:\\laragon\\www\\music\\public\\index.php')
CRITICAL - 2023-09-24 13:00:55 --> syntax error, unexpected token "{", expecting "function" or "const"
in APPPATH\Controllers\Playlist.php on line 44.
 1 SYSTEMPATH\Autoloader\Autoloader.php(285): CodeIgniter\Autoloader\Autoloader->includeFile('D:\\laragon\\www\\music\\app\\Controllers\\Playlist.php')
 2 SYSTEMPATH\Autoloader\Autoloader.php(263): CodeIgniter\Autoloader\Autoloader->loadInNamespace('App\\Controllers\\Playlist')
 3 [internal function]: CodeIgniter\Autoloader\Autoloader->loadClass('App\\Controllers\\Playlist')
 4 SYSTEMPATH\CodeIgniter.php(877): class_exists('\\App\\Controllers\\Playlist', true)
 5 SYSTEMPATH\CodeIgniter.php(481): CodeIgniter\CodeIgniter->startController()
 6 SYSTEMPATH\CodeIgniter.php(353): CodeIgniter\CodeIgniter->handleRequest(null, Object(Config\Cache), false)
 7 FCPATH\index.php(79): CodeIgniter\CodeIgniter->run()
 8 SYSTEMPATH\Commands\Server\rewrite.php(47): require_once('D:\\laragon\\www\\music\\public\\index.php')
CRITICAL - 2023-09-24 13:01:09 --> Unmatched '}'
in APPPATH\Controllers\Playlist.php on line 64.
 1 SYSTEMPATH\Autoloader\Autoloader.php(285): CodeIgniter\Autoloader\Autoloader->includeFile('D:\\laragon\\www\\music\\app\\Controllers\\Playlist.php')
 2 SYSTEMPATH\Autoloader\Autoloader.php(263): CodeIgniter\Autoloader\Autoloader->loadInNamespace('App\\Controllers\\Playlist')
 3 [internal function]: CodeIgniter\Autoloader\Autoloader->loadClass('App\\Controllers\\Playlist')
 4 SYSTEMPATH\CodeIgniter.php(877): class_exists('\\App\\Controllers\\Playlist', true)
 5 SYSTEMPATH\CodeIgniter.php(481): CodeIgniter\CodeIgniter->startController()
 6 SYSTEMPATH\CodeIgniter.php(353): CodeIgniter\CodeIgniter->handleRequest(null, Object(Config\Cache), false)
 7 FCPATH\index.php(79): CodeIgniter\CodeIgniter->run()
 8 SYSTEMPATH\Commands\Server\rewrite.php(47): require_once('D:\\laragon\\www\\music\\public\\index.php')
CRITICAL - 2023-09-24 13:02:59 --> The original file is not a valid file.
in SYSTEMPATH\HTTP\Files\UploadedFile.php on line 146.
 1 SYSTEMPATH\HTTP\Files\UploadedFile.php(146): CodeIgniter\HTTP\Exceptions\HTTPException::forInvalidFile()
 2 APPPATH\Controllers\Playlist.php(55): CodeIgniter\HTTP\Files\UploadedFile->move('D:\\laragon\\www\\music\\writable\\uploads/audio/', '1695560579_b2e204b517910cfcca72.mp3')
 3 SYSTEMPATH\CodeIgniter.php(919): App\Controllers\Playlist->uploadaudio()
 4 SYSTEMPATH\CodeIgniter.php(494): CodeIgniter\CodeIgniter->runController(Object(App\Controllers\Playlist))
 5 SYSTEMPATH\CodeIgniter.php(353): CodeIgniter\CodeIgniter->handleRequest(null, Object(Config\Cache), false)
 6 FCPATH\index.php(79): CodeIgniter\CodeIgniter->run()
 7 SYSTEMPATH\Commands\Server\rewrite.php(47): require_once('D:\\laragon\\www\\music\\public\\index.php')
CRITICAL - 2023-09-24 13:05:21 --> Call to undefined method CodeIgniter\HTTP\Files\UploadedFile::isEmpty()
in APPPATH\Controllers\Playlist.php on line 49.
 1 SYSTEMPATH\CodeIgniter.php(919): App\Controllers\Playlist->uploadaudio()
 2 SYSTEMPATH\CodeIgniter.php(494): CodeIgniter\CodeIgniter->runController(Object(App\Controllers\Playlist))
 3 SYSTEMPATH\CodeIgniter.php(353): CodeIgniter\CodeIgniter->handleRequest(null, Object(Config\Cache), false)
 4 FCPATH\index.php(79): CodeIgniter\CodeIgniter->run()
 5 SYSTEMPATH\Commands\Server\rewrite.php(47): require_once('D:\\laragon\\www\\music\\public\\index.php')
CRITICAL - 2023-09-24 13:07:58 --> syntax error, unexpected token ";", expecting "function" or "const"
in APPPATH\Controllers\Playlist.php on line 88.
 1 SYSTEMPATH\Autoloader\Autoloader.php(285): CodeIgniter\Autoloader\Autoloader->includeFile('D:\\laragon\\www\\music\\app\\Controllers\\Playlist.php')
 2 SYSTEMPATH\Autoloader\Autoloader.php(263): CodeIgniter\Autoloader\Autoloader->loadInNamespace('App\\Controllers\\Playlist')
 3 [internal function]: CodeIgniter\Autoloader\Autoloader->loadClass('App\\Controllers\\Playlist')
 4 SYSTEMPATH\CodeIgniter.php(877): class_exists('\\App\\Controllers\\Playlist', true)
 5 SYSTEMPATH\CodeIgniter.php(481): CodeIgniter\CodeIgniter->startController()
 6 SYSTEMPATH\CodeIgniter.php(353): CodeIgniter\CodeIgniter->handleRequest(null, Object(Config\Cache), false)
 7 FCPATH\index.php(79): CodeIgniter\CodeIgniter->run()
 8 SYSTEMPATH\Commands\Server\rewrite.php(47): require_once('D:\\laragon\\www\\music\\public\\index.php')
CRITICAL - 2023-09-24 13:08:42 --> Call to undefined method CodeIgniter\HTTP\Files\UploadedFile::isEmpty()
in APPPATH\Controllers\Playlist.php on line 49.
 1 SYSTEMPATH\CodeIgniter.php(919): App\Controllers\Playlist->uploadaudio()
 2 SYSTEMPATH\CodeIgniter.php(494): CodeIgniter\CodeIgniter->runController(Object(App\Controllers\Playlist))
 3 SYSTEMPATH\CodeIgniter.php(353): CodeIgniter\CodeIgniter->handleRequest(null, Object(Config\Cache), false)
 4 FCPATH\index.php(79): CodeIgniter\CodeIgniter->run()
 5 SYSTEMPATH\Commands\Server\rewrite.php(47): require_once('D:\\laragon\\www\\music\\public\\index.php')
CRITICAL - 2023-09-24 13:11:40 --> Call to undefined method CodeIgniter\HTTP\Files\UploadedFile::isEmpty()
in APPPATH\Controllers\Playlist.php on line 49.
 1 SYSTEMPATH\CodeIgniter.php(919): App\Controllers\Playlist->uploadaudio()
 2 SYSTEMPATH\CodeIgniter.php(494): CodeIgniter\CodeIgniter->runController(Object(App\Controllers\Playlist))
 3 SYSTEMPATH\CodeIgniter.php(353): CodeIgniter\CodeIgniter->handleRequest(null, Object(Config\Cache), false)
 4 FCPATH\index.php(79): CodeIgniter\CodeIgniter->run()
 5 SYSTEMPATH\Commands\Server\rewrite.php(47): require_once('D:\\laragon\\www\\music\\public\\index.php')
CRITICAL - 2023-09-24 13:13:10 --> Call to undefined method CodeIgniter\HTTP\Files\UploadedFile::isEmpty()
in APPPATH\Controllers\Playlist.php on line 49.
 1 SYSTEMPATH\CodeIgniter.php(919): App\Controllers\Playlist->uploadaudio()
 2 SYSTEMPATH\CodeIgniter.php(494): CodeIgniter\CodeIgniter->runController(Object(App\Controllers\Playlist))
 3 SYSTEMPATH\CodeIgniter.php(353): CodeIgniter\CodeIgniter->handleRequest(null, Object(Config\Cache), false)
 4 FCPATH\index.php(79): CodeIgniter\CodeIgniter->run()
 5 SYSTEMPATH\Commands\Server\rewrite.php(47): require_once('D:\\laragon\\www\\music\\public\\index.php')
CRITICAL - 2023-09-24 13:14:12 --> Call to undefined method CodeIgniter\HTTP\Files\UploadedFile::isEmpty()
in APPPATH\Controllers\Playlist.php on line 49.
 1 SYSTEMPATH\CodeIgniter.php(919): App\Controllers\Playlist->uploadaudio()
 2 SYSTEMPATH\CodeIgniter.php(494): CodeIgniter\CodeIgniter->runController(Object(App\Controllers\Playlist))
 3 SYSTEMPATH\CodeIgniter.php(353): CodeIgniter\CodeIgniter->handleRequest(null, Object(Config\Cache), false)
 4 FCPATH\index.php(79): CodeIgniter\CodeIgniter->run()
 5 SYSTEMPATH\Commands\Server\rewrite.php(47): require_once('D:\\laragon\\www\\music\\public\\index.php')
CRITICAL - 2023-09-24 13:14:28 --> Call to undefined method CodeIgniter\HTTP\Files\UploadedFile::isEmpty()
in APPPATH\Controllers\Playlist.php on line 49.
 1 SYSTEMPATH\CodeIgniter.php(919): App\Controllers\Playlist->uploadaudio()
 2 SYSTEMPATH\CodeIgniter.php(494): CodeIgniter\CodeIgniter->runController(Object(App\Controllers\Playlist))
 3 SYSTEMPATH\CodeIgniter.php(353): CodeIgniter\CodeIgniter->handleRequest(null, Object(Config\Cache), false)
 4 FCPATH\index.php(79): CodeIgniter\CodeIgniter->run()
 5 SYSTEMPATH\Commands\Server\rewrite.php(47): require_once('D:\\laragon\\www\\music\\public\\index.php')
CRITICAL - 2023-09-24 13:15:49 --> Call to undefined method CodeIgniter\HTTP\Files\UploadedFile::isEmpty()
in APPPATH\Controllers\Playlist.php on line 49.
 1 SYSTEMPATH\CodeIgniter.php(919): App\Controllers\Playlist->uploadaudio()
 2 SYSTEMPATH\CodeIgniter.php(494): CodeIgniter\CodeIgniter->runController(Object(App\Controllers\Playlist))
 3 SYSTEMPATH\CodeIgniter.php(353): CodeIgniter\CodeIgniter->handleRequest(null, Object(Config\Cache), false)
 4 FCPATH\index.php(79): CodeIgniter\CodeIgniter->run()
 5 SYSTEMPATH\Commands\Server\rewrite.php(47): require_once('D:\\laragon\\www\\music\\public\\index.php')
CRITICAL - 2023-09-24 13:16:03 --> Call to undefined method CodeIgniter\HTTP\Files\UploadedFile::isEmpty()
in APPPATH\Controllers\Playlist.php on line 49.
 1 SYSTEMPATH\CodeIgniter.php(919): App\Controllers\Playlist->uploadaudio()
 2 SYSTEMPATH\CodeIgniter.php(494): CodeIgniter\CodeIgniter->runController(Object(App\Controllers\Playlist))
 3 SYSTEMPATH\CodeIgniter.php(353): CodeIgniter\CodeIgniter->handleRequest(null, Object(Config\Cache), false)
 4 FCPATH\index.php(79): CodeIgniter\CodeIgniter->run()
 5 SYSTEMPATH\Commands\Server\rewrite.php(47): require_once('D:\\laragon\\www\\music\\public\\index.php')
CRITICAL - 2023-09-24 13:16:19 --> The original file is not a valid file.
in SYSTEMPATH\HTTP\Files\UploadedFile.php on line 146.
 1 SYSTEMPATH\HTTP\Files\UploadedFile.php(146): CodeIgniter\HTTP\Exceptions\HTTPException::forInvalidFile()
 2 APPPATH\Controllers\Playlist.php(55): CodeIgniter\HTTP\Files\UploadedFile->move('D:\\laragon\\www\\music\\writable\\uploads/audio/', '1695561379_a5f4bbe6e6ede856b782.m4a')
 3 SYSTEMPATH\CodeIgniter.php(919): App\Controllers\Playlist->uploadaudio()
 4 SYSTEMPATH\CodeIgniter.php(494): CodeIgniter\CodeIgniter->runController(Object(App\Controllers\Playlist))
 5 SYSTEMPATH\CodeIgniter.php(353): CodeIgniter\CodeIgniter->handleRequest(null, Object(Config\Cache), false)
 6 FCPATH\index.php(79): CodeIgniter\CodeIgniter->run()
 7 SYSTEMPATH\Commands\Server\rewrite.php(47): require_once('D:\\laragon\\www\\music\\public\\index.php')
CRITICAL - 2023-09-24 13:18:43 --> The original file is not a valid file.
in SYSTEMPATH\HTTP\Files\UploadedFile.php on line 146.
 1 SYSTEMPATH\HTTP\Files\UploadedFile.php(146): CodeIgniter\HTTP\Exceptions\HTTPException::forInvalidFile()
 2 APPPATH\Controllers\Playlist.php(51): CodeIgniter\HTTP\Files\UploadedFile->move('D:\\laragon\\www\\music\\writable\\uploads/audio/')
 3 SYSTEMPATH\CodeIgniter.php(919): App\Controllers\Playlist->uploadaudio()
 4 SYSTEMPATH\CodeIgniter.php(494): CodeIgniter\CodeIgniter->runController(Object(App\Controllers\Playlist))
 5 SYSTEMPATH\CodeIgniter.php(353): CodeIgniter\CodeIgniter->handleRequest(null, Object(Config\Cache), false)
 6 FCPATH\index.php(79): CodeIgniter\CodeIgniter->run()
 7 SYSTEMPATH\Commands\Server\rewrite.php(47): require_once('D:\\laragon\\www\\music\\public\\index.php')
CRITICAL - 2023-09-24 13:19:00 --> The original file is not a valid file.
in SYSTEMPATH\HTTP\Files\UploadedFile.php on line 146.
 1 SYSTEMPATH\HTTP\Files\UploadedFile.php(146): CodeIgniter\HTTP\Exceptions\HTTPException::forInvalidFile()
 2 APPPATH\Controllers\Playlist.php(51): CodeIgniter\HTTP\Files\UploadedFile->move('D:\\laragon\\www\\music\\writable\\uploads/audio/')
 3 SYSTEMPATH\CodeIgniter.php(919): App\Controllers\Playlist->uploadaudio()
 4 SYSTEMPATH\CodeIgniter.php(494): CodeIgniter\CodeIgniter->runController(Object(App\Controllers\Playlist))
 5 SYSTEMPATH\CodeIgniter.php(353): CodeIgniter\CodeIgniter->handleRequest(null, Object(Config\Cache), false)
 6 FCPATH\index.php(79): CodeIgniter\CodeIgniter->run()
 7 SYSTEMPATH\Commands\Server\rewrite.php(47): require_once('D:\\laragon\\www\\music\\public\\index.php')
CRITICAL - 2023-09-24 13:39:33 --> Cannot redeclare App\Controllers\Playlist::create()
in APPPATH\Controllers\Playlist.php on line 66.
 1 [internal function]: CodeIgniter\Debug\Exceptions->shutdownHandler()
CRITICAL - 2023-09-24 13:43:53 --> The original file is not a valid file.
in SYSTEMPATH\HTTP\Files\UploadedFile.php on line 146.
 1 SYSTEMPATH\HTTP\Files\UploadedFile.php(146): CodeIgniter\HTTP\Exceptions\HTTPException::forInvalidFile()
 2 APPPATH\Controllers\Playlist.php(77): CodeIgniter\HTTP\Files\UploadedFile->move('D:\\laragon\\www\\music\\writable\\uploads/audio/', '1695563033_148c95ca94f26a999eab.mp3')
 3 SYSTEMPATH\CodeIgniter.php(919): App\Controllers\Playlist->uploadaudio()
 4 SYSTEMPATH\CodeIgniter.php(494): CodeIgniter\CodeIgniter->runController(Object(App\Controllers\Playlist))
 5 SYSTEMPATH\CodeIgniter.php(353): CodeIgniter\CodeIgniter->handleRequest(null, Object(Config\Cache), false)
 6 FCPATH\index.php(79): CodeIgniter\CodeIgniter->run()
 7 SYSTEMPATH\Commands\Server\rewrite.php(47): require_once('D:\\laragon\\www\\music\\public\\index.php')
CRITICAL - 2023-09-24 14:07:00 --> Undefined variable $audioFileee
in APPPATH\Controllers\Playlist.php on line 77.
 1 APPPATH\Controllers\Playlist.php(77): CodeIgniter\Debug\Exceptions->errorHandler(2, 'Undefined variable $audioFileee', 'D:\\laragon\\www\\music\\app\\Controllers\\Playlist.php', 77)
 2 SYSTEMPATH\CodeIgniter.php(919): App\Controllers\Playlist->uploadaudio()
 3 SYSTEMPATH\CodeIgniter.php(494): CodeIgniter\CodeIgniter->runController(Object(App\Controllers\Playlist))
 4 SYSTEMPATH\CodeIgniter.php(353): CodeIgniter\CodeIgniter->handleRequest(null, Object(Config\Cache), false)
 5 FCPATH\index.php(79): CodeIgniter\CodeIgniter->run()
 6 SYSTEMPATH\Commands\Server\rewrite.php(47): require_once('D:\\laragon\\www\\music\\public\\index.php')
CRITICAL - 2023-09-24 14:07:49 --> syntax error, unexpected token ";", expecting "function" or "const"
in APPPATH\Controllers\Playlist.php on line 98.
 1 SYSTEMPATH\Autoloader\Autoloader.php(285): CodeIgniter\Autoloader\Autoloader->includeFile('D:\\laragon\\www\\music\\app\\Controllers\\Playlist.php')
 2 SYSTEMPATH\Autoloader\Autoloader.php(263): CodeIgniter\Autoloader\Autoloader->loadInNamespace('App\\Controllers\\Playlist')
 3 [internal function]: CodeIgniter\Autoloader\Autoloader->loadClass('App\\Controllers\\Playlist')
 4 SYSTEMPATH\CodeIgniter.php(877): class_exists('\\App\\Controllers\\Playlist', true)
 5 SYSTEMPATH\CodeIgniter.php(481): CodeIgniter\CodeIgniter->startController()
 6 SYSTEMPATH\CodeIgniter.php(353): CodeIgniter\CodeIgniter->handleRequest(null, Object(Config\Cache), false)
 7 FCPATH\index.php(79): CodeIgniter\CodeIgniter->run()
 8 SYSTEMPATH\Commands\Server\rewrite.php(47): require_once('D:\\laragon\\www\\music\\public\\index.php')
CRITICAL - 2023-09-24 14:08:05 --> The original file is not a valid file.
in SYSTEMPATH\HTTP\Files\UploadedFile.php on line 146.
 1 SYSTEMPATH\HTTP\Files\UploadedFile.php(146): CodeIgniter\HTTP\Exceptions\HTTPException::forInvalidFile()
 2 APPPATH\Controllers\Playlist.php(78): CodeIgniter\HTTP\Files\UploadedFile->move('D:\\laragon\\www\\music\\writable\\uploads/audio/', '1695564485_22f0c056f7eb12182ac1.m4a')
 3 SYSTEMPATH\CodeIgniter.php(919): App\Controllers\Playlist->uploadaudio()
 4 SYSTEMPATH\CodeIgniter.php(494): CodeIgniter\CodeIgniter->runController(Object(App\Controllers\Playlist))
 5 SYSTEMPATH\CodeIgniter.php(353): CodeIgniter\CodeIgniter->handleRequest(null, Object(Config\Cache), false)
 6 FCPATH\index.php(79): CodeIgniter\CodeIgniter->run()
 7 SYSTEMPATH\Commands\Server\rewrite.php(47): require_once('D:\\laragon\\www\\music\\public\\index.php')
CRITICAL - 2023-09-24 14:10:38 --> The original file is not a valid file.
in SYSTEMPATH\HTTP\Files\UploadedFile.php on line 146.
 1 SYSTEMPATH\HTTP\Files\UploadedFile.php(146): CodeIgniter\HTTP\Exceptions\HTTPException::forInvalidFile()
 2 APPPATH\Controllers\Playlist.php(78): CodeIgniter\HTTP\Files\UploadedFile->move('D:\\laragon\\www\\music\\writable\\uploads/audio/', '1695564638_f2715f899c6d20931dfd.m4a')
 3 SYSTEMPATH\CodeIgniter.php(919): App\Controllers\Playlist->uploadaudio()
 4 SYSTEMPATH\CodeIgniter.php(494): CodeIgniter\CodeIgniter->runController(Object(App\Controllers\Playlist))
 5 SYSTEMPATH\CodeIgniter.php(353): CodeIgniter\CodeIgniter->handleRequest(null, Object(Config\Cache), false)
 6 FCPATH\index.php(79): CodeIgniter\CodeIgniter->run()
 7 SYSTEMPATH\Commands\Server\rewrite.php(47): require_once('D:\\laragon\\www\\music\\public\\index.php')
CRITICAL - 2023-09-24 14:11:42 --> The original file is not a valid file.
in SYSTEMPATH\HTTP\Files\UploadedFile.php on line 146.
 1 SYSTEMPATH\HTTP\Files\UploadedFile.php(146): CodeIgniter\HTTP\Exceptions\HTTPException::forInvalidFile()
 2 APPPATH\Controllers\Playlist.php(78): CodeIgniter\HTTP\Files\UploadedFile->move('D:\\laragon\\www\\music\\writable\\uploads/audio/', '1695564702_1315dd52dd33bd8ec429.m4a')
 3 SYSTEMPATH\CodeIgniter.php(919): App\Controllers\Playlist->uploadaudio()
 4 SYSTEMPATH\CodeIgniter.php(494): CodeIgniter\CodeIgniter->runController(Object(App\Controllers\Playlist))
 5 SYSTEMPATH\CodeIgniter.php(353): CodeIgniter\CodeIgniter->handleRequest(null, Object(Config\Cache), false)
 6 FCPATH\index.php(79): CodeIgniter\CodeIgniter->run()
 7 SYSTEMPATH\Commands\Server\rewrite.php(47): require_once('D:\\laragon\\www\\music\\public\\index.php')
CRITICAL - 2023-09-24 14:11:56 --> The original file is not a valid file.
in SYSTEMPATH\HTTP\Files\UploadedFile.php on line 146.
 1 SYSTEMPATH\HTTP\Files\UploadedFile.php(146): CodeIgniter\HTTP\Exceptions\HTTPException::forInvalidFile()
 2 APPPATH\Controllers\Playlist.php(78): CodeIgniter\HTTP\Files\UploadedFile->move('D:\\laragon\\www\\music\\writable\\uploads/audio/', '1695564716_874748295b008fd79609.m4a')
 3 SYSTEMPATH\CodeIgniter.php(919): App\Controllers\Playlist->uploadaudio()
 4 SYSTEMPATH\CodeIgniter.php(494): CodeIgniter\CodeIgniter->runController(Object(App\Controllers\Playlist))
 5 SYSTEMPATH\CodeIgniter.php(353): CodeIgniter\CodeIgniter->handleRequest(null, Object(Config\Cache), false)
 6 FCPATH\index.php(79): CodeIgniter\CodeIgniter->run()
 7 SYSTEMPATH\Commands\Server\rewrite.php(47): require_once('D:\\laragon\\www\\music\\public\\index.php')
CRITICAL - 2023-09-24 14:12:34 --> The original file is not a valid file.
in SYSTEMPATH\HTTP\Files\UploadedFile.php on line 146.
 1 SYSTEMPATH\HTTP\Files\UploadedFile.php(146): CodeIgniter\HTTP\Exceptions\HTTPException::forInvalidFile()
 2 APPPATH\Controllers\Playlist.php(80): CodeIgniter\HTTP\Files\UploadedFile->move('D:\\laragon\\www\\music\\writable\\uploads/audio/', '1695564754_5547c80d48c3f5f328e3.m4a')
 3 SYSTEMPATH\CodeIgniter.php(919): App\Controllers\Playlist->uploadaudio()
 4 SYSTEMPATH\CodeIgniter.php(494): CodeIgniter\CodeIgniter->runController(Object(App\Controllers\Playlist))
 5 SYSTEMPATH\CodeIgniter.php(353): CodeIgniter\CodeIgniter->handleRequest(null, Object(Config\Cache), false)
 6 FCPATH\index.php(79): CodeIgniter\CodeIgniter->run()
 7 SYSTEMPATH\Commands\Server\rewrite.php(47): require_once('D:\\laragon\\www\\music\\public\\index.php')
CRITICAL - 2023-09-24 14:12:47 --> The original file is not a valid file.
in SYSTEMPATH\HTTP\Files\UploadedFile.php on line 146.
 1 SYSTEMPATH\HTTP\Files\UploadedFile.php(146): CodeIgniter\HTTP\Exceptions\HTTPException::forInvalidFile()
 2 APPPATH\Controllers\Playlist.php(80): CodeIgniter\HTTP\Files\UploadedFile->move('D:\\laragon\\www\\music\\writable\\uploads/audio/', '1695564767_3a484985a7cc521ee4aa.m4a')
 3 SYSTEMPATH\CodeIgniter.php(919): App\Controllers\Playlist->uploadaudio()
 4 SYSTEMPATH\CodeIgniter.php(494): CodeIgniter\CodeIgniter->runController(Object(App\Controllers\Playlist))
 5 SYSTEMPATH\CodeIgniter.php(353): CodeIgniter\CodeIgniter->handleRequest(null, Object(Config\Cache), false)
 6 FCPATH\index.php(79): CodeIgniter\CodeIgniter->run()
 7 SYSTEMPATH\Commands\Server\rewrite.php(47): require_once('D:\\laragon\\www\\music\\public\\index.php')
CRITICAL - 2023-09-24 14:18:00 --> syntax error, unexpected token ")"
in APPPATH\Controllers\Playlist.php on line 16.
 1 SYSTEMPATH\Autoloader\Autoloader.php(285): CodeIgniter\Autoloader\Autoloader->includeFile('D:\\laragon\\www\\music\\app\\Controllers\\Playlist.php')
 2 SYSTEMPATH\Autoloader\Autoloader.php(263): CodeIgniter\Autoloader\Autoloader->loadInNamespace('App\\Controllers\\Playlist')
 3 [internal function]: CodeIgniter\Autoloader\Autoloader->loadClass('App\\Controllers\\Playlist')
 4 SYSTEMPATH\CodeIgniter.php(877): class_exists('\\App\\Controllers\\Playlist', true)
 5 SYSTEMPATH\CodeIgniter.php(481): CodeIgniter\CodeIgniter->startController()
 6 SYSTEMPATH\CodeIgniter.php(353): CodeIgniter\CodeIgniter->handleRequest(null, Object(Config\Cache), false)
 7 FCPATH\index.php(79): CodeIgniter\CodeIgniter->run()
 8 SYSTEMPATH\Commands\Server\rewrite.php(47): require_once('D:\\laragon\\www\\music\\public\\index.php')
CRITICAL - 2023-09-24 14:18:15 --> The original file is not a valid file.
in SYSTEMPATH\HTTP\Files\UploadedFile.php on line 146.
 1 SYSTEMPATH\HTTP\Files\UploadedFile.php(146): CodeIgniter\HTTP\Exceptions\HTTPException::forInvalidFile()
 2 APPPATH\Controllers\Playlist.php(62): CodeIgniter\HTTP\Files\UploadedFile->move('uploads/audio/', '1695565094_e95c9f424ba904586f0a.m4a')
 3 SYSTEMPATH\CodeIgniter.php(919): App\Controllers\Playlist->uploadaudio()
 4 SYSTEMPATH\CodeIgniter.php(494): CodeIgniter\CodeIgniter->runController(Object(App\Controllers\Playlist))
 5 SYSTEMPATH\CodeIgniter.php(353): CodeIgniter\CodeIgniter->handleRequest(null, Object(Config\Cache), false)
 6 FCPATH\index.php(79): CodeIgniter\CodeIgniter->run()
 7 SYSTEMPATH\Commands\Server\rewrite.php(47): require_once('D:\\laragon\\www\\music\\public\\index.php')
CRITICAL - 2023-09-24 14:18:30 --> The original file is not a valid file.
in SYSTEMPATH\HTTP\Files\UploadedFile.php on line 146.
 1 SYSTEMPATH\HTTP\Files\UploadedFile.php(146): CodeIgniter\HTTP\Exceptions\HTTPException::forInvalidFile()
 2 APPPATH\Controllers\Playlist.php(62): CodeIgniter\HTTP\Files\UploadedFile->move('uploads/audio/', '1695565110_8ec47b1b207045856cfa.m4a')
 3 SYSTEMPATH\CodeIgniter.php(919): App\Controllers\Playlist->uploadaudio()
 4 SYSTEMPATH\CodeIgniter.php(494): CodeIgniter\CodeIgniter->runController(Object(App\Controllers\Playlist))
 5 SYSTEMPATH\CodeIgniter.php(353): CodeIgniter\CodeIgniter->handleRequest(null, Object(Config\Cache), false)
 6 FCPATH\index.php(79): CodeIgniter\CodeIgniter->run()
 7 SYSTEMPATH\Commands\Server\rewrite.php(47): require_once('D:\\laragon\\www\\music\\public\\index.php')
CRITICAL - 2023-09-24 14:19:11 --> The original file is not a valid file.
in SYSTEMPATH\HTTP\Files\UploadedFile.php on line 146.
 1 SYSTEMPATH\HTTP\Files\UploadedFile.php(146): CodeIgniter\HTTP\Exceptions\HTTPException::forInvalidFile()
 2 APPPATH\Controllers\Playlist.php(62): CodeIgniter\HTTP\Files\UploadedFile->move('uploads/audio/', '1695565151_93ab117f40741aefeb29.m4a')
 3 SYSTEMPATH\CodeIgniter.php(919): App\Controllers\Playlist->uploadaudio()
 4 SYSTEMPATH\CodeIgniter.php(494): CodeIgniter\CodeIgniter->runController(Object(App\Controllers\Playlist))
 5 SYSTEMPATH\CodeIgniter.php(353): CodeIgniter\CodeIgniter->handleRequest(null, Object(Config\Cache), false)
 6 FCPATH\index.php(79): CodeIgniter\CodeIgniter->run()
 7 SYSTEMPATH\Commands\Server\rewrite.php(47): require_once('D:\\laragon\\www\\music\\public\\index.php')
CRITICAL - 2023-09-24 14:19:29 --> The original file is not a valid file.
in SYSTEMPATH\HTTP\Files\UploadedFile.php on line 146.
 1 SYSTEMPATH\HTTP\Files\UploadedFile.php(146): CodeIgniter\HTTP\Exceptions\HTTPException::forInvalidFile()
 2 APPPATH\Controllers\Playlist.php(62): CodeIgniter\HTTP\Files\UploadedFile->move('uploads/audio/', '1695565169_052b0dcdc0af6e19b1ec.mp3')
 3 SYSTEMPATH\CodeIgniter.php(919): App\Controllers\Playlist->uploadaudio()
 4 SYSTEMPATH\CodeIgniter.php(494): CodeIgniter\CodeIgniter->runController(Object(App\Controllers\Playlist))
 5 SYSTEMPATH\CodeIgniter.php(353): CodeIgniter\CodeIgniter->handleRequest(null, Object(Config\Cache), false)
 6 FCPATH\index.php(79): CodeIgniter\CodeIgniter->run()
 7 SYSTEMPATH\Commands\Server\rewrite.php(47): require_once('D:\\laragon\\www\\music\\public\\index.php')
CRITICAL - 2023-09-24 14:25:03 --> The original file is not a valid file.
in SYSTEMPATH\HTTP\Files\UploadedFile.php on line 146.
 1 SYSTEMPATH\HTTP\Files\UploadedFile.php(146): CodeIgniter\HTTP\Exceptions\HTTPException::forInvalidFile()
 2 APPPATH\Controllers\Playlist.php(61): CodeIgniter\HTTP\Files\UploadedFile->move('uploads/audio/', '1695565503_8b59aec082eb9b5b9242.mp3')
 3 SYSTEMPATH\CodeIgniter.php(919): App\Controllers\Playlist->uploadaudio()
 4 SYSTEMPATH\CodeIgniter.php(494): CodeIgniter\CodeIgniter->runController(Object(App\Controllers\Playlist))
 5 SYSTEMPATH\CodeIgniter.php(353): CodeIgniter\CodeIgniter->handleRequest(null, Object(Config\Cache), false)
 6 FCPATH\index.php(79): CodeIgniter\CodeIgniter->run()
 7 SYSTEMPATH\Commands\Server\rewrite.php(47): require_once('D:\\laragon\\www\\music\\public\\index.php')
CRITICAL - 2023-09-24 15:20:54 --> syntax error, unexpected token "<"
in APPPATH\Controllers\Playlist.php on line 62.
 1 SYSTEMPATH\Autoloader\Autoloader.php(285): CodeIgniter\Autoloader\Autoloader->includeFile('D:\\laragon\\www\\music\\app\\Controllers\\Playlist.php')
 2 SYSTEMPATH\Autoloader\Autoloader.php(263): CodeIgniter\Autoloader\Autoloader->loadInNamespace('App\\Controllers\\Playlist')
 3 [internal function]: CodeIgniter\Autoloader\Autoloader->loadClass('App\\Controllers\\Playlist')
 4 SYSTEMPATH\CodeIgniter.php(877): class_exists('\\App\\Controllers\\Playlist', true)
 5 SYSTEMPATH\CodeIgniter.php(481): CodeIgniter\CodeIgniter->startController()
 6 SYSTEMPATH\CodeIgniter.php(353): CodeIgniter\CodeIgniter->handleRequest(null, Object(Config\Cache), false)
 7 FCPATH\index.php(79): CodeIgniter\CodeIgniter->run()
 8 SYSTEMPATH\Commands\Server\rewrite.php(47): require_once('D:\\laragon\\www\\music\\public\\index.php')
CRITICAL - 2023-09-24 15:22:02 --> fopen(http://localhost:8080/D:%5Claragon%5Cwww%5Cmusic%5Cwritable%5Cuploads/audio/index.html): Failed to open stream: HTTP wrapper does not support writeable connections
in SYSTEMPATH\HTTP\Files\UploadedFile.php on line 188.
 1 [internal function]: CodeIgniter\Debug\Exceptions->errorHandler(2, 'fopen(http://localhost:8080/D:%5Claragon%5Cwww%5Cmusic%5Cwritable%5Cuploads/audio/index.html): Failed to open stream: HTTP wrapper does not support writeable connections', 'D:\\laragon\\www\\music\\system\\HTTP\\Files\\UploadedFile.php', 188)
 2 SYSTEMPATH\HTTP\Files\UploadedFile.php(188): fopen('http://localhost:8080/D:%5Claragon%5Cwww%5Cmusic%5Cwritable%5Cuploads/audio/index.html', 'x+b')
 3 SYSTEMPATH\HTTP\Files\UploadedFile.php(139): CodeIgniter\HTTP\Files\UploadedFile->setPath('http://localhost:8080/D:%5Claragon%5Cwww%5Cmusic%5Cwritable%5Cuploads/audio/')
 4 APPPATH\Controllers\Playlist.php(66): CodeIgniter\HTTP\Files\UploadedFile->move('http://localhost:8080/D:%5Claragon%5Cwww%5Cmusic%5Cwritable%5Cuploads/audio/', '1695568922_7c650d29f73c9c3199ad.m4a')
 5 SYSTEMPATH\CodeIgniter.php(919): App\Controllers\Playlist->uploadaudio()
 6 SYSTEMPATH\CodeIgniter.php(494): CodeIgniter\CodeIgniter->runController(Object(App\Controllers\Playlist))
 7 SYSTEMPATH\CodeIgniter.php(353): CodeIgniter\CodeIgniter->handleRequest(null, Object(Config\Cache), false)
 8 FCPATH\index.php(79): CodeIgniter\CodeIgniter->run()
 9 SYSTEMPATH\Commands\Server\rewrite.php(47): require_once('D:\\laragon\\www\\music\\public\\index.php')
CRITICAL - 2023-09-24 15:23:19 --> syntax error, unexpected identifier "WRITEPATH"
in APPPATH\Controllers\Playlist.php on line 62.
 1 SYSTEMPATH\Autoloader\Autoloader.php(285): CodeIgniter\Autoloader\Autoloader->includeFile('D:\\laragon\\www\\music\\app\\Controllers\\Playlist.php')
 2 SYSTEMPATH\Autoloader\Autoloader.php(263): CodeIgniter\Autoloader\Autoloader->loadInNamespace('App\\Controllers\\Playlist')
 3 [internal function]: CodeIgniter\Autoloader\Autoloader->loadClass('App\\Controllers\\Playlist')
 4 SYSTEMPATH\CodeIgniter.php(877): class_exists('\\App\\Controllers\\Playlist', true)
 5 SYSTEMPATH\CodeIgniter.php(481): CodeIgniter\CodeIgniter->startController()
 6 SYSTEMPATH\CodeIgniter.php(353): CodeIgniter\CodeIgniter->handleRequest(null, Object(Config\Cache), false)
 7 FCPATH\index.php(79): CodeIgniter\CodeIgniter->run()
 8 SYSTEMPATH\Commands\Server\rewrite.php(47): require_once('D:\\laragon\\www\\music\\public\\index.php')
CRITICAL - 2023-09-24 15:23:59 --> The original file is not a valid file.
in SYSTEMPATH\HTTP\Files\UploadedFile.php on line 146.
 1 SYSTEMPATH\HTTP\Files\UploadedFile.php(146): CodeIgniter\HTTP\Exceptions\HTTPException::forInvalidFile()
 2 APPPATH\Controllers\Playlist.php(66): CodeIgniter\HTTP\Files\UploadedFile->move('D:\\laragon\\www\\music\\writable\\uploads/audio/', '1695569039_8fb868220ecf79870ea5.m4a')
 3 SYSTEMPATH\CodeIgniter.php(919): App\Controllers\Playlist->uploadaudio()
 4 SYSTEMPATH\CodeIgniter.php(494): CodeIgniter\CodeIgniter->runController(Object(App\Controllers\Playlist))
 5 SYSTEMPATH\CodeIgniter.php(353): CodeIgniter\CodeIgniter->handleRequest(null, Object(Config\Cache), false)
 6 FCPATH\index.php(79): CodeIgniter\CodeIgniter->run()
 7 SYSTEMPATH\Commands\Server\rewrite.php(47): require_once('D:\\laragon\\www\\music\\public\\index.php')
CRITICAL - 2023-09-24 15:24:14 --> The original file is not a valid file.
in SYSTEMPATH\HTTP\Files\UploadedFile.php on line 146.
 1 SYSTEMPATH\HTTP\Files\UploadedFile.php(146): CodeIgniter\HTTP\Exceptions\HTTPException::forInvalidFile()
 2 APPPATH\Controllers\Playlist.php(66): CodeIgniter\HTTP\Files\UploadedFile->move('D:\\laragon\\www\\music\\writable\\uploads/audio/', '1695569054_7808f7b6da71d59a9df2.m4a')
 3 SYSTEMPATH\CodeIgniter.php(919): App\Controllers\Playlist->uploadaudio()
 4 SYSTEMPATH\CodeIgniter.php(494): CodeIgniter\CodeIgniter->runController(Object(App\Controllers\Playlist))
 5 SYSTEMPATH\CodeIgniter.php(353): CodeIgniter\CodeIgniter->handleRequest(null, Object(Config\Cache), false)
 6 FCPATH\index.php(79): CodeIgniter\CodeIgniter->run()
 7 SYSTEMPATH\Commands\Server\rewrite.php(47): require_once('D:\\laragon\\www\\music\\public\\index.php')
CRITICAL - 2023-09-24 15:31:33 --> Too few arguments to function App\Controllers\Playlist::uploadaudio(), 0 passed in D:\laragon\www\music\system\CodeIgniter.php on line 919 and exactly 1 expected
in APPPATH\Controllers\Playlist.php on line 55.
 1 SYSTEMPATH\CodeIgniter.php(919): App\Controllers\Playlist->uploadaudio()
 2 SYSTEMPATH\CodeIgniter.php(494): CodeIgniter\CodeIgniter->runController(Object(App\Controllers\Playlist))
 3 SYSTEMPATH\CodeIgniter.php(353): CodeIgniter\CodeIgniter->handleRequest(null, Object(Config\Cache), false)
 4 FCPATH\index.php(79): CodeIgniter\CodeIgniter->run()
 5 SYSTEMPATH\Commands\Server\rewrite.php(47): require_once('D:\\laragon\\www\\music\\public\\index.php')
CRITICAL - 2023-09-24 15:32:34 --> Too few arguments to function App\Controllers\Playlist::uploadaudio(), 0 passed in D:\laragon\www\music\system\CodeIgniter.php on line 919 and exactly 1 expected
in APPPATH\Controllers\Playlist.php on line 55.
 1 SYSTEMPATH\CodeIgniter.php(919): App\Controllers\Playlist->uploadaudio()
 2 SYSTEMPATH\CodeIgniter.php(494): CodeIgniter\CodeIgniter->runController(Object(App\Controllers\Playlist))
 3 SYSTEMPATH\CodeIgniter.php(353): CodeIgniter\CodeIgniter->handleRequest(null, Object(Config\Cache), false)
 4 FCPATH\index.php(79): CodeIgniter\CodeIgniter->run()
 5 SYSTEMPATH\Commands\Server\rewrite.php(47): require_once('D:\\laragon\\www\\music\\public\\index.php')
CRITICAL - 2023-09-24 15:43:36 --> Undefined variable $tempFilePath
in APPPATH\Controllers\Playlist.php on line 61.
 1 APPPATH\Controllers\Playlist.php(61): CodeIgniter\Debug\Exceptions->errorHandler(2, 'Undefined variable $tempFilePath', 'D:\\laragon\\www\\music\\app\\Controllers\\Playlist.php', 61)
 2 SYSTEMPATH\CodeIgniter.php(919): App\Controllers\Playlist->uploadaudio()
 3 SYSTEMPATH\CodeIgniter.php(494): CodeIgniter\CodeIgniter->runController(Object(App\Controllers\Playlist))
 4 SYSTEMPATH\CodeIgniter.php(353): CodeIgniter\CodeIgniter->handleRequest(null, Object(Config\Cache), false)
 5 FCPATH\index.php(79): CodeIgniter\CodeIgniter->run()
 6 SYSTEMPATH\Commands\Server\rewrite.php(47): require_once('D:\\laragon\\www\\music\\public\\index.php')
CRITICAL - 2023-09-24 22:42:58 --> syntax error, unexpected token ";", expecting "]"
in APPPATH\Controllers\Playlist.php on line 67.
 1 SYSTEMPATH\Autoloader\Autoloader.php(285): CodeIgniter\Autoloader\Autoloader->includeFile('D:\\laragon\\www\\music\\app\\Controllers\\Playlist.php')
 2 SYSTEMPATH\Autoloader\Autoloader.php(263): CodeIgniter\Autoloader\Autoloader->loadInNamespace('App\\Controllers\\Playlist')
 3 [internal function]: CodeIgniter\Autoloader\Autoloader->loadClass('App\\Controllers\\Playlist')
 4 SYSTEMPATH\CodeIgniter.php(877): class_exists('\\App\\Controllers\\Playlist', true)
 5 SYSTEMPATH\CodeIgniter.php(481): CodeIgniter\CodeIgniter->startController()
 6 SYSTEMPATH\CodeIgniter.php(353): CodeIgniter\CodeIgniter->handleRequest(null, Object(Config\Cache), false)
 7 FCPATH\index.php(79): CodeIgniter\CodeIgniter->run()
 8 SYSTEMPATH\Commands\Server\rewrite.php(47): require_once('D:\\laragon\\www\\music\\public\\index.php')
CRITICAL - 2023-09-24 22:43:35 --> syntax error, unexpected token ";", expecting "]"
in APPPATH\Controllers\Playlist.php on line 67.
 1 SYSTEMPATH\Autoloader\Autoloader.php(285): CodeIgniter\Autoloader\Autoloader->includeFile('D:\\laragon\\www\\music\\app\\Controllers\\Playlist.php')
 2 SYSTEMPATH\Autoloader\Autoloader.php(263): CodeIgniter\Autoloader\Autoloader->loadInNamespace('App\\Controllers\\Playlist')
 3 [internal function]: CodeIgniter\Autoloader\Autoloader->loadClass('App\\Controllers\\Playlist')
 4 SYSTEMPATH\CodeIgniter.php(877): class_exists('\\App\\Controllers\\Playlist', true)
 5 SYSTEMPATH\CodeIgniter.php(481): CodeIgniter\CodeIgniter->startController()
 6 SYSTEMPATH\CodeIgniter.php(353): CodeIgniter\CodeIgniter->handleRequest(null, Object(Config\Cache), false)
 7 FCPATH\index.php(79): CodeIgniter\CodeIgniter->run()
 8 SYSTEMPATH\Commands\Server\rewrite.php(47): require_once('D:\\laragon\\www\\music\\public\\index.php')
CRITICAL - 2023-09-24 22:43:38 --> syntax error, unexpected token ";", expecting "]"
in APPPATH\Controllers\Playlist.php on line 67.
 1 SYSTEMPATH\Autoloader\Autoloader.php(285): CodeIgniter\Autoloader\Autoloader->includeFile('D:\\laragon\\www\\music\\app\\Controllers\\Playlist.php')
 2 SYSTEMPATH\Autoloader\Autoloader.php(263): CodeIgniter\Autoloader\Autoloader->loadInNamespace('App\\Controllers\\Playlist')
 3 [internal function]: CodeIgniter\Autoloader\Autoloader->loadClass('App\\Controllers\\Playlist')
 4 SYSTEMPATH\CodeIgniter.php(877): class_exists('\\App\\Controllers\\Playlist', true)
 5 SYSTEMPATH\CodeIgniter.php(481): CodeIgniter\CodeIgniter->startController()
 6 SYSTEMPATH\CodeIgniter.php(353): CodeIgniter\CodeIgniter->handleRequest(null, Object(Config\Cache), false)
 7 FCPATH\index.php(79): CodeIgniter\CodeIgniter->run()
 8 SYSTEMPATH\Commands\Server\rewrite.php(47): require_once('D:\\laragon\\www\\music\\public\\index.php')
CRITICAL - 2023-09-24 22:43:38 --> syntax error, unexpected token ";", expecting "]"
in APPPATH\Controllers\Playlist.php on line 67.
 1 SYSTEMPATH\Autoloader\Autoloader.php(285): CodeIgniter\Autoloader\Autoloader->includeFile('D:\\laragon\\www\\music\\app\\Controllers\\Playlist.php')
 2 SYSTEMPATH\Autoloader\Autoloader.php(263): CodeIgniter\Autoloader\Autoloader->loadInNamespace('App\\Controllers\\Playlist')
 3 [internal function]: CodeIgniter\Autoloader\Autoloader->loadClass('App\\Controllers\\Playlist')
 4 SYSTEMPATH\CodeIgniter.php(877): class_exists('\\App\\Controllers\\Playlist', true)
 5 SYSTEMPATH\CodeIgniter.php(481): CodeIgniter\CodeIgniter->startController()
 6 SYSTEMPATH\CodeIgniter.php(353): CodeIgniter\CodeIgniter->handleRequest(null, Object(Config\Cache), false)
 7 FCPATH\index.php(79): CodeIgniter\CodeIgniter->run()
 8 SYSTEMPATH\Commands\Server\rewrite.php(47): require_once('D:\\laragon\\www\\music\\public\\index.php')
CRITICAL - 2023-09-24 22:43:38 --> syntax error, unexpected token ";", expecting "]"
in APPPATH\Controllers\Playlist.php on line 67.
 1 SYSTEMPATH\Autoloader\Autoloader.php(285): CodeIgniter\Autoloader\Autoloader->includeFile('D:\\laragon\\www\\music\\app\\Controllers\\Playlist.php')
 2 SYSTEMPATH\Autoloader\Autoloader.php(263): CodeIgniter\Autoloader\Autoloader->loadInNamespace('App\\Controllers\\Playlist')
 3 [internal function]: CodeIgniter\Autoloader\Autoloader->loadClass('App\\Controllers\\Playlist')
 4 SYSTEMPATH\CodeIgniter.php(877): class_exists('\\App\\Controllers\\Playlist', true)
 5 SYSTEMPATH\CodeIgniter.php(481): CodeIgniter\CodeIgniter->startController()
 6 SYSTEMPATH\CodeIgniter.php(353): CodeIgniter\CodeIgniter->handleRequest(null, Object(Config\Cache), false)
 7 FCPATH\index.php(79): CodeIgniter\CodeIgniter->run()
 8 SYSTEMPATH\Commands\Server\rewrite.php(47): require_once('D:\\laragon\\www\\music\\public\\index.php')
CRITICAL - 2023-09-24 22:43:38 --> syntax error, unexpected token ";", expecting "]"
in APPPATH\Controllers\Playlist.php on line 67.
 1 SYSTEMPATH\Autoloader\Autoloader.php(285): CodeIgniter\Autoloader\Autoloader->includeFile('D:\\laragon\\www\\music\\app\\Controllers\\Playlist.php')
 2 SYSTEMPATH\Autoloader\Autoloader.php(263): CodeIgniter\Autoloader\Autoloader->loadInNamespace('App\\Controllers\\Playlist')
 3 [internal function]: CodeIgniter\Autoloader\Autoloader->loadClass('App\\Controllers\\Playlist')
 4 SYSTEMPATH\CodeIgniter.php(877): class_exists('\\App\\Controllers\\Playlist', true)
 5 SYSTEMPATH\CodeIgniter.php(481): CodeIgniter\CodeIgniter->startController()
 6 SYSTEMPATH\CodeIgniter.php(353): CodeIgniter\CodeIgniter->handleRequest(null, Object(Config\Cache), false)
 7 FCPATH\index.php(79): CodeIgniter\CodeIgniter->run()
 8 SYSTEMPATH\Commands\Server\rewrite.php(47): require_once('D:\\laragon\\www\\music\\public\\index.php')
CRITICAL - 2023-09-24 22:44:08 --> Class "App\Models\TrackModel" not found
in APPPATH\Controllers\Playlist.php on line 58.
 1 SYSTEMPATH\CodeIgniter.php(919): App\Controllers\Playlist->uploadaudio()
 2 SYSTEMPATH\CodeIgniter.php(494): CodeIgniter\CodeIgniter->runController(Object(App\Controllers\Playlist))
 3 SYSTEMPATH\CodeIgniter.php(353): CodeIgniter\CodeIgniter->handleRequest(null, Object(Config\Cache), false)
 4 FCPATH\index.php(79): CodeIgniter\CodeIgniter->run()
 5 SYSTEMPATH\Commands\Server\rewrite.php(47): require_once('D:\\laragon\\www\\music\\public\\index.php')
CRITICAL - 2023-09-24 22:45:11 --> Undefined variable $MusicName
in APPPATH\Controllers\Playlist.php on line 67.
 1 APPPATH\Controllers\Playlist.php(67): CodeIgniter\Debug\Exceptions->errorHandler(2, 'Undefined variable $MusicName', 'D:\\laragon\\www\\music\\app\\Controllers\\Playlist.php', 67)
 2 SYSTEMPATH\CodeIgniter.php(919): App\Controllers\Playlist->uploadaudio()
 3 SYSTEMPATH\CodeIgniter.php(494): CodeIgniter\CodeIgniter->runController(Object(App\Controllers\Playlist))
 4 SYSTEMPATH\CodeIgniter.php(353): CodeIgniter\CodeIgniter->handleRequest(null, Object(Config\Cache), false)
 5 FCPATH\index.php(79): CodeIgniter\CodeIgniter->run()
 6 SYSTEMPATH\Commands\Server\rewrite.php(47): require_once('D:\\laragon\\www\\music\\public\\index.php')
CRITICAL - 2023-09-24 22:45:37 --> Undefined variable $MusicName
in APPPATH\Controllers\Playlist.php on line 67.
 1 APPPATH\Controllers\Playlist.php(67): CodeIgniter\Debug\Exceptions->errorHandler(2, 'Undefined variable $MusicName', 'D:\\laragon\\www\\music\\app\\Controllers\\Playlist.php', 67)
 2 SYSTEMPATH\CodeIgniter.php(919): App\Controllers\Playlist->uploadaudio()
 3 SYSTEMPATH\CodeIgniter.php(494): CodeIgniter\CodeIgniter->runController(Object(App\Controllers\Playlist))
 4 SYSTEMPATH\CodeIgniter.php(353): CodeIgniter\CodeIgniter->handleRequest(null, Object(Config\Cache), false)
 5 FCPATH\index.php(79): CodeIgniter\CodeIgniter->run()
 6 SYSTEMPATH\Commands\Server\rewrite.php(47): require_once('D:\\laragon\\www\\music\\public\\index.php')
ERROR - 2023-09-24 22:46:50 --> mysqli_sql_exception: Column 'audio_file' cannot be null in D:\laragon\www\music\system\Database\MySQLi\Connection.php:306
Stack trace:
#0 D:\laragon\www\music\system\Database\MySQLi\Connection.php(306): mysqli->query('INSERT INTO `tr...', 0)
#1 D:\laragon\www\music\system\Database\BaseConnection.php(692): CodeIgniter\Database\MySQLi\Connection->execute('INSERT INTO `tr...')
#2 D:\laragon\www\music\system\Database\BaseConnection.php(606): CodeIgniter\Database\BaseConnection->simpleQuery('INSERT INTO `tr...')
#3 D:\laragon\www\music\system\Database\BaseBuilder.php(2308): CodeIgniter\Database\BaseConnection->query('INSERT INTO `tr...', Array, false)
#4 D:\laragon\www\music\system\Model.php(319): CodeIgniter\Database\BaseBuilder->insert()
#5 D:\laragon\www\music\system\BaseModel.php(788): CodeIgniter\Model->doInsert(Array)
#6 D:\laragon\www\music\system\Model.php(715): CodeIgniter\BaseModel->insert(Array, false)
#7 D:\laragon\www\music\system\BaseModel.php(698): CodeIgniter\Model->insert(Array, false)
#8 D:\laragon\www\music\app\Controllers\Playlist.php(71): CodeIgniter\BaseModel->save(Array)
#9 D:\laragon\www\music\system\CodeIgniter.php(919): App\Controllers\Playlist->uploadaudio()
#10 D:\laragon\www\music\system\CodeIgniter.php(494): CodeIgniter\CodeIgniter->runController(Object(App\Controllers\Playlist))
#11 D:\laragon\www\music\system\CodeIgniter.php(353): CodeIgniter\CodeIgniter->handleRequest(NULL, Object(Config\Cache), false)
#12 D:\laragon\www\music\public\index.php(79): CodeIgniter\CodeIgniter->run()
#13 D:\laragon\www\music\system\Commands\Server\rewrite.php(47): require_once('D:\\laragon\\www\\...')
#14 {main}
CRITICAL - 2023-09-24 22:46:50 --> Column 'audio_file' cannot be null
in SYSTEMPATH\Database\BaseConnection.php on line 646.
 1 SYSTEMPATH\Database\BaseBuilder.php(2308): CodeIgniter\Database\BaseConnection->query('INSERT INTO `tracks` (`audio_file`) VALUES (:audio_file:)', [...], false)
 2 SYSTEMPATH\Model.php(319): CodeIgniter\Database\BaseBuilder->insert()
 3 SYSTEMPATH\BaseModel.php(788): CodeIgniter\Model->doInsert([...])
 4 SYSTEMPATH\Model.php(715): CodeIgniter\BaseModel->insert([...], false)
 5 SYSTEMPATH\BaseModel.php(698): CodeIgniter\Model->insert([...], false)
 6 APPPATH\Controllers\Playlist.php(71): CodeIgniter\BaseModel->save([...])
 7 SYSTEMPATH\CodeIgniter.php(919): App\Controllers\Playlist->uploadaudio()
 8 SYSTEMPATH\CodeIgniter.php(494): CodeIgniter\CodeIgniter->runController(Object(App\Controllers\Playlist))
 9 SYSTEMPATH\CodeIgniter.php(353): CodeIgniter\CodeIgniter->handleRequest(null, Object(Config\Cache), false)
10 FCPATH\index.php(79): CodeIgniter\CodeIgniter->run()
11 SYSTEMPATH\Commands\Server\rewrite.php(47): require_once('D:\\laragon\\www\\music\\public\\index.php')
ERROR - 2023-09-24 22:47:12 --> mysqli_sql_exception: Column 'audio_file' cannot be null in D:\laragon\www\music\system\Database\MySQLi\Connection.php:306
Stack trace:
#0 D:\laragon\www\music\system\Database\MySQLi\Connection.php(306): mysqli->query('INSERT INTO `tr...', 0)
#1 D:\laragon\www\music\system\Database\BaseConnection.php(692): CodeIgniter\Database\MySQLi\Connection->execute('INSERT INTO `tr...')
#2 D:\laragon\www\music\system\Database\BaseConnection.php(606): CodeIgniter\Database\BaseConnection->simpleQuery('INSERT INTO `tr...')
#3 D:\laragon\www\music\system\Database\BaseBuilder.php(2308): CodeIgniter\Database\BaseConnection->query('INSERT INTO `tr...', Array, false)
#4 D:\laragon\www\music\system\Model.php(319): CodeIgniter\Database\BaseBuilder->insert()
#5 D:\laragon\www\music\system\BaseModel.php(788): CodeIgniter\Model->doInsert(Array)
#6 D:\laragon\www\music\system\Model.php(715): CodeIgniter\BaseModel->insert(Array, false)
#7 D:\laragon\www\music\system\BaseModel.php(698): CodeIgniter\Model->insert(Array, false)
#8 D:\laragon\www\music\app\Controllers\Playlist.php(71): CodeIgniter\BaseModel->save(Array)
#9 D:\laragon\www\music\system\CodeIgniter.php(919): App\Controllers\Playlist->uploadaudio()
#10 D:\laragon\www\music\system\CodeIgniter.php(494): CodeIgniter\CodeIgniter->runController(Object(App\Controllers\Playlist))
#11 D:\laragon\www\music\system\CodeIgniter.php(353): CodeIgniter\CodeIgniter->handleRequest(NULL, Object(Config\Cache), false)
#12 D:\laragon\www\music\public\index.php(79): CodeIgniter\CodeIgniter->run()
#13 D:\laragon\www\music\system\Commands\Server\rewrite.php(47): require_once('D:\\laragon\\www\\...')
#14 {main}
CRITICAL - 2023-09-24 22:47:12 --> Column 'audio_file' cannot be null
in SYSTEMPATH\Database\BaseConnection.php on line 646.
 1 SYSTEMPATH\Database\BaseBuilder.php(2308): CodeIgniter\Database\BaseConnection->query('INSERT INTO `tracks` (`audio_file`) VALUES (:audio_file:)', [...], false)
 2 SYSTEMPATH\Model.php(319): CodeIgniter\Database\BaseBuilder->insert()
 3 SYSTEMPATH\BaseModel.php(788): CodeIgniter\Model->doInsert([...])
 4 SYSTEMPATH\Model.php(715): CodeIgniter\BaseModel->insert([...], false)
 5 SYSTEMPATH\BaseModel.php(698): CodeIgniter\Model->insert([...], false)
 6 APPPATH\Controllers\Playlist.php(71): CodeIgniter\BaseModel->save([...])
 7 SYSTEMPATH\CodeIgniter.php(919): App\Controllers\Playlist->uploadaudio()
 8 SYSTEMPATH\CodeIgniter.php(494): CodeIgniter\CodeIgniter->runController(Object(App\Controllers\Playlist))
 9 SYSTEMPATH\CodeIgniter.php(353): CodeIgniter\CodeIgniter->handleRequest(null, Object(Config\Cache), false)
10 FCPATH\index.php(79): CodeIgniter\CodeIgniter->run()
11 SYSTEMPATH\Commands\Server\rewrite.php(47): require_once('D:\\laragon\\www\\music\\public\\index.php')
CRITICAL - 2023-09-24 22:55:31 --> syntax error, unexpected token ";", expecting "]"
in APPPATH\Controllers\Playlist.php on line 69.
 1 SYSTEMPATH\Autoloader\Autoloader.php(285): CodeIgniter\Autoloader\Autoloader->includeFile('D:\\laragon\\www\\music\\app\\Controllers\\Playlist.php')
 2 SYSTEMPATH\Autoloader\Autoloader.php(263): CodeIgniter\Autoloader\Autoloader->loadInNamespace('App\\Controllers\\Playlist')
 3 [internal function]: CodeIgniter\Autoloader\Autoloader->loadClass('App\\Controllers\\Playlist')
 4 SYSTEMPATH\CodeIgniter.php(877): class_exists('\\App\\Controllers\\Playlist', true)
 5 SYSTEMPATH\CodeIgniter.php(481): CodeIgniter\CodeIgniter->startController()
 6 SYSTEMPATH\CodeIgniter.php(353): CodeIgniter\CodeIgniter->handleRequest(null, Object(Config\Cache), false)
 7 FCPATH\index.php(79): CodeIgniter\CodeIgniter->run()
 8 SYSTEMPATH\Commands\Server\rewrite.php(47): require_once('D:\\laragon\\www\\music\\public\\index.php')
CRITICAL - 2023-09-24 22:55:31 --> syntax error, unexpected token ";", expecting "]"
in APPPATH\Controllers\Playlist.php on line 69.
 1 SYSTEMPATH\Autoloader\Autoloader.php(285): CodeIgniter\Autoloader\Autoloader->includeFile('D:\\laragon\\www\\music\\app\\Controllers\\Playlist.php')
 2 SYSTEMPATH\Autoloader\Autoloader.php(263): CodeIgniter\Autoloader\Autoloader->loadInNamespace('App\\Controllers\\Playlist')
 3 [internal function]: CodeIgniter\Autoloader\Autoloader->loadClass('App\\Controllers\\Playlist')
 4 SYSTEMPATH\CodeIgniter.php(877): class_exists('\\App\\Controllers\\Playlist', true)
 5 SYSTEMPATH\CodeIgniter.php(481): CodeIgniter\CodeIgniter->startController()
 6 SYSTEMPATH\CodeIgniter.php(353): CodeIgniter\CodeIgniter->handleRequest(null, Object(Config\Cache), false)
 7 FCPATH\index.php(79): CodeIgniter\CodeIgniter->run()
 8 SYSTEMPATH\Commands\Server\rewrite.php(47): require_once('D:\\laragon\\www\\music\\public\\index.php')
CRITICAL - 2023-09-24 22:55:31 --> syntax error, unexpected token ";", expecting "]"
in APPPATH\Controllers\Playlist.php on line 69.
 1 SYSTEMPATH\Autoloader\Autoloader.php(285): CodeIgniter\Autoloader\Autoloader->includeFile('D:\\laragon\\www\\music\\app\\Controllers\\Playlist.php')
 2 SYSTEMPATH\Autoloader\Autoloader.php(263): CodeIgniter\Autoloader\Autoloader->loadInNamespace('App\\Controllers\\Playlist')
 3 [internal function]: CodeIgniter\Autoloader\Autoloader->loadClass('App\\Controllers\\Playlist')
 4 SYSTEMPATH\CodeIgniter.php(877): class_exists('\\App\\Controllers\\Playlist', true)
 5 SYSTEMPATH\CodeIgniter.php(481): CodeIgniter\CodeIgniter->startController()
 6 SYSTEMPATH\CodeIgniter.php(353): CodeIgniter\CodeIgniter->handleRequest(null, Object(Config\Cache), false)
 7 FCPATH\index.php(79): CodeIgniter\CodeIgniter->run()
 8 SYSTEMPATH\Commands\Server\rewrite.php(47): require_once('D:\\laragon\\www\\music\\public\\index.php')
CRITICAL - 2023-09-24 22:55:31 --> syntax error, unexpected token ";", expecting "]"
in APPPATH\Controllers\Playlist.php on line 69.
 1 SYSTEMPATH\Autoloader\Autoloader.php(285): CodeIgniter\Autoloader\Autoloader->includeFile('D:\\laragon\\www\\music\\app\\Controllers\\Playlist.php')
 2 SYSTEMPATH\Autoloader\Autoloader.php(263): CodeIgniter\Autoloader\Autoloader->loadInNamespace('App\\Controllers\\Playlist')
 3 [internal function]: CodeIgniter\Autoloader\Autoloader->loadClass('App\\Controllers\\Playlist')
 4 SYSTEMPATH\CodeIgniter.php(877): class_exists('\\App\\Controllers\\Playlist', true)
 5 SYSTEMPATH\CodeIgniter.php(481): CodeIgniter\CodeIgniter->startController()
 6 SYSTEMPATH\CodeIgniter.php(353): CodeIgniter\CodeIgniter->handleRequest(null, Object(Config\Cache), false)
 7 FCPATH\index.php(79): CodeIgniter\CodeIgniter->run()
 8 SYSTEMPATH\Commands\Server\rewrite.php(47): require_once('D:\\laragon\\www\\music\\public\\index.php')
