CRITICAL - 2023-09-27 00:28:43 --> Undefined variable $musicFiles
in APPPATH\Views\view_music.php on line 112.
 1 APPPATH\Views\view_music.php(112): CodeIgniter\Debug\Exceptions->errorHandler(2, 'Undefined variable $musicFiles', 'D:\\laragon\\www\\music\\app\\Views\\view_music.php', 112)
 2 SYSTEMPATH\View\View.php(226): include('D:\\laragon\\www\\music\\app\\Views\\view_music.php')
 3 SYSTEMPATH\View\View.php(229): CodeIgniter\View\View->CodeIgniter\View\{closure}()
 4 SYSTEMPATH\Common.php(1188): CodeIgniter\View\View->render('view_music', [], true)
 5 APPPATH\Controllers\Playlist.php(22): view('view_music', [...])
 6 SYSTEMPATH\CodeIgniter.php(919): App\Controllers\Playlist->index()
 7 SYSTEMPATH\CodeIgniter.php(494): CodeIgniter\CodeIgniter->runController(Object(App\Controllers\Playlist))
 8 SYSTEMPATH\CodeIgniter.php(353): CodeIgniter\CodeIgniter->handleRequest(null, Object(Config\Cache), false)
 9 FCPATH\index.php(79): CodeIgniter\CodeIgniter->run()
10 SYSTEMPATH\Commands\Server\rewrite.php(47): require_once('D:\\laragon\\www\\music\\public\\index.php')
CRITICAL - 2023-09-27 00:33:29 --> Undefined variable $musicFiles
in APPPATH\Views\view_music.php on line 112.
 1 APPPATH\Views\view_music.php(112): CodeIgniter\Debug\Exceptions->errorHandler(2, 'Undefined variable $musicFiles', 'D:\\laragon\\www\\music\\app\\Views\\view_music.php', 112)
 2 SYSTEMPATH\View\View.php(226): include('D:\\laragon\\www\\music\\app\\Views\\view_music.php')
 3 SYSTEMPATH\View\View.php(229): CodeIgniter\View\View->CodeIgniter\View\{closure}()
 4 SYSTEMPATH\Common.php(1188): CodeIgniter\View\View->render('view_music', [], true)
 5 APPPATH\Controllers\Playlist.php(22): view('view_music', [...])
 6 SYSTEMPATH\CodeIgniter.php(919): App\Controllers\Playlist->index()
 7 SYSTEMPATH\CodeIgniter.php(494): CodeIgniter\CodeIgniter->runController(Object(App\Controllers\Playlist))
 8 SYSTEMPATH\CodeIgniter.php(353): CodeIgniter\CodeIgniter->handleRequest(null, Object(Config\Cache), false)
 9 FCPATH\index.php(79): CodeIgniter\CodeIgniter->run()
10 SYSTEMPATH\Commands\Server\rewrite.php(47): require_once('D:\\laragon\\www\\music\\public\\index.php')
CRITICAL - 2023-09-27 00:33:29 --> Undefined variable $musicFiles
in APPPATH\Views\view_music.php on line 112.
 1 APPPATH\Views\view_music.php(112): CodeIgniter\Debug\Exceptions->errorHandler(2, 'Undefined variable $musicFiles', 'D:\\laragon\\www\\music\\app\\Views\\view_music.php', 112)
 2 SYSTEMPATH\View\View.php(226): include('D:\\laragon\\www\\music\\app\\Views\\view_music.php')
 3 SYSTEMPATH\View\View.php(229): CodeIgniter\View\View->CodeIgniter\View\{closure}()
 4 SYSTEMPATH\Common.php(1188): CodeIgniter\View\View->render('view_music', [], true)
 5 APPPATH\Controllers\Playlist.php(22): view('view_music', [...])
 6 SYSTEMPATH\CodeIgniter.php(919): App\Controllers\Playlist->index()
 7 SYSTEMPATH\CodeIgniter.php(494): CodeIgniter\CodeIgniter->runController(Object(App\Controllers\Playlist))
 8 SYSTEMPATH\CodeIgniter.php(353): CodeIgniter\CodeIgniter->handleRequest(null, Object(Config\Cache), false)
 9 FCPATH\index.php(79): CodeIgniter\CodeIgniter->run()
10 SYSTEMPATH\Commands\Server\rewrite.php(47): require_once('D:\\laragon\\www\\music\\public\\index.php')
CRITICAL - 2023-09-27 00:35:50 --> Undefined variable $musicFiles
in APPPATH\Views\view_music.php on line 112.
 1 APPPATH\Views\view_music.php(112): CodeIgniter\Debug\Exceptions->errorHandler(2, 'Undefined variable $musicFiles', 'D:\\laragon\\www\\music\\app\\Views\\view_music.php', 112)
 2 SYSTEMPATH\View\View.php(226): include('D:\\laragon\\www\\music\\app\\Views\\view_music.php')
 3 SYSTEMPATH\View\View.php(229): CodeIgniter\View\View->CodeIgniter\View\{closure}()
 4 SYSTEMPATH\Common.php(1188): CodeIgniter\View\View->render('view_music', [], true)
 5 APPPATH\Controllers\Playlist.php(22): view('view_music', [...])
 6 SYSTEMPATH\CodeIgniter.php(919): App\Controllers\Playlist->index()
 7 SYSTEMPATH\CodeIgniter.php(494): CodeIgniter\CodeIgniter->runController(Object(App\Controllers\Playlist))
 8 SYSTEMPATH\CodeIgniter.php(353): CodeIgniter\CodeIgniter->handleRequest(null, Object(Config\Cache), false)
 9 FCPATH\index.php(79): CodeIgniter\CodeIgniter->run()
10 SYSTEMPATH\Commands\Server\rewrite.php(47): require_once('D:\\laragon\\www\\music\\public\\index.php')
CRITICAL - 2023-09-27 00:36:27 --> Undefined variable $musicFiles
in APPPATH\Views\view_music.php on line 112.
 1 APPPATH\Views\view_music.php(112): CodeIgniter\Debug\Exceptions->errorHandler(2, 'Undefined variable $musicFiles', 'D:\\laragon\\www\\music\\app\\Views\\view_music.php', 112)
 2 SYSTEMPATH\View\View.php(226): include('D:\\laragon\\www\\music\\app\\Views\\view_music.php')
 3 SYSTEMPATH\View\View.php(229): CodeIgniter\View\View->CodeIgniter\View\{closure}()
 4 SYSTEMPATH\Common.php(1188): CodeIgniter\View\View->render('view_music', [], true)
 5 APPPATH\Controllers\Playlist.php(22): view('view_music', [...])
 6 SYSTEMPATH\CodeIgniter.php(919): App\Controllers\Playlist->index()
 7 SYSTEMPATH\CodeIgniter.php(494): CodeIgniter\CodeIgniter->runController(Object(App\Controllers\Playlist))
 8 SYSTEMPATH\CodeIgniter.php(353): CodeIgniter\CodeIgniter->handleRequest(null, Object(Config\Cache), false)
 9 FCPATH\index.php(79): CodeIgniter\CodeIgniter->run()
10 SYSTEMPATH\Commands\Server\rewrite.php(47): require_once('D:\\laragon\\www\\music\\public\\index.php')
CRITICAL - 2023-09-27 00:36:28 --> Undefined variable $musicFiles
in APPPATH\Views\view_music.php on line 112.
 1 APPPATH\Views\view_music.php(112): CodeIgniter\Debug\Exceptions->errorHandler(2, 'Undefined variable $musicFiles', 'D:\\laragon\\www\\music\\app\\Views\\view_music.php', 112)
 2 SYSTEMPATH\View\View.php(226): include('D:\\laragon\\www\\music\\app\\Views\\view_music.php')
 3 SYSTEMPATH\View\View.php(229): CodeIgniter\View\View->CodeIgniter\View\{closure}()
 4 SYSTEMPATH\Common.php(1188): CodeIgniter\View\View->render('view_music', [], true)
 5 APPPATH\Controllers\Playlist.php(22): view('view_music', [...])
 6 SYSTEMPATH\CodeIgniter.php(919): App\Controllers\Playlist->index()
 7 SYSTEMPATH\CodeIgniter.php(494): CodeIgniter\CodeIgniter->runController(Object(App\Controllers\Playlist))
 8 SYSTEMPATH\CodeIgniter.php(353): CodeIgniter\CodeIgniter->handleRequest(null, Object(Config\Cache), false)
 9 FCPATH\index.php(79): CodeIgniter\CodeIgniter->run()
10 SYSTEMPATH\Commands\Server\rewrite.php(47): require_once('D:\\laragon\\www\\music\\public\\index.php')
CRITICAL - 2023-09-27 00:36:28 --> Undefined variable $musicFiles
in APPPATH\Views\view_music.php on line 112.
 1 APPPATH\Views\view_music.php(112): CodeIgniter\Debug\Exceptions->errorHandler(2, 'Undefined variable $musicFiles', 'D:\\laragon\\www\\music\\app\\Views\\view_music.php', 112)
 2 SYSTEMPATH\View\View.php(226): include('D:\\laragon\\www\\music\\app\\Views\\view_music.php')
 3 SYSTEMPATH\View\View.php(229): CodeIgniter\View\View->CodeIgniter\View\{closure}()
 4 SYSTEMPATH\Common.php(1188): CodeIgniter\View\View->render('view_music', [], true)
 5 APPPATH\Controllers\Playlist.php(22): view('view_music', [...])
 6 SYSTEMPATH\CodeIgniter.php(919): App\Controllers\Playlist->index()
 7 SYSTEMPATH\CodeIgniter.php(494): CodeIgniter\CodeIgniter->runController(Object(App\Controllers\Playlist))
 8 SYSTEMPATH\CodeIgniter.php(353): CodeIgniter\CodeIgniter->handleRequest(null, Object(Config\Cache), false)
 9 FCPATH\index.php(79): CodeIgniter\CodeIgniter->run()
10 SYSTEMPATH\Commands\Server\rewrite.php(47): require_once('D:\\laragon\\www\\music\\public\\index.php')
CRITICAL - 2023-09-27 00:36:33 --> Undefined variable $musicFiles
in APPPATH\Views\view_music.php on line 112.
 1 APPPATH\Views\view_music.php(112): CodeIgniter\Debug\Exceptions->errorHandler(2, 'Undefined variable $musicFiles', 'D:\\laragon\\www\\music\\app\\Views\\view_music.php', 112)
 2 SYSTEMPATH\View\View.php(226): include('D:\\laragon\\www\\music\\app\\Views\\view_music.php')
 3 SYSTEMPATH\View\View.php(229): CodeIgniter\View\View->CodeIgniter\View\{closure}()
 4 SYSTEMPATH\Common.php(1188): CodeIgniter\View\View->render('view_music', [], true)
 5 APPPATH\Controllers\Playlist.php(22): view('view_music', [...])
 6 SYSTEMPATH\CodeIgniter.php(919): App\Controllers\Playlist->index()
 7 SYSTEMPATH\CodeIgniter.php(494): CodeIgniter\CodeIgniter->runController(Object(App\Controllers\Playlist))
 8 SYSTEMPATH\CodeIgniter.php(353): CodeIgniter\CodeIgniter->handleRequest(null, Object(Config\Cache), false)
 9 FCPATH\index.php(79): CodeIgniter\CodeIgniter->run()
10 SYSTEMPATH\Commands\Server\rewrite.php(47): require_once('D:\\laragon\\www\\music\\public\\index.php')
CRITICAL - 2023-09-27 00:36:33 --> Undefined variable $musicFiles
in APPPATH\Views\view_music.php on line 112.
 1 APPPATH\Views\view_music.php(112): CodeIgniter\Debug\Exceptions->errorHandler(2, 'Undefined variable $musicFiles', 'D:\\laragon\\www\\music\\app\\Views\\view_music.php', 112)
 2 SYSTEMPATH\View\View.php(226): include('D:\\laragon\\www\\music\\app\\Views\\view_music.php')
 3 SYSTEMPATH\View\View.php(229): CodeIgniter\View\View->CodeIgniter\View\{closure}()
 4 SYSTEMPATH\Common.php(1188): CodeIgniter\View\View->render('view_music', [], true)
 5 APPPATH\Controllers\Playlist.php(22): view('view_music', [...])
 6 SYSTEMPATH\CodeIgniter.php(919): App\Controllers\Playlist->index()
 7 SYSTEMPATH\CodeIgniter.php(494): CodeIgniter\CodeIgniter->runController(Object(App\Controllers\Playlist))
 8 SYSTEMPATH\CodeIgniter.php(353): CodeIgniter\CodeIgniter->handleRequest(null, Object(Config\Cache), false)
 9 FCPATH\index.php(79): CodeIgniter\CodeIgniter->run()
10 SYSTEMPATH\Commands\Server\rewrite.php(47): require_once('D:\\laragon\\www\\music\\public\\index.php')
CRITICAL - 2023-09-27 00:36:33 --> Undefined variable $musicFiles
in APPPATH\Views\view_music.php on line 112.
 1 APPPATH\Views\view_music.php(112): CodeIgniter\Debug\Exceptions->errorHandler(2, 'Undefined variable $musicFiles', 'D:\\laragon\\www\\music\\app\\Views\\view_music.php', 112)
 2 SYSTEMPATH\View\View.php(226): include('D:\\laragon\\www\\music\\app\\Views\\view_music.php')
 3 SYSTEMPATH\View\View.php(229): CodeIgniter\View\View->CodeIgniter\View\{closure}()
 4 SYSTEMPATH\Common.php(1188): CodeIgniter\View\View->render('view_music', [], true)
 5 APPPATH\Controllers\Playlist.php(22): view('view_music', [...])
 6 SYSTEMPATH\CodeIgniter.php(919): App\Controllers\Playlist->index()
 7 SYSTEMPATH\CodeIgniter.php(494): CodeIgniter\CodeIgniter->runController(Object(App\Controllers\Playlist))
 8 SYSTEMPATH\CodeIgniter.php(353): CodeIgniter\CodeIgniter->handleRequest(null, Object(Config\Cache), false)
 9 FCPATH\index.php(79): CodeIgniter\CodeIgniter->run()
10 SYSTEMPATH\Commands\Server\rewrite.php(47): require_once('D:\\laragon\\www\\music\\public\\index.php')
CRITICAL - 2023-09-27 00:36:41 --> Undefined variable $musicFiles
in APPPATH\Views\view_music.php on line 112.
 1 APPPATH\Views\view_music.php(112): CodeIgniter\Debug\Exceptions->errorHandler(2, 'Undefined variable $musicFiles', 'D:\\laragon\\www\\music\\app\\Views\\view_music.php', 112)
 2 SYSTEMPATH\View\View.php(226): include('D:\\laragon\\www\\music\\app\\Views\\view_music.php')
 3 SYSTEMPATH\View\View.php(229): CodeIgniter\View\View->CodeIgniter\View\{closure}()
 4 SYSTEMPATH\Common.php(1188): CodeIgniter\View\View->render('view_music', [], true)
 5 APPPATH\Controllers\Playlist.php(22): view('view_music', [...])
 6 SYSTEMPATH\CodeIgniter.php(919): App\Controllers\Playlist->index()
 7 SYSTEMPATH\CodeIgniter.php(494): CodeIgniter\CodeIgniter->runController(Object(App\Controllers\Playlist))
 8 SYSTEMPATH\CodeIgniter.php(353): CodeIgniter\CodeIgniter->handleRequest(null, Object(Config\Cache), false)
 9 FCPATH\index.php(79): CodeIgniter\CodeIgniter->run()
10 SYSTEMPATH\Commands\Server\rewrite.php(47): require_once('D:\\laragon\\www\\music\\public\\index.php')
CRITICAL - 2023-09-27 00:39:24 --> Undefined variable $files
in APPPATH\Views\view_music.php on line 112.
 1 APPPATH\Views\view_music.php(112): CodeIgniter\Debug\Exceptions->errorHandler(2, 'Undefined variable $files', 'D:\\laragon\\www\\music\\app\\Views\\view_music.php', 112)
 2 SYSTEMPATH\View\View.php(226): include('D:\\laragon\\www\\music\\app\\Views\\view_music.php')
 3 SYSTEMPATH\View\View.php(229): CodeIgniter\View\View->CodeIgniter\View\{closure}()
 4 SYSTEMPATH\Common.php(1188): CodeIgniter\View\View->render('view_music', [], true)
 5 APPPATH\Controllers\Playlist.php(22): view('view_music', [...])
 6 SYSTEMPATH\CodeIgniter.php(919): App\Controllers\Playlist->index()
 7 SYSTEMPATH\CodeIgniter.php(494): CodeIgniter\CodeIgniter->runController(Object(App\Controllers\Playlist))
 8 SYSTEMPATH\CodeIgniter.php(353): CodeIgniter\CodeIgniter->handleRequest(null, Object(Config\Cache), false)
 9 FCPATH\index.php(79): CodeIgniter\CodeIgniter->run()
10 SYSTEMPATH\Commands\Server\rewrite.php(47): require_once('D:\\laragon\\www\\music\\public\\index.php')
CRITICAL - 2023-09-27 00:39:25 --> Undefined variable $files
in APPPATH\Views\view_music.php on line 112.
 1 APPPATH\Views\view_music.php(112): CodeIgniter\Debug\Exceptions->errorHandler(2, 'Undefined variable $files', 'D:\\laragon\\www\\music\\app\\Views\\view_music.php', 112)
 2 SYSTEMPATH\View\View.php(226): include('D:\\laragon\\www\\music\\app\\Views\\view_music.php')
 3 SYSTEMPATH\View\View.php(229): CodeIgniter\View\View->CodeIgniter\View\{closure}()
 4 SYSTEMPATH\Common.php(1188): CodeIgniter\View\View->render('view_music', [], true)
 5 APPPATH\Controllers\Playlist.php(22): view('view_music', [...])
 6 SYSTEMPATH\CodeIgniter.php(919): App\Controllers\Playlist->index()
 7 SYSTEMPATH\CodeIgniter.php(494): CodeIgniter\CodeIgniter->runController(Object(App\Controllers\Playlist))
 8 SYSTEMPATH\CodeIgniter.php(353): CodeIgniter\CodeIgniter->handleRequest(null, Object(Config\Cache), false)
 9 FCPATH\index.php(79): CodeIgniter\CodeIgniter->run()
10 SYSTEMPATH\Commands\Server\rewrite.php(47): require_once('D:\\laragon\\www\\music\\public\\index.php')
CRITICAL - 2023-09-27 00:39:25 --> Undefined variable $files
in APPPATH\Views\view_music.php on line 112.
 1 APPPATH\Views\view_music.php(112): CodeIgniter\Debug\Exceptions->errorHandler(2, 'Undefined variable $files', 'D:\\laragon\\www\\music\\app\\Views\\view_music.php', 112)
 2 SYSTEMPATH\View\View.php(226): include('D:\\laragon\\www\\music\\app\\Views\\view_music.php')
 3 SYSTEMPATH\View\View.php(229): CodeIgniter\View\View->CodeIgniter\View\{closure}()
 4 SYSTEMPATH\Common.php(1188): CodeIgniter\View\View->render('view_music', [], true)
 5 APPPATH\Controllers\Playlist.php(22): view('view_music', [...])
 6 SYSTEMPATH\CodeIgniter.php(919): App\Controllers\Playlist->index()
 7 SYSTEMPATH\CodeIgniter.php(494): CodeIgniter\CodeIgniter->runController(Object(App\Controllers\Playlist))
 8 SYSTEMPATH\CodeIgniter.php(353): CodeIgniter\CodeIgniter->handleRequest(null, Object(Config\Cache), false)
 9 FCPATH\index.php(79): CodeIgniter\CodeIgniter->run()
10 SYSTEMPATH\Commands\Server\rewrite.php(47): require_once('D:\\laragon\\www\\music\\public\\index.php')
CRITICAL - 2023-09-27 00:39:48 --> Undefined variable $file
in APPPATH\Views\view_music.php on line 112.
 1 APPPATH\Views\view_music.php(112): CodeIgniter\Debug\Exceptions->errorHandler(2, 'Undefined variable $file', 'D:\\laragon\\www\\music\\app\\Views\\view_music.php', 112)
 2 SYSTEMPATH\View\View.php(226): include('D:\\laragon\\www\\music\\app\\Views\\view_music.php')
 3 SYSTEMPATH\View\View.php(229): CodeIgniter\View\View->CodeIgniter\View\{closure}()
 4 SYSTEMPATH\Common.php(1188): CodeIgniter\View\View->render('view_music', [], true)
 5 APPPATH\Controllers\Playlist.php(22): view('view_music', [...])
 6 SYSTEMPATH\CodeIgniter.php(919): App\Controllers\Playlist->index()
 7 SYSTEMPATH\CodeIgniter.php(494): CodeIgniter\CodeIgniter->runController(Object(App\Controllers\Playlist))
 8 SYSTEMPATH\CodeIgniter.php(353): CodeIgniter\CodeIgniter->handleRequest(null, Object(Config\Cache), false)
 9 FCPATH\index.php(79): CodeIgniter\CodeIgniter->run()
10 SYSTEMPATH\Commands\Server\rewrite.php(47): require_once('D:\\laragon\\www\\music\\public\\index.php')
CRITICAL - 2023-09-27 00:39:49 --> Undefined variable $file
in APPPATH\Views\view_music.php on line 112.
 1 APPPATH\Views\view_music.php(112): CodeIgniter\Debug\Exceptions->errorHandler(2, 'Undefined variable $file', 'D:\\laragon\\www\\music\\app\\Views\\view_music.php', 112)
 2 SYSTEMPATH\View\View.php(226): include('D:\\laragon\\www\\music\\app\\Views\\view_music.php')
 3 SYSTEMPATH\View\View.php(229): CodeIgniter\View\View->CodeIgniter\View\{closure}()
 4 SYSTEMPATH\Common.php(1188): CodeIgniter\View\View->render('view_music', [], true)
 5 APPPATH\Controllers\Playlist.php(22): view('view_music', [...])
 6 SYSTEMPATH\CodeIgniter.php(919): App\Controllers\Playlist->index()
 7 SYSTEMPATH\CodeIgniter.php(494): CodeIgniter\CodeIgniter->runController(Object(App\Controllers\Playlist))
 8 SYSTEMPATH\CodeIgniter.php(353): CodeIgniter\CodeIgniter->handleRequest(null, Object(Config\Cache), false)
 9 FCPATH\index.php(79): CodeIgniter\CodeIgniter->run()
10 SYSTEMPATH\Commands\Server\rewrite.php(47): require_once('D:\\laragon\\www\\music\\public\\index.php')
CRITICAL - 2023-09-27 00:39:50 --> Undefined variable $file
in APPPATH\Views\view_music.php on line 112.
 1 APPPATH\Views\view_music.php(112): CodeIgniter\Debug\Exceptions->errorHandler(2, 'Undefined variable $file', 'D:\\laragon\\www\\music\\app\\Views\\view_music.php', 112)
 2 SYSTEMPATH\View\View.php(226): include('D:\\laragon\\www\\music\\app\\Views\\view_music.php')
 3 SYSTEMPATH\View\View.php(229): CodeIgniter\View\View->CodeIgniter\View\{closure}()
 4 SYSTEMPATH\Common.php(1188): CodeIgniter\View\View->render('view_music', [], true)
 5 APPPATH\Controllers\Playlist.php(22): view('view_music', [...])
 6 SYSTEMPATH\CodeIgniter.php(919): App\Controllers\Playlist->index()
 7 SYSTEMPATH\CodeIgniter.php(494): CodeIgniter\CodeIgniter->runController(Object(App\Controllers\Playlist))
 8 SYSTEMPATH\CodeIgniter.php(353): CodeIgniter\CodeIgniter->handleRequest(null, Object(Config\Cache), false)
 9 FCPATH\index.php(79): CodeIgniter\CodeIgniter->run()
10 SYSTEMPATH\Commands\Server\rewrite.php(47): require_once('D:\\laragon\\www\\music\\public\\index.php')
CRITICAL - 2023-09-27 00:43:19 --> Undefined variable $musicFiles
in APPPATH\Views\view_music.php on line 112.
 1 APPPATH\Views\view_music.php(112): CodeIgniter\Debug\Exceptions->errorHandler(2, 'Undefined variable $musicFiles', 'D:\\laragon\\www\\music\\app\\Views\\view_music.php', 112)
 2 SYSTEMPATH\View\View.php(226): include('D:\\laragon\\www\\music\\app\\Views\\view_music.php')
 3 SYSTEMPATH\View\View.php(229): CodeIgniter\View\View->CodeIgniter\View\{closure}()
 4 SYSTEMPATH\Common.php(1188): CodeIgniter\View\View->render('view_music', [], true)
 5 APPPATH\Controllers\Playlist.php(22): view('view_music', [...])
 6 SYSTEMPATH\CodeIgniter.php(919): App\Controllers\Playlist->index()
 7 SYSTEMPATH\CodeIgniter.php(494): CodeIgniter\CodeIgniter->runController(Object(App\Controllers\Playlist))
 8 SYSTEMPATH\CodeIgniter.php(353): CodeIgniter\CodeIgniter->handleRequest(null, Object(Config\Cache), false)
 9 FCPATH\index.php(79): CodeIgniter\CodeIgniter->run()
10 SYSTEMPATH\Commands\Server\rewrite.php(47): require_once('D:\\laragon\\www\\music\\public\\index.php')
CRITICAL - 2023-09-27 00:43:20 --> Undefined variable $musicFiles
in APPPATH\Views\view_music.php on line 112.
 1 APPPATH\Views\view_music.php(112): CodeIgniter\Debug\Exceptions->errorHandler(2, 'Undefined variable $musicFiles', 'D:\\laragon\\www\\music\\app\\Views\\view_music.php', 112)
 2 SYSTEMPATH\View\View.php(226): include('D:\\laragon\\www\\music\\app\\Views\\view_music.php')
 3 SYSTEMPATH\View\View.php(229): CodeIgniter\View\View->CodeIgniter\View\{closure}()
 4 SYSTEMPATH\Common.php(1188): CodeIgniter\View\View->render('view_music', [], true)
 5 APPPATH\Controllers\Playlist.php(22): view('view_music', [...])
 6 SYSTEMPATH\CodeIgniter.php(919): App\Controllers\Playlist->index()
 7 SYSTEMPATH\CodeIgniter.php(494): CodeIgniter\CodeIgniter->runController(Object(App\Controllers\Playlist))
 8 SYSTEMPATH\CodeIgniter.php(353): CodeIgniter\CodeIgniter->handleRequest(null, Object(Config\Cache), false)
 9 FCPATH\index.php(79): CodeIgniter\CodeIgniter->run()
10 SYSTEMPATH\Commands\Server\rewrite.php(47): require_once('D:\\laragon\\www\\music\\public\\index.php')
CRITICAL - 2023-09-27 00:43:20 --> Undefined variable $musicFiles
in APPPATH\Views\view_music.php on line 112.
 1 APPPATH\Views\view_music.php(112): CodeIgniter\Debug\Exceptions->errorHandler(2, 'Undefined variable $musicFiles', 'D:\\laragon\\www\\music\\app\\Views\\view_music.php', 112)
 2 SYSTEMPATH\View\View.php(226): include('D:\\laragon\\www\\music\\app\\Views\\view_music.php')
 3 SYSTEMPATH\View\View.php(229): CodeIgniter\View\View->CodeIgniter\View\{closure}()
 4 SYSTEMPATH\Common.php(1188): CodeIgniter\View\View->render('view_music', [], true)
 5 APPPATH\Controllers\Playlist.php(22): view('view_music', [...])
 6 SYSTEMPATH\CodeIgniter.php(919): App\Controllers\Playlist->index()
 7 SYSTEMPATH\CodeIgniter.php(494): CodeIgniter\CodeIgniter->runController(Object(App\Controllers\Playlist))
 8 SYSTEMPATH\CodeIgniter.php(353): CodeIgniter\CodeIgniter->handleRequest(null, Object(Config\Cache), false)
 9 FCPATH\index.php(79): CodeIgniter\CodeIgniter->run()
10 SYSTEMPATH\Commands\Server\rewrite.php(47): require_once('D:\\laragon\\www\\music\\public\\index.php')
CRITICAL - 2023-09-27 00:46:04 --> Undefined variable $files
in APPPATH\Views\view_music.php on line 112.
 1 APPPATH\Views\view_music.php(112): CodeIgniter\Debug\Exceptions->errorHandler(2, 'Undefined variable $files', 'D:\\laragon\\www\\music\\app\\Views\\view_music.php', 112)
 2 SYSTEMPATH\View\View.php(226): include('D:\\laragon\\www\\music\\app\\Views\\view_music.php')
 3 SYSTEMPATH\View\View.php(229): CodeIgniter\View\View->CodeIgniter\View\{closure}()
 4 SYSTEMPATH\Common.php(1188): CodeIgniter\View\View->render('view_music', [], true)
 5 APPPATH\Controllers\Playlist.php(22): view('view_music', [...])
 6 SYSTEMPATH\CodeIgniter.php(919): App\Controllers\Playlist->index()
 7 SYSTEMPATH\CodeIgniter.php(494): CodeIgniter\CodeIgniter->runController(Object(App\Controllers\Playlist))
 8 SYSTEMPATH\CodeIgniter.php(353): CodeIgniter\CodeIgniter->handleRequest(null, Object(Config\Cache), false)
 9 FCPATH\index.php(79): CodeIgniter\CodeIgniter->run()
10 SYSTEMPATH\Commands\Server\rewrite.php(47): require_once('D:\\laragon\\www\\music\\public\\index.php')
CRITICAL - 2023-09-27 00:46:04 --> Undefined variable $files
in APPPATH\Views\view_music.php on line 112.
 1 APPPATH\Views\view_music.php(112): CodeIgniter\Debug\Exceptions->errorHandler(2, 'Undefined variable $files', 'D:\\laragon\\www\\music\\app\\Views\\view_music.php', 112)
 2 SYSTEMPATH\View\View.php(226): include('D:\\laragon\\www\\music\\app\\Views\\view_music.php')
 3 SYSTEMPATH\View\View.php(229): CodeIgniter\View\View->CodeIgniter\View\{closure}()
 4 SYSTEMPATH\Common.php(1188): CodeIgniter\View\View->render('view_music', [], true)
 5 APPPATH\Controllers\Playlist.php(22): view('view_music', [...])
 6 SYSTEMPATH\CodeIgniter.php(919): App\Controllers\Playlist->index()
 7 SYSTEMPATH\CodeIgniter.php(494): CodeIgniter\CodeIgniter->runController(Object(App\Controllers\Playlist))
 8 SYSTEMPATH\CodeIgniter.php(353): CodeIgniter\CodeIgniter->handleRequest(null, Object(Config\Cache), false)
 9 FCPATH\index.php(79): CodeIgniter\CodeIgniter->run()
10 SYSTEMPATH\Commands\Server\rewrite.php(47): require_once('D:\\laragon\\www\\music\\public\\index.php')
CRITICAL - 2023-09-27 00:46:14 --> Undefined variable $file
in APPPATH\Views\view_music.php on line 112.
 1 APPPATH\Views\view_music.php(112): CodeIgniter\Debug\Exceptions->errorHandler(2, 'Undefined variable $file', 'D:\\laragon\\www\\music\\app\\Views\\view_music.php', 112)
 2 SYSTEMPATH\View\View.php(226): include('D:\\laragon\\www\\music\\app\\Views\\view_music.php')
 3 SYSTEMPATH\View\View.php(229): CodeIgniter\View\View->CodeIgniter\View\{closure}()
 4 SYSTEMPATH\Common.php(1188): CodeIgniter\View\View->render('view_music', [], true)
 5 APPPATH\Controllers\Playlist.php(22): view('view_music', [...])
 6 SYSTEMPATH\CodeIgniter.php(919): App\Controllers\Playlist->index()
 7 SYSTEMPATH\CodeIgniter.php(494): CodeIgniter\CodeIgniter->runController(Object(App\Controllers\Playlist))
 8 SYSTEMPATH\CodeIgniter.php(353): CodeIgniter\CodeIgniter->handleRequest(null, Object(Config\Cache), false)
 9 FCPATH\index.php(79): CodeIgniter\CodeIgniter->run()
10 SYSTEMPATH\Commands\Server\rewrite.php(47): require_once('D:\\laragon\\www\\music\\public\\index.php')
CRITICAL - 2023-09-27 00:46:23 --> Undefined variable $data
in APPPATH\Views\view_music.php on line 112.
 1 APPPATH\Views\view_music.php(112): CodeIgniter\Debug\Exceptions->errorHandler(2, 'Undefined variable $data', 'D:\\laragon\\www\\music\\app\\Views\\view_music.php', 112)
 2 SYSTEMPATH\View\View.php(226): include('D:\\laragon\\www\\music\\app\\Views\\view_music.php')
 3 SYSTEMPATH\View\View.php(229): CodeIgniter\View\View->CodeIgniter\View\{closure}()
 4 SYSTEMPATH\Common.php(1188): CodeIgniter\View\View->render('view_music', [], true)
 5 APPPATH\Controllers\Playlist.php(22): view('view_music', [...])
 6 SYSTEMPATH\CodeIgniter.php(919): App\Controllers\Playlist->index()
 7 SYSTEMPATH\CodeIgniter.php(494): CodeIgniter\CodeIgniter->runController(Object(App\Controllers\Playlist))
 8 SYSTEMPATH\CodeIgniter.php(353): CodeIgniter\CodeIgniter->handleRequest(null, Object(Config\Cache), false)
 9 FCPATH\index.php(79): CodeIgniter\CodeIgniter->run()
10 SYSTEMPATH\Commands\Server\rewrite.php(47): require_once('D:\\laragon\\www\\music\\public\\index.php')
CRITICAL - 2023-09-27 00:46:24 --> Undefined variable $data
in APPPATH\Views\view_music.php on line 112.
 1 APPPATH\Views\view_music.php(112): CodeIgniter\Debug\Exceptions->errorHandler(2, 'Undefined variable $data', 'D:\\laragon\\www\\music\\app\\Views\\view_music.php', 112)
 2 SYSTEMPATH\View\View.php(226): include('D:\\laragon\\www\\music\\app\\Views\\view_music.php')
 3 SYSTEMPATH\View\View.php(229): CodeIgniter\View\View->CodeIgniter\View\{closure}()
 4 SYSTEMPATH\Common.php(1188): CodeIgniter\View\View->render('view_music', [], true)
 5 APPPATH\Controllers\Playlist.php(22): view('view_music', [...])
 6 SYSTEMPATH\CodeIgniter.php(919): App\Controllers\Playlist->index()
 7 SYSTEMPATH\CodeIgniter.php(494): CodeIgniter\CodeIgniter->runController(Object(App\Controllers\Playlist))
 8 SYSTEMPATH\CodeIgniter.php(353): CodeIgniter\CodeIgniter->handleRequest(null, Object(Config\Cache), false)
 9 FCPATH\index.php(79): CodeIgniter\CodeIgniter->run()
10 SYSTEMPATH\Commands\Server\rewrite.php(47): require_once('D:\\laragon\\www\\music\\public\\index.php')
CRITICAL - 2023-09-27 00:46:24 --> Undefined variable $data
in APPPATH\Views\view_music.php on line 112.
 1 APPPATH\Views\view_music.php(112): CodeIgniter\Debug\Exceptions->errorHandler(2, 'Undefined variable $data', 'D:\\laragon\\www\\music\\app\\Views\\view_music.php', 112)
 2 SYSTEMPATH\View\View.php(226): include('D:\\laragon\\www\\music\\app\\Views\\view_music.php')
 3 SYSTEMPATH\View\View.php(229): CodeIgniter\View\View->CodeIgniter\View\{closure}()
 4 SYSTEMPATH\Common.php(1188): CodeIgniter\View\View->render('view_music', [], true)
 5 APPPATH\Controllers\Playlist.php(22): view('view_music', [...])
 6 SYSTEMPATH\CodeIgniter.php(919): App\Controllers\Playlist->index()
 7 SYSTEMPATH\CodeIgniter.php(494): CodeIgniter\CodeIgniter->runController(Object(App\Controllers\Playlist))
 8 SYSTEMPATH\CodeIgniter.php(353): CodeIgniter\CodeIgniter->handleRequest(null, Object(Config\Cache), false)
 9 FCPATH\index.php(79): CodeIgniter\CodeIgniter->run()
10 SYSTEMPATH\Commands\Server\rewrite.php(47): require_once('D:\\laragon\\www\\music\\public\\index.php')
CRITICAL - 2023-09-27 00:49:34 --> Undefined variable $musicFiles
in APPPATH\Views\view_music.php on line 112.
 1 APPPATH\Views\view_music.php(112): CodeIgniter\Debug\Exceptions->errorHandler(2, 'Undefined variable $musicFiles', 'D:\\laragon\\www\\music\\app\\Views\\view_music.php', 112)
 2 SYSTEMPATH\View\View.php(226): include('D:\\laragon\\www\\music\\app\\Views\\view_music.php')
 3 SYSTEMPATH\View\View.php(229): CodeIgniter\View\View->CodeIgniter\View\{closure}()
 4 SYSTEMPATH\Common.php(1188): CodeIgniter\View\View->render('view_music', [], true)
 5 APPPATH\Controllers\Playlist.php(22): view('view_music', [...])
 6 SYSTEMPATH\CodeIgniter.php(919): App\Controllers\Playlist->index()
 7 SYSTEMPATH\CodeIgniter.php(494): CodeIgniter\CodeIgniter->runController(Object(App\Controllers\Playlist))
 8 SYSTEMPATH\CodeIgniter.php(353): CodeIgniter\CodeIgniter->handleRequest(null, Object(Config\Cache), false)
 9 FCPATH\index.php(79): CodeIgniter\CodeIgniter->run()
10 SYSTEMPATH\Commands\Server\rewrite.php(47): require_once('D:\\laragon\\www\\music\\public\\index.php')
CRITICAL - 2023-09-27 00:54:51 --> Undefined variable $musicFiles
in APPPATH\Views\view_music.php on line 112.
 1 APPPATH\Views\view_music.php(112): CodeIgniter\Debug\Exceptions->errorHandler(2, 'Undefined variable $musicFiles', 'D:\\laragon\\www\\music\\app\\Views\\view_music.php', 112)
 2 SYSTEMPATH\View\View.php(226): include('D:\\laragon\\www\\music\\app\\Views\\view_music.php')
 3 SYSTEMPATH\View\View.php(229): CodeIgniter\View\View->CodeIgniter\View\{closure}()
 4 SYSTEMPATH\Common.php(1188): CodeIgniter\View\View->render('view_music', [], true)
 5 APPPATH\Controllers\Playlist.php(22): view('view_music', [...])
 6 SYSTEMPATH\CodeIgniter.php(919): App\Controllers\Playlist->index()
 7 SYSTEMPATH\CodeIgniter.php(494): CodeIgniter\CodeIgniter->runController(Object(App\Controllers\Playlist))
 8 SYSTEMPATH\CodeIgniter.php(353): CodeIgniter\CodeIgniter->handleRequest(null, Object(Config\Cache), false)
 9 FCPATH\index.php(79): CodeIgniter\CodeIgniter->run()
10 SYSTEMPATH\Commands\Server\rewrite.php(47): require_once('D:\\laragon\\www\\music\\public\\index.php')
CRITICAL - 2023-09-27 00:57:13 --> Undefined variable $musicFiles
in APPPATH\Views\view_music.php on line 112.
 1 APPPATH\Views\view_music.php(112): CodeIgniter\Debug\Exceptions->errorHandler(2, 'Undefined variable $musicFiles', 'D:\\laragon\\www\\music\\app\\Views\\view_music.php', 112)
 2 SYSTEMPATH\View\View.php(226): include('D:\\laragon\\www\\music\\app\\Views\\view_music.php')
 3 SYSTEMPATH\View\View.php(229): CodeIgniter\View\View->CodeIgniter\View\{closure}()
 4 SYSTEMPATH\Common.php(1188): CodeIgniter\View\View->render('view_music', [], true)
 5 APPPATH\Controllers\Playlist.php(22): view('view_music', [...])
 6 SYSTEMPATH\CodeIgniter.php(919): App\Controllers\Playlist->index()
 7 SYSTEMPATH\CodeIgniter.php(494): CodeIgniter\CodeIgniter->runController(Object(App\Controllers\Playlist))
 8 SYSTEMPATH\CodeIgniter.php(353): CodeIgniter\CodeIgniter->handleRequest(null, Object(Config\Cache), false)
 9 FCPATH\index.php(79): CodeIgniter\CodeIgniter->run()
10 SYSTEMPATH\Commands\Server\rewrite.php(47): require_once('D:\\laragon\\www\\music\\public\\index.php')
CRITICAL - 2023-09-27 00:57:14 --> Undefined variable $musicFiles
in APPPATH\Views\view_music.php on line 112.
 1 APPPATH\Views\view_music.php(112): CodeIgniter\Debug\Exceptions->errorHandler(2, 'Undefined variable $musicFiles', 'D:\\laragon\\www\\music\\app\\Views\\view_music.php', 112)
 2 SYSTEMPATH\View\View.php(226): include('D:\\laragon\\www\\music\\app\\Views\\view_music.php')
 3 SYSTEMPATH\View\View.php(229): CodeIgniter\View\View->CodeIgniter\View\{closure}()
 4 SYSTEMPATH\Common.php(1188): CodeIgniter\View\View->render('view_music', [], true)
 5 APPPATH\Controllers\Playlist.php(22): view('view_music', [...])
 6 SYSTEMPATH\CodeIgniter.php(919): App\Controllers\Playlist->index()
 7 SYSTEMPATH\CodeIgniter.php(494): CodeIgniter\CodeIgniter->runController(Object(App\Controllers\Playlist))
 8 SYSTEMPATH\CodeIgniter.php(353): CodeIgniter\CodeIgniter->handleRequest(null, Object(Config\Cache), false)
 9 FCPATH\index.php(79): CodeIgniter\CodeIgniter->run()
10 SYSTEMPATH\Commands\Server\rewrite.php(47): require_once('D:\\laragon\\www\\music\\public\\index.php')
CRITICAL - 2023-09-27 00:57:14 --> Undefined variable $musicFiles
in APPPATH\Views\view_music.php on line 112.
 1 APPPATH\Views\view_music.php(112): CodeIgniter\Debug\Exceptions->errorHandler(2, 'Undefined variable $musicFiles', 'D:\\laragon\\www\\music\\app\\Views\\view_music.php', 112)
 2 SYSTEMPATH\View\View.php(226): include('D:\\laragon\\www\\music\\app\\Views\\view_music.php')
 3 SYSTEMPATH\View\View.php(229): CodeIgniter\View\View->CodeIgniter\View\{closure}()
 4 SYSTEMPATH\Common.php(1188): CodeIgniter\View\View->render('view_music', [], true)
 5 APPPATH\Controllers\Playlist.php(22): view('view_music', [...])
 6 SYSTEMPATH\CodeIgniter.php(919): App\Controllers\Playlist->index()
 7 SYSTEMPATH\CodeIgniter.php(494): CodeIgniter\CodeIgniter->runController(Object(App\Controllers\Playlist))
 8 SYSTEMPATH\CodeIgniter.php(353): CodeIgniter\CodeIgniter->handleRequest(null, Object(Config\Cache), false)
 9 FCPATH\index.php(79): CodeIgniter\CodeIgniter->run()
10 SYSTEMPATH\Commands\Server\rewrite.php(47): require_once('D:\\laragon\\www\\music\\public\\index.php')
CRITICAL - 2023-09-27 00:59:16 --> Undefined variable $musicFiles
in APPPATH\Views\view_music.php on line 112.
 1 APPPATH\Views\view_music.php(112): CodeIgniter\Debug\Exceptions->errorHandler(2, 'Undefined variable $musicFiles', 'D:\\laragon\\www\\music\\app\\Views\\view_music.php', 112)
 2 SYSTEMPATH\View\View.php(226): include('D:\\laragon\\www\\music\\app\\Views\\view_music.php')
 3 SYSTEMPATH\View\View.php(229): CodeIgniter\View\View->CodeIgniter\View\{closure}()
 4 SYSTEMPATH\Common.php(1188): CodeIgniter\View\View->render('view_music', [], true)
 5 APPPATH\Controllers\Playlist.php(22): view('view_music', [...])
 6 SYSTEMPATH\CodeIgniter.php(919): App\Controllers\Playlist->index()
 7 SYSTEMPATH\CodeIgniter.php(494): CodeIgniter\CodeIgniter->runController(Object(App\Controllers\Playlist))
 8 SYSTEMPATH\CodeIgniter.php(353): CodeIgniter\CodeIgniter->handleRequest(null, Object(Config\Cache), false)
 9 FCPATH\index.php(79): CodeIgniter\CodeIgniter->run()
10 SYSTEMPATH\Commands\Server\rewrite.php(47): require_once('D:\\laragon\\www\\music\\public\\index.php')
CRITICAL - 2023-09-27 00:59:17 --> Undefined variable $musicFiles
in APPPATH\Views\view_music.php on line 112.
 1 APPPATH\Views\view_music.php(112): CodeIgniter\Debug\Exceptions->errorHandler(2, 'Undefined variable $musicFiles', 'D:\\laragon\\www\\music\\app\\Views\\view_music.php', 112)
 2 SYSTEMPATH\View\View.php(226): include('D:\\laragon\\www\\music\\app\\Views\\view_music.php')
 3 SYSTEMPATH\View\View.php(229): CodeIgniter\View\View->CodeIgniter\View\{closure}()
 4 SYSTEMPATH\Common.php(1188): CodeIgniter\View\View->render('view_music', [], true)
 5 APPPATH\Controllers\Playlist.php(22): view('view_music', [...])
 6 SYSTEMPATH\CodeIgniter.php(919): App\Controllers\Playlist->index()
 7 SYSTEMPATH\CodeIgniter.php(494): CodeIgniter\CodeIgniter->runController(Object(App\Controllers\Playlist))
 8 SYSTEMPATH\CodeIgniter.php(353): CodeIgniter\CodeIgniter->handleRequest(null, Object(Config\Cache), false)
 9 FCPATH\index.php(79): CodeIgniter\CodeIgniter->run()
10 SYSTEMPATH\Commands\Server\rewrite.php(47): require_once('D:\\laragon\\www\\music\\public\\index.php')
CRITICAL - 2023-09-27 00:59:17 --> Undefined variable $musicFiles
in APPPATH\Views\view_music.php on line 112.
 1 APPPATH\Views\view_music.php(112): CodeIgniter\Debug\Exceptions->errorHandler(2, 'Undefined variable $musicFiles', 'D:\\laragon\\www\\music\\app\\Views\\view_music.php', 112)
 2 SYSTEMPATH\View\View.php(226): include('D:\\laragon\\www\\music\\app\\Views\\view_music.php')
 3 SYSTEMPATH\View\View.php(229): CodeIgniter\View\View->CodeIgniter\View\{closure}()
 4 SYSTEMPATH\Common.php(1188): CodeIgniter\View\View->render('view_music', [], true)
 5 APPPATH\Controllers\Playlist.php(22): view('view_music', [...])
 6 SYSTEMPATH\CodeIgniter.php(919): App\Controllers\Playlist->index()
 7 SYSTEMPATH\CodeIgniter.php(494): CodeIgniter\CodeIgniter->runController(Object(App\Controllers\Playlist))
 8 SYSTEMPATH\CodeIgniter.php(353): CodeIgniter\CodeIgniter->handleRequest(null, Object(Config\Cache), false)
 9 FCPATH\index.php(79): CodeIgniter\CodeIgniter->run()
10 SYSTEMPATH\Commands\Server\rewrite.php(47): require_once('D:\\laragon\\www\\music\\public\\index.php')
CRITICAL - 2023-09-27 00:59:18 --> Undefined variable $musicFiles
in APPPATH\Views\view_music.php on line 112.
 1 APPPATH\Views\view_music.php(112): CodeIgniter\Debug\Exceptions->errorHandler(2, 'Undefined variable $musicFiles', 'D:\\laragon\\www\\music\\app\\Views\\view_music.php', 112)
 2 SYSTEMPATH\View\View.php(226): include('D:\\laragon\\www\\music\\app\\Views\\view_music.php')
 3 SYSTEMPATH\View\View.php(229): CodeIgniter\View\View->CodeIgniter\View\{closure}()
 4 SYSTEMPATH\Common.php(1188): CodeIgniter\View\View->render('view_music', [], true)
 5 APPPATH\Controllers\Playlist.php(22): view('view_music', [...])
 6 SYSTEMPATH\CodeIgniter.php(919): App\Controllers\Playlist->index()
 7 SYSTEMPATH\CodeIgniter.php(494): CodeIgniter\CodeIgniter->runController(Object(App\Controllers\Playlist))
 8 SYSTEMPATH\CodeIgniter.php(353): CodeIgniter\CodeIgniter->handleRequest(null, Object(Config\Cache), false)
 9 FCPATH\index.php(79): CodeIgniter\CodeIgniter->run()
10 SYSTEMPATH\Commands\Server\rewrite.php(47): require_once('D:\\laragon\\www\\music\\public\\index.php')
CRITICAL - 2023-09-27 00:59:18 --> Undefined variable $musicFiles
in APPPATH\Views\view_music.php on line 112.
 1 APPPATH\Views\view_music.php(112): CodeIgniter\Debug\Exceptions->errorHandler(2, 'Undefined variable $musicFiles', 'D:\\laragon\\www\\music\\app\\Views\\view_music.php', 112)
 2 SYSTEMPATH\View\View.php(226): include('D:\\laragon\\www\\music\\app\\Views\\view_music.php')
 3 SYSTEMPATH\View\View.php(229): CodeIgniter\View\View->CodeIgniter\View\{closure}()
 4 SYSTEMPATH\Common.php(1188): CodeIgniter\View\View->render('view_music', [], true)
 5 APPPATH\Controllers\Playlist.php(22): view('view_music', [...])
 6 SYSTEMPATH\CodeIgniter.php(919): App\Controllers\Playlist->index()
 7 SYSTEMPATH\CodeIgniter.php(494): CodeIgniter\CodeIgniter->runController(Object(App\Controllers\Playlist))
 8 SYSTEMPATH\CodeIgniter.php(353): CodeIgniter\CodeIgniter->handleRequest(null, Object(Config\Cache), false)
 9 FCPATH\index.php(79): CodeIgniter\CodeIgniter->run()
10 SYSTEMPATH\Commands\Server\rewrite.php(47): require_once('D:\\laragon\\www\\music\\public\\index.php')
CRITICAL - 2023-09-27 01:01:16 --> Undefined variable $musicFiles
in APPPATH\Views\view_music.php on line 112.
 1 APPPATH\Views\view_music.php(112): CodeIgniter\Debug\Exceptions->errorHandler(2, 'Undefined variable $musicFiles', 'D:\\laragon\\www\\music\\app\\Views\\view_music.php', 112)
 2 SYSTEMPATH\View\View.php(226): include('D:\\laragon\\www\\music\\app\\Views\\view_music.php')
 3 SYSTEMPATH\View\View.php(229): CodeIgniter\View\View->CodeIgniter\View\{closure}()
 4 SYSTEMPATH\Common.php(1188): CodeIgniter\View\View->render('view_music', [], true)
 5 APPPATH\Controllers\Playlist.php(22): view('view_music', [...])
 6 SYSTEMPATH\CodeIgniter.php(919): App\Controllers\Playlist->index()
 7 SYSTEMPATH\CodeIgniter.php(494): CodeIgniter\CodeIgniter->runController(Object(App\Controllers\Playlist))
 8 SYSTEMPATH\CodeIgniter.php(353): CodeIgniter\CodeIgniter->handleRequest(null, Object(Config\Cache), false)
 9 FCPATH\index.php(79): CodeIgniter\CodeIgniter->run()
10 SYSTEMPATH\Commands\Server\rewrite.php(47): require_once('D:\\laragon\\www\\music\\public\\index.php')
CRITICAL - 2023-09-27 01:01:17 --> Undefined variable $musicFiles
in APPPATH\Views\view_music.php on line 112.
 1 APPPATH\Views\view_music.php(112): CodeIgniter\Debug\Exceptions->errorHandler(2, 'Undefined variable $musicFiles', 'D:\\laragon\\www\\music\\app\\Views\\view_music.php', 112)
 2 SYSTEMPATH\View\View.php(226): include('D:\\laragon\\www\\music\\app\\Views\\view_music.php')
 3 SYSTEMPATH\View\View.php(229): CodeIgniter\View\View->CodeIgniter\View\{closure}()
 4 SYSTEMPATH\Common.php(1188): CodeIgniter\View\View->render('view_music', [], true)
 5 APPPATH\Controllers\Playlist.php(22): view('view_music', [...])
 6 SYSTEMPATH\CodeIgniter.php(919): App\Controllers\Playlist->index()
 7 SYSTEMPATH\CodeIgniter.php(494): CodeIgniter\CodeIgniter->runController(Object(App\Controllers\Playlist))
 8 SYSTEMPATH\CodeIgniter.php(353): CodeIgniter\CodeIgniter->handleRequest(null, Object(Config\Cache), false)
 9 FCPATH\index.php(79): CodeIgniter\CodeIgniter->run()
10 SYSTEMPATH\Commands\Server\rewrite.php(47): require_once('D:\\laragon\\www\\music\\public\\index.php')
CRITICAL - 2023-09-27 01:01:18 --> Undefined variable $musicFiles
in APPPATH\Views\view_music.php on line 112.
 1 APPPATH\Views\view_music.php(112): CodeIgniter\Debug\Exceptions->errorHandler(2, 'Undefined variable $musicFiles', 'D:\\laragon\\www\\music\\app\\Views\\view_music.php', 112)
 2 SYSTEMPATH\View\View.php(226): include('D:\\laragon\\www\\music\\app\\Views\\view_music.php')
 3 SYSTEMPATH\View\View.php(229): CodeIgniter\View\View->CodeIgniter\View\{closure}()
 4 SYSTEMPATH\Common.php(1188): CodeIgniter\View\View->render('view_music', [], true)
 5 APPPATH\Controllers\Playlist.php(22): view('view_music', [...])
 6 SYSTEMPATH\CodeIgniter.php(919): App\Controllers\Playlist->index()
 7 SYSTEMPATH\CodeIgniter.php(494): CodeIgniter\CodeIgniter->runController(Object(App\Controllers\Playlist))
 8 SYSTEMPATH\CodeIgniter.php(353): CodeIgniter\CodeIgniter->handleRequest(null, Object(Config\Cache), false)
 9 FCPATH\index.php(79): CodeIgniter\CodeIgniter->run()
10 SYSTEMPATH\Commands\Server\rewrite.php(47): require_once('D:\\laragon\\www\\music\\public\\index.php')
CRITICAL - 2023-09-27 01:02:09 --> Undefined variable $musicFiles
in APPPATH\Views\view_music.php on line 112.
 1 APPPATH\Views\view_music.php(112): CodeIgniter\Debug\Exceptions->errorHandler(2, 'Undefined variable $musicFiles', 'D:\\laragon\\www\\music\\app\\Views\\view_music.php', 112)
 2 SYSTEMPATH\View\View.php(226): include('D:\\laragon\\www\\music\\app\\Views\\view_music.php')
 3 SYSTEMPATH\View\View.php(229): CodeIgniter\View\View->CodeIgniter\View\{closure}()
 4 SYSTEMPATH\Common.php(1188): CodeIgniter\View\View->render('view_music', [], true)
 5 APPPATH\Controllers\Playlist.php(22): view('view_music', [...])
 6 SYSTEMPATH\CodeIgniter.php(919): App\Controllers\Playlist->index()
 7 SYSTEMPATH\CodeIgniter.php(494): CodeIgniter\CodeIgniter->runController(Object(App\Controllers\Playlist))
 8 SYSTEMPATH\CodeIgniter.php(353): CodeIgniter\CodeIgniter->handleRequest(null, Object(Config\Cache), false)
 9 FCPATH\index.php(79): CodeIgniter\CodeIgniter->run()
10 SYSTEMPATH\Commands\Server\rewrite.php(47): require_once('D:\\laragon\\www\\music\\public\\index.php')
CRITICAL - 2023-09-27 01:02:09 --> Undefined variable $musicFiles
in APPPATH\Views\view_music.php on line 112.
 1 APPPATH\Views\view_music.php(112): CodeIgniter\Debug\Exceptions->errorHandler(2, 'Undefined variable $musicFiles', 'D:\\laragon\\www\\music\\app\\Views\\view_music.php', 112)
 2 SYSTEMPATH\View\View.php(226): include('D:\\laragon\\www\\music\\app\\Views\\view_music.php')
 3 SYSTEMPATH\View\View.php(229): CodeIgniter\View\View->CodeIgniter\View\{closure}()
 4 SYSTEMPATH\Common.php(1188): CodeIgniter\View\View->render('view_music', [], true)
 5 APPPATH\Controllers\Playlist.php(22): view('view_music', [...])
 6 SYSTEMPATH\CodeIgniter.php(919): App\Controllers\Playlist->index()
 7 SYSTEMPATH\CodeIgniter.php(494): CodeIgniter\CodeIgniter->runController(Object(App\Controllers\Playlist))
 8 SYSTEMPATH\CodeIgniter.php(353): CodeIgniter\CodeIgniter->handleRequest(null, Object(Config\Cache), false)
 9 FCPATH\index.php(79): CodeIgniter\CodeIgniter->run()
10 SYSTEMPATH\Commands\Server\rewrite.php(47): require_once('D:\\laragon\\www\\music\\public\\index.php')
CRITICAL - 2023-09-27 01:02:10 --> Undefined variable $musicFiles
in APPPATH\Views\view_music.php on line 112.
 1 APPPATH\Views\view_music.php(112): CodeIgniter\Debug\Exceptions->errorHandler(2, 'Undefined variable $musicFiles', 'D:\\laragon\\www\\music\\app\\Views\\view_music.php', 112)
 2 SYSTEMPATH\View\View.php(226): include('D:\\laragon\\www\\music\\app\\Views\\view_music.php')
 3 SYSTEMPATH\View\View.php(229): CodeIgniter\View\View->CodeIgniter\View\{closure}()
 4 SYSTEMPATH\Common.php(1188): CodeIgniter\View\View->render('view_music', [], true)
 5 APPPATH\Controllers\Playlist.php(22): view('view_music', [...])
 6 SYSTEMPATH\CodeIgniter.php(919): App\Controllers\Playlist->index()
 7 SYSTEMPATH\CodeIgniter.php(494): CodeIgniter\CodeIgniter->runController(Object(App\Controllers\Playlist))
 8 SYSTEMPATH\CodeIgniter.php(353): CodeIgniter\CodeIgniter->handleRequest(null, Object(Config\Cache), false)
 9 FCPATH\index.php(79): CodeIgniter\CodeIgniter->run()
10 SYSTEMPATH\Commands\Server\rewrite.php(47): require_once('D:\\laragon\\www\\music\\public\\index.php')
CRITICAL - 2023-09-27 01:02:10 --> Undefined variable $musicFiles
in APPPATH\Views\view_music.php on line 112.
 1 APPPATH\Views\view_music.php(112): CodeIgniter\Debug\Exceptions->errorHandler(2, 'Undefined variable $musicFiles', 'D:\\laragon\\www\\music\\app\\Views\\view_music.php', 112)
 2 SYSTEMPATH\View\View.php(226): include('D:\\laragon\\www\\music\\app\\Views\\view_music.php')
 3 SYSTEMPATH\View\View.php(229): CodeIgniter\View\View->CodeIgniter\View\{closure}()
 4 SYSTEMPATH\Common.php(1188): CodeIgniter\View\View->render('view_music', [], true)
 5 APPPATH\Controllers\Playlist.php(22): view('view_music', [...])
 6 SYSTEMPATH\CodeIgniter.php(919): App\Controllers\Playlist->index()
 7 SYSTEMPATH\CodeIgniter.php(494): CodeIgniter\CodeIgniter->runController(Object(App\Controllers\Playlist))
 8 SYSTEMPATH\CodeIgniter.php(353): CodeIgniter\CodeIgniter->handleRequest(null, Object(Config\Cache), false)
 9 FCPATH\index.php(79): CodeIgniter\CodeIgniter->run()
10 SYSTEMPATH\Commands\Server\rewrite.php(47): require_once('D:\\laragon\\www\\music\\public\\index.php')
CRITICAL - 2023-09-27 01:02:10 --> Undefined variable $musicFiles
in APPPATH\Views\view_music.php on line 112.
 1 APPPATH\Views\view_music.php(112): CodeIgniter\Debug\Exceptions->errorHandler(2, 'Undefined variable $musicFiles', 'D:\\laragon\\www\\music\\app\\Views\\view_music.php', 112)
 2 SYSTEMPATH\View\View.php(226): include('D:\\laragon\\www\\music\\app\\Views\\view_music.php')
 3 SYSTEMPATH\View\View.php(229): CodeIgniter\View\View->CodeIgniter\View\{closure}()
 4 SYSTEMPATH\Common.php(1188): CodeIgniter\View\View->render('view_music', [], true)
 5 APPPATH\Controllers\Playlist.php(22): view('view_music', [...])
 6 SYSTEMPATH\CodeIgniter.php(919): App\Controllers\Playlist->index()
 7 SYSTEMPATH\CodeIgniter.php(494): CodeIgniter\CodeIgniter->runController(Object(App\Controllers\Playlist))
 8 SYSTEMPATH\CodeIgniter.php(353): CodeIgniter\CodeIgniter->handleRequest(null, Object(Config\Cache), false)
 9 FCPATH\index.php(79): CodeIgniter\CodeIgniter->run()
10 SYSTEMPATH\Commands\Server\rewrite.php(47): require_once('D:\\laragon\\www\\music\\public\\index.php')
CRITICAL - 2023-09-27 01:05:11 --> Undefined variable $musicFiles
in APPPATH\Views\view_music.php on line 112.
 1 APPPATH\Views\view_music.php(112): CodeIgniter\Debug\Exceptions->errorHandler(2, 'Undefined variable $musicFiles', 'D:\\laragon\\www\\music\\app\\Views\\view_music.php', 112)
 2 SYSTEMPATH\View\View.php(226): include('D:\\laragon\\www\\music\\app\\Views\\view_music.php')
 3 SYSTEMPATH\View\View.php(229): CodeIgniter\View\View->CodeIgniter\View\{closure}()
 4 SYSTEMPATH\Common.php(1188): CodeIgniter\View\View->render('view_music', [], true)
 5 APPPATH\Controllers\Playlist.php(22): view('view_music', [...])
 6 SYSTEMPATH\CodeIgniter.php(919): App\Controllers\Playlist->index()
 7 SYSTEMPATH\CodeIgniter.php(494): CodeIgniter\CodeIgniter->runController(Object(App\Controllers\Playlist))
 8 SYSTEMPATH\CodeIgniter.php(353): CodeIgniter\CodeIgniter->handleRequest(null, Object(Config\Cache), false)
 9 FCPATH\index.php(79): CodeIgniter\CodeIgniter->run()
10 SYSTEMPATH\Commands\Server\rewrite.php(47): require_once('D:\\laragon\\www\\music\\public\\index.php')
CRITICAL - 2023-09-27 01:05:12 --> Undefined variable $musicFiles
in APPPATH\Views\view_music.php on line 112.
 1 APPPATH\Views\view_music.php(112): CodeIgniter\Debug\Exceptions->errorHandler(2, 'Undefined variable $musicFiles', 'D:\\laragon\\www\\music\\app\\Views\\view_music.php', 112)
 2 SYSTEMPATH\View\View.php(226): include('D:\\laragon\\www\\music\\app\\Views\\view_music.php')
 3 SYSTEMPATH\View\View.php(229): CodeIgniter\View\View->CodeIgniter\View\{closure}()
 4 SYSTEMPATH\Common.php(1188): CodeIgniter\View\View->render('view_music', [], true)
 5 APPPATH\Controllers\Playlist.php(22): view('view_music', [...])
 6 SYSTEMPATH\CodeIgniter.php(919): App\Controllers\Playlist->index()
 7 SYSTEMPATH\CodeIgniter.php(494): CodeIgniter\CodeIgniter->runController(Object(App\Controllers\Playlist))
 8 SYSTEMPATH\CodeIgniter.php(353): CodeIgniter\CodeIgniter->handleRequest(null, Object(Config\Cache), false)
 9 FCPATH\index.php(79): CodeIgniter\CodeIgniter->run()
10 SYSTEMPATH\Commands\Server\rewrite.php(47): require_once('D:\\laragon\\www\\music\\public\\index.php')
CRITICAL - 2023-09-27 01:05:12 --> Undefined variable $musicFiles
in APPPATH\Views\view_music.php on line 112.
 1 APPPATH\Views\view_music.php(112): CodeIgniter\Debug\Exceptions->errorHandler(2, 'Undefined variable $musicFiles', 'D:\\laragon\\www\\music\\app\\Views\\view_music.php', 112)
 2 SYSTEMPATH\View\View.php(226): include('D:\\laragon\\www\\music\\app\\Views\\view_music.php')
 3 SYSTEMPATH\View\View.php(229): CodeIgniter\View\View->CodeIgniter\View\{closure}()
 4 SYSTEMPATH\Common.php(1188): CodeIgniter\View\View->render('view_music', [], true)
 5 APPPATH\Controllers\Playlist.php(22): view('view_music', [...])
 6 SYSTEMPATH\CodeIgniter.php(919): App\Controllers\Playlist->index()
 7 SYSTEMPATH\CodeIgniter.php(494): CodeIgniter\CodeIgniter->runController(Object(App\Controllers\Playlist))
 8 SYSTEMPATH\CodeIgniter.php(353): CodeIgniter\CodeIgniter->handleRequest(null, Object(Config\Cache), false)
 9 FCPATH\index.php(79): CodeIgniter\CodeIgniter->run()
10 SYSTEMPATH\Commands\Server\rewrite.php(47): require_once('D:\\laragon\\www\\music\\public\\index.php')
CRITICAL - 2023-09-27 01:12:07 --> Undefined variable $tracks
in APPPATH\Views\view_music.php on line 113.
 1 APPPATH\Views\view_music.php(113): CodeIgniter\Debug\Exceptions->errorHandler(2, 'Undefined variable $tracks', 'D:\\laragon\\www\\music\\app\\Views\\view_music.php', 113)
 2 SYSTEMPATH\View\View.php(226): include('D:\\laragon\\www\\music\\app\\Views\\view_music.php')
 3 SYSTEMPATH\View\View.php(229): CodeIgniter\View\View->CodeIgniter\View\{closure}()
 4 SYSTEMPATH\Common.php(1188): CodeIgniter\View\View->render('view_music', [], true)
 5 APPPATH\Controllers\Playlist.php(22): view('view_music', [...])
 6 SYSTEMPATH\CodeIgniter.php(919): App\Controllers\Playlist->index()
 7 SYSTEMPATH\CodeIgniter.php(494): CodeIgniter\CodeIgniter->runController(Object(App\Controllers\Playlist))
 8 SYSTEMPATH\CodeIgniter.php(353): CodeIgniter\CodeIgniter->handleRequest(null, Object(Config\Cache), false)
 9 FCPATH\index.php(79): CodeIgniter\CodeIgniter->run()
10 SYSTEMPATH\Commands\Server\rewrite.php(47): require_once('D:\\laragon\\www\\music\\public\\index.php')
CRITICAL - 2023-09-27 01:12:08 --> Undefined variable $tracks
in APPPATH\Views\view_music.php on line 113.
 1 APPPATH\Views\view_music.php(113): CodeIgniter\Debug\Exceptions->errorHandler(2, 'Undefined variable $tracks', 'D:\\laragon\\www\\music\\app\\Views\\view_music.php', 113)
 2 SYSTEMPATH\View\View.php(226): include('D:\\laragon\\www\\music\\app\\Views\\view_music.php')
 3 SYSTEMPATH\View\View.php(229): CodeIgniter\View\View->CodeIgniter\View\{closure}()
 4 SYSTEMPATH\Common.php(1188): CodeIgniter\View\View->render('view_music', [], true)
 5 APPPATH\Controllers\Playlist.php(22): view('view_music', [...])
 6 SYSTEMPATH\CodeIgniter.php(919): App\Controllers\Playlist->index()
 7 SYSTEMPATH\CodeIgniter.php(494): CodeIgniter\CodeIgniter->runController(Object(App\Controllers\Playlist))
 8 SYSTEMPATH\CodeIgniter.php(353): CodeIgniter\CodeIgniter->handleRequest(null, Object(Config\Cache), false)
 9 FCPATH\index.php(79): CodeIgniter\CodeIgniter->run()
10 SYSTEMPATH\Commands\Server\rewrite.php(47): require_once('D:\\laragon\\www\\music\\public\\index.php')
CRITICAL - 2023-09-27 01:12:08 --> Undefined variable $tracks
in APPPATH\Views\view_music.php on line 113.
 1 APPPATH\Views\view_music.php(113): CodeIgniter\Debug\Exceptions->errorHandler(2, 'Undefined variable $tracks', 'D:\\laragon\\www\\music\\app\\Views\\view_music.php', 113)
 2 SYSTEMPATH\View\View.php(226): include('D:\\laragon\\www\\music\\app\\Views\\view_music.php')
 3 SYSTEMPATH\View\View.php(229): CodeIgniter\View\View->CodeIgniter\View\{closure}()
 4 SYSTEMPATH\Common.php(1188): CodeIgniter\View\View->render('view_music', [], true)
 5 APPPATH\Controllers\Playlist.php(22): view('view_music', [...])
 6 SYSTEMPATH\CodeIgniter.php(919): App\Controllers\Playlist->index()
 7 SYSTEMPATH\CodeIgniter.php(494): CodeIgniter\CodeIgniter->runController(Object(App\Controllers\Playlist))
 8 SYSTEMPATH\CodeIgniter.php(353): CodeIgniter\CodeIgniter->handleRequest(null, Object(Config\Cache), false)
 9 FCPATH\index.php(79): CodeIgniter\CodeIgniter->run()
10 SYSTEMPATH\Commands\Server\rewrite.php(47): require_once('D:\\laragon\\www\\music\\public\\index.php')
ERROR - 2023-09-27 08:51:21 --> Error connecting to the database: mysqli_sql_exception: No connection could be made because the target machine actively refused it in D:\laragon\www\music\system\Database\MySQLi\Connection.php:185
Stack trace:
#0 D:\laragon\www\music\system\Database\MySQLi\Connection.php(185): mysqli->real_connect('localhost', 'root', '', 'myplaylist', 3306, '', 0)
#1 D:\laragon\www\music\system\Database\BaseConnection.php(391): CodeIgniter\Database\MySQLi\Connection->connect(false)
#2 D:\laragon\www\music\system\Database\BaseConnection.php(574): CodeIgniter\Database\BaseConnection->initialize()
#3 D:\laragon\www\music\system\Database\BaseBuilder.php(1615): CodeIgniter\Database\BaseConnection->query('SELECT *\nFROM `...', Array, false)
#4 D:\laragon\www\music\system\Model.php(237): CodeIgniter\Database\BaseBuilder->get()
#5 D:\laragon\www\music\system\BaseModel.php(624): CodeIgniter\Model->doFindAll(0, 0)
#6 D:\laragon\www\music\app\Controllers\Playlist.php(21): CodeIgniter\BaseModel->findAll()
#7 D:\laragon\www\music\system\CodeIgniter.php(919): App\Controllers\Playlist->index()
#8 D:\laragon\www\music\system\CodeIgniter.php(494): CodeIgniter\CodeIgniter->runController(Object(App\Controllers\Playlist))
#9 D:\laragon\www\music\system\CodeIgniter.php(353): CodeIgniter\CodeIgniter->handleRequest(NULL, Object(Config\Cache), false)
#10 D:\laragon\www\music\public\index.php(79): CodeIgniter\CodeIgniter->run()
#11 D:\laragon\www\music\system\Commands\Server\rewrite.php(47): require_once('D:\\laragon\\www\\...')
#12 {main}

Next CodeIgniter\Database\Exceptions\DatabaseException: No connection could be made because the target machine actively refused it in D:\laragon\www\music\system\Database\MySQLi\Connection.php:229
Stack trace:
#0 D:\laragon\www\music\system\Database\BaseConnection.php(391): CodeIgniter\Database\MySQLi\Connection->connect(false)
#1 D:\laragon\www\music\system\Database\BaseConnection.php(574): CodeIgniter\Database\BaseConnection->initialize()
#2 D:\laragon\www\music\system\Database\BaseBuilder.php(1615): CodeIgniter\Database\BaseConnection->query('SELECT *\nFROM `...', Array, false)
#3 D:\laragon\www\music\system\Model.php(237): CodeIgniter\Database\BaseBuilder->get()
#4 D:\laragon\www\music\system\BaseModel.php(624): CodeIgniter\Model->doFindAll(0, 0)
#5 D:\laragon\www\music\app\Controllers\Playlist.php(21): CodeIgniter\BaseModel->findAll()
#6 D:\laragon\www\music\system\CodeIgniter.php(919): App\Controllers\Playlist->index()
#7 D:\laragon\www\music\system\CodeIgniter.php(494): CodeIgniter\CodeIgniter->runController(Object(App\Controllers\Playlist))
#8 D:\laragon\www\music\system\CodeIgniter.php(353): CodeIgniter\CodeIgniter->handleRequest(NULL, Object(Config\Cache), false)
#9 D:\laragon\www\music\public\index.php(79): CodeIgniter\CodeIgniter->run()
#10 D:\laragon\www\music\system\Commands\Server\rewrite.php(47): require_once('D:\\laragon\\www\\...')
#11 {main}
CRITICAL - 2023-09-27 08:51:21 --> Unable to connect to the database.
Main connection [MySQLi]: No connection could be made because the target machine actively refused it
in SYSTEMPATH\Database\BaseConnection.php on line 427.
 1 SYSTEMPATH\Database\BaseConnection.php(574): CodeIgniter\Database\BaseConnection->initialize()
 2 SYSTEMPATH\Database\BaseBuilder.php(1615): CodeIgniter\Database\BaseConnection->query('SELECT *
FROM `playlists`
ORDER BY `id` DESC', [], false)
 3 SYSTEMPATH\Model.php(237): CodeIgniter\Database\BaseBuilder->get()
 4 SYSTEMPATH\BaseModel.php(624): CodeIgniter\Model->doFindAll(0, 0)
 5 APPPATH\Controllers\Playlist.php(21): CodeIgniter\BaseModel->findAll()
 6 SYSTEMPATH\CodeIgniter.php(919): App\Controllers\Playlist->index()
 7 SYSTEMPATH\CodeIgniter.php(494): CodeIgniter\CodeIgniter->runController(Object(App\Controllers\Playlist))
 8 SYSTEMPATH\CodeIgniter.php(353): CodeIgniter\CodeIgniter->handleRequest(null, Object(Config\Cache), false)
 9 FCPATH\index.php(79): CodeIgniter\CodeIgniter->run()
10 SYSTEMPATH\Commands\Server\rewrite.php(47): require_once('D:\\laragon\\www\\music\\public\\index.php')
CRITICAL - 2023-09-27 08:52:10 --> Undefined variable $tracks
in APPPATH\Views\view_music.php on line 113.
 1 APPPATH\Views\view_music.php(113): CodeIgniter\Debug\Exceptions->errorHandler(2, 'Undefined variable $tracks', 'D:\\laragon\\www\\music\\app\\Views\\view_music.php', 113)
 2 SYSTEMPATH\View\View.php(226): include('D:\\laragon\\www\\music\\app\\Views\\view_music.php')
 3 SYSTEMPATH\View\View.php(229): CodeIgniter\View\View->CodeIgniter\View\{closure}()
 4 SYSTEMPATH\Common.php(1188): CodeIgniter\View\View->render('view_music', [], true)
 5 APPPATH\Controllers\Playlist.php(22): view('view_music', [...])
 6 SYSTEMPATH\CodeIgniter.php(919): App\Controllers\Playlist->index()
 7 SYSTEMPATH\CodeIgniter.php(494): CodeIgniter\CodeIgniter->runController(Object(App\Controllers\Playlist))
 8 SYSTEMPATH\CodeIgniter.php(353): CodeIgniter\CodeIgniter->handleRequest(null, Object(Config\Cache), false)
 9 FCPATH\index.php(79): CodeIgniter\CodeIgniter->run()
10 SYSTEMPATH\Commands\Server\rewrite.php(47): require_once('D:\\laragon\\www\\music\\public\\index.php')
CRITICAL - 2023-09-27 08:53:36 --> Undefined variable $tracks
in APPPATH\Views\view_music.php on line 113.
 1 APPPATH\Views\view_music.php(113): CodeIgniter\Debug\Exceptions->errorHandler(2, 'Undefined variable $tracks', 'D:\\laragon\\www\\music\\app\\Views\\view_music.php', 113)
 2 SYSTEMPATH\View\View.php(226): include('D:\\laragon\\www\\music\\app\\Views\\view_music.php')
 3 SYSTEMPATH\View\View.php(229): CodeIgniter\View\View->CodeIgniter\View\{closure}()
 4 SYSTEMPATH\Common.php(1188): CodeIgniter\View\View->render('view_music', [], true)
 5 APPPATH\Controllers\Playlist.php(22): view('view_music', [...])
 6 SYSTEMPATH\CodeIgniter.php(919): App\Controllers\Playlist->index()
 7 SYSTEMPATH\CodeIgniter.php(494): CodeIgniter\CodeIgniter->runController(Object(App\Controllers\Playlist))
 8 SYSTEMPATH\CodeIgniter.php(353): CodeIgniter\CodeIgniter->handleRequest(null, Object(Config\Cache), false)
 9 FCPATH\index.php(79): CodeIgniter\CodeIgniter->run()
10 SYSTEMPATH\Commands\Server\rewrite.php(47): require_once('D:\\laragon\\www\\music\\public\\index.php')
CRITICAL - 2023-09-27 08:53:59 --> Undefined variable $tracks
in APPPATH\Views\view_music.php on line 113.
 1 APPPATH\Views\view_music.php(113): CodeIgniter\Debug\Exceptions->errorHandler(2, 'Undefined variable $tracks', 'D:\\laragon\\www\\music\\app\\Views\\view_music.php', 113)
 2 SYSTEMPATH\View\View.php(226): include('D:\\laragon\\www\\music\\app\\Views\\view_music.php')
 3 SYSTEMPATH\View\View.php(229): CodeIgniter\View\View->CodeIgniter\View\{closure}()
 4 SYSTEMPATH\Common.php(1188): CodeIgniter\View\View->render('view_music', [], true)
 5 APPPATH\Controllers\Playlist.php(22): view('view_music', [...])
 6 SYSTEMPATH\CodeIgniter.php(919): App\Controllers\Playlist->index()
 7 SYSTEMPATH\CodeIgniter.php(494): CodeIgniter\CodeIgniter->runController(Object(App\Controllers\Playlist))
 8 SYSTEMPATH\CodeIgniter.php(353): CodeIgniter\CodeIgniter->handleRequest(null, Object(Config\Cache), false)
 9 FCPATH\index.php(79): CodeIgniter\CodeIgniter->run()
10 SYSTEMPATH\Commands\Server\rewrite.php(47): require_once('D:\\laragon\\www\\music\\public\\index.php')
CRITICAL - 2023-09-27 08:55:08 --> Undefined variable $tracks
in APPPATH\Views\view_music.php on line 113.
 1 APPPATH\Views\view_music.php(113): CodeIgniter\Debug\Exceptions->errorHandler(2, 'Undefined variable $tracks', 'D:\\laragon\\www\\music\\app\\Views\\view_music.php', 113)
 2 SYSTEMPATH\View\View.php(226): include('D:\\laragon\\www\\music\\app\\Views\\view_music.php')
 3 SYSTEMPATH\View\View.php(229): CodeIgniter\View\View->CodeIgniter\View\{closure}()
 4 SYSTEMPATH\Common.php(1188): CodeIgniter\View\View->render('view_music', [], true)
 5 APPPATH\Controllers\Playlist.php(22): view('view_music', [...])
 6 SYSTEMPATH\CodeIgniter.php(919): App\Controllers\Playlist->index()
 7 SYSTEMPATH\CodeIgniter.php(494): CodeIgniter\CodeIgniter->runController(Object(App\Controllers\Playlist))
 8 SYSTEMPATH\CodeIgniter.php(353): CodeIgniter\CodeIgniter->handleRequest(null, Object(Config\Cache), false)
 9 FCPATH\index.php(79): CodeIgniter\CodeIgniter->run()
10 SYSTEMPATH\Commands\Server\rewrite.php(47): require_once('D:\\laragon\\www\\music\\public\\index.php')
CRITICAL - 2023-09-27 08:55:10 --> Undefined variable $tracks
in APPPATH\Views\view_music.php on line 113.
 1 APPPATH\Views\view_music.php(113): CodeIgniter\Debug\Exceptions->errorHandler(2, 'Undefined variable $tracks', 'D:\\laragon\\www\\music\\app\\Views\\view_music.php', 113)
 2 SYSTEMPATH\View\View.php(226): include('D:\\laragon\\www\\music\\app\\Views\\view_music.php')
 3 SYSTEMPATH\View\View.php(229): CodeIgniter\View\View->CodeIgniter\View\{closure}()
 4 SYSTEMPATH\Common.php(1188): CodeIgniter\View\View->render('view_music', [], true)
 5 APPPATH\Controllers\Playlist.php(22): view('view_music', [...])
 6 SYSTEMPATH\CodeIgniter.php(919): App\Controllers\Playlist->index()
 7 SYSTEMPATH\CodeIgniter.php(494): CodeIgniter\CodeIgniter->runController(Object(App\Controllers\Playlist))
 8 SYSTEMPATH\CodeIgniter.php(353): CodeIgniter\CodeIgniter->handleRequest(null, Object(Config\Cache), false)
 9 FCPATH\index.php(79): CodeIgniter\CodeIgniter->run()
10 SYSTEMPATH\Commands\Server\rewrite.php(47): require_once('D:\\laragon\\www\\music\\public\\index.php')
CRITICAL - 2023-09-27 08:55:32 --> Undefined variable $tracks
in APPPATH\Views\view_music.php on line 113.
 1 APPPATH\Views\view_music.php(113): CodeIgniter\Debug\Exceptions->errorHandler(2, 'Undefined variable $tracks', 'D:\\laragon\\www\\music\\app\\Views\\view_music.php', 113)
 2 SYSTEMPATH\View\View.php(226): include('D:\\laragon\\www\\music\\app\\Views\\view_music.php')
 3 SYSTEMPATH\View\View.php(229): CodeIgniter\View\View->CodeIgniter\View\{closure}()
 4 SYSTEMPATH\Common.php(1188): CodeIgniter\View\View->render('view_music', [], true)
 5 APPPATH\Controllers\Playlist.php(22): view('view_music', [...])
 6 SYSTEMPATH\CodeIgniter.php(919): App\Controllers\Playlist->index()
 7 SYSTEMPATH\CodeIgniter.php(494): CodeIgniter\CodeIgniter->runController(Object(App\Controllers\Playlist))
 8 SYSTEMPATH\CodeIgniter.php(353): CodeIgniter\CodeIgniter->handleRequest(null, Object(Config\Cache), false)
 9 FCPATH\index.php(79): CodeIgniter\CodeIgniter->run()
10 SYSTEMPATH\Commands\Server\rewrite.php(47): require_once('D:\\laragon\\www\\music\\public\\index.php')
CRITICAL - 2023-09-27 08:55:33 --> Undefined variable $tracks
in APPPATH\Views\view_music.php on line 113.
 1 APPPATH\Views\view_music.php(113): CodeIgniter\Debug\Exceptions->errorHandler(2, 'Undefined variable $tracks', 'D:\\laragon\\www\\music\\app\\Views\\view_music.php', 113)
 2 SYSTEMPATH\View\View.php(226): include('D:\\laragon\\www\\music\\app\\Views\\view_music.php')
 3 SYSTEMPATH\View\View.php(229): CodeIgniter\View\View->CodeIgniter\View\{closure}()
 4 SYSTEMPATH\Common.php(1188): CodeIgniter\View\View->render('view_music', [], true)
 5 APPPATH\Controllers\Playlist.php(22): view('view_music', [...])
 6 SYSTEMPATH\CodeIgniter.php(919): App\Controllers\Playlist->index()
 7 SYSTEMPATH\CodeIgniter.php(494): CodeIgniter\CodeIgniter->runController(Object(App\Controllers\Playlist))
 8 SYSTEMPATH\CodeIgniter.php(353): CodeIgniter\CodeIgniter->handleRequest(null, Object(Config\Cache), false)
 9 FCPATH\index.php(79): CodeIgniter\CodeIgniter->run()
10 SYSTEMPATH\Commands\Server\rewrite.php(47): require_once('D:\\laragon\\www\\music\\public\\index.php')
CRITICAL - 2023-09-27 08:55:34 --> Undefined variable $tracks
in APPPATH\Views\view_music.php on line 113.
 1 APPPATH\Views\view_music.php(113): CodeIgniter\Debug\Exceptions->errorHandler(2, 'Undefined variable $tracks', 'D:\\laragon\\www\\music\\app\\Views\\view_music.php', 113)
 2 SYSTEMPATH\View\View.php(226): include('D:\\laragon\\www\\music\\app\\Views\\view_music.php')
 3 SYSTEMPATH\View\View.php(229): CodeIgniter\View\View->CodeIgniter\View\{closure}()
 4 SYSTEMPATH\Common.php(1188): CodeIgniter\View\View->render('view_music', [], true)
 5 APPPATH\Controllers\Playlist.php(22): view('view_music', [...])
 6 SYSTEMPATH\CodeIgniter.php(919): App\Controllers\Playlist->index()
 7 SYSTEMPATH\CodeIgniter.php(494): CodeIgniter\CodeIgniter->runController(Object(App\Controllers\Playlist))
 8 SYSTEMPATH\CodeIgniter.php(353): CodeIgniter\CodeIgniter->handleRequest(null, Object(Config\Cache), false)
 9 FCPATH\index.php(79): CodeIgniter\CodeIgniter->run()
10 SYSTEMPATH\Commands\Server\rewrite.php(47): require_once('D:\\laragon\\www\\music\\public\\index.php')
CRITICAL - 2023-09-27 08:55:34 --> Undefined variable $tracks
in APPPATH\Views\view_music.php on line 113.
 1 APPPATH\Views\view_music.php(113): CodeIgniter\Debug\Exceptions->errorHandler(2, 'Undefined variable $tracks', 'D:\\laragon\\www\\music\\app\\Views\\view_music.php', 113)
 2 SYSTEMPATH\View\View.php(226): include('D:\\laragon\\www\\music\\app\\Views\\view_music.php')
 3 SYSTEMPATH\View\View.php(229): CodeIgniter\View\View->CodeIgniter\View\{closure}()
 4 SYSTEMPATH\Common.php(1188): CodeIgniter\View\View->render('view_music', [], true)
 5 APPPATH\Controllers\Playlist.php(22): view('view_music', [...])
 6 SYSTEMPATH\CodeIgniter.php(919): App\Controllers\Playlist->index()
 7 SYSTEMPATH\CodeIgniter.php(494): CodeIgniter\CodeIgniter->runController(Object(App\Controllers\Playlist))
 8 SYSTEMPATH\CodeIgniter.php(353): CodeIgniter\CodeIgniter->handleRequest(null, Object(Config\Cache), false)
 9 FCPATH\index.php(79): CodeIgniter\CodeIgniter->run()
10 SYSTEMPATH\Commands\Server\rewrite.php(47): require_once('D:\\laragon\\www\\music\\public\\index.php')
CRITICAL - 2023-09-27 08:55:47 --> Undefined variable $tracks
in APPPATH\Views\view_music.php on line 113.
 1 APPPATH\Views\view_music.php(113): CodeIgniter\Debug\Exceptions->errorHandler(2, 'Undefined variable $tracks', 'D:\\laragon\\www\\music\\app\\Views\\view_music.php', 113)
 2 SYSTEMPATH\View\View.php(226): include('D:\\laragon\\www\\music\\app\\Views\\view_music.php')
 3 SYSTEMPATH\View\View.php(229): CodeIgniter\View\View->CodeIgniter\View\{closure}()
 4 SYSTEMPATH\Common.php(1188): CodeIgniter\View\View->render('view_music', [], true)
 5 APPPATH\Controllers\Playlist.php(22): view('view_music', [...])
 6 SYSTEMPATH\CodeIgniter.php(919): App\Controllers\Playlist->index()
 7 SYSTEMPATH\CodeIgniter.php(494): CodeIgniter\CodeIgniter->runController(Object(App\Controllers\Playlist))
 8 SYSTEMPATH\CodeIgniter.php(353): CodeIgniter\CodeIgniter->handleRequest(null, Object(Config\Cache), false)
 9 FCPATH\index.php(79): CodeIgniter\CodeIgniter->run()
10 SYSTEMPATH\Commands\Server\rewrite.php(47): require_once('D:\\laragon\\www\\music\\public\\index.php')
CRITICAL - 2023-09-27 08:57:32 --> syntax error, unexpected token "=>"
in APPPATH\Controllers\Playlist.php on line 34.
 1 SYSTEMPATH\Autoloader\Autoloader.php(285): CodeIgniter\Autoloader\Autoloader->includeFile('D:\\laragon\\www\\music\\app\\Controllers\\Playlist.php')
 2 SYSTEMPATH\Autoloader\Autoloader.php(263): CodeIgniter\Autoloader\Autoloader->loadInNamespace('App\\Controllers\\Playlist')
 3 [internal function]: CodeIgniter\Autoloader\Autoloader->loadClass('App\\Controllers\\Playlist')
 4 SYSTEMPATH\CodeIgniter.php(877): class_exists('\\App\\Controllers\\Playlist', true)
 5 SYSTEMPATH\CodeIgniter.php(481): CodeIgniter\CodeIgniter->startController()
 6 SYSTEMPATH\CodeIgniter.php(353): CodeIgniter\CodeIgniter->handleRequest(null, Object(Config\Cache), false)
 7 FCPATH\index.php(79): CodeIgniter\CodeIgniter->run()
 8 SYSTEMPATH\Commands\Server\rewrite.php(47): require_once('D:\\laragon\\www\\music\\public\\index.php')
CRITICAL - 2023-09-27 08:57:42 --> syntax error, unexpected token "=>"
in APPPATH\Controllers\Playlist.php on line 34.
 1 SYSTEMPATH\Autoloader\Autoloader.php(285): CodeIgniter\Autoloader\Autoloader->includeFile('D:\\laragon\\www\\music\\app\\Controllers\\Playlist.php')
 2 SYSTEMPATH\Autoloader\Autoloader.php(263): CodeIgniter\Autoloader\Autoloader->loadInNamespace('App\\Controllers\\Playlist')
 3 [internal function]: CodeIgniter\Autoloader\Autoloader->loadClass('App\\Controllers\\Playlist')
 4 SYSTEMPATH\CodeIgniter.php(877): class_exists('\\App\\Controllers\\Playlist', true)
 5 SYSTEMPATH\CodeIgniter.php(481): CodeIgniter\CodeIgniter->startController()
 6 SYSTEMPATH\CodeIgniter.php(353): CodeIgniter\CodeIgniter->handleRequest(null, Object(Config\Cache), false)
 7 FCPATH\index.php(79): CodeIgniter\CodeIgniter->run()
 8 SYSTEMPATH\Commands\Server\rewrite.php(47): require_once('D:\\laragon\\www\\music\\public\\index.php')
CRITICAL - 2023-09-27 08:57:45 --> Undefined variable $tracks
in APPPATH\Views\view_music.php on line 113.
 1 APPPATH\Views\view_music.php(113): CodeIgniter\Debug\Exceptions->errorHandler(2, 'Undefined variable $tracks', 'D:\\laragon\\www\\music\\app\\Views\\view_music.php', 113)
 2 SYSTEMPATH\View\View.php(226): include('D:\\laragon\\www\\music\\app\\Views\\view_music.php')
 3 SYSTEMPATH\View\View.php(229): CodeIgniter\View\View->CodeIgniter\View\{closure}()
 4 SYSTEMPATH\Common.php(1188): CodeIgniter\View\View->render('view_music', [], true)
 5 APPPATH\Controllers\Playlist.php(22): view('view_music', [...])
 6 SYSTEMPATH\CodeIgniter.php(919): App\Controllers\Playlist->index()
 7 SYSTEMPATH\CodeIgniter.php(494): CodeIgniter\CodeIgniter->runController(Object(App\Controllers\Playlist))
 8 SYSTEMPATH\CodeIgniter.php(353): CodeIgniter\CodeIgniter->handleRequest(null, Object(Config\Cache), false)
 9 FCPATH\index.php(79): CodeIgniter\CodeIgniter->run()
10 SYSTEMPATH\Commands\Server\rewrite.php(47): require_once('D:\\laragon\\www\\music\\public\\index.php')
CRITICAL - 2023-09-27 08:57:46 --> Undefined variable $tracks
in APPPATH\Views\view_music.php on line 113.
 1 APPPATH\Views\view_music.php(113): CodeIgniter\Debug\Exceptions->errorHandler(2, 'Undefined variable $tracks', 'D:\\laragon\\www\\music\\app\\Views\\view_music.php', 113)
 2 SYSTEMPATH\View\View.php(226): include('D:\\laragon\\www\\music\\app\\Views\\view_music.php')
 3 SYSTEMPATH\View\View.php(229): CodeIgniter\View\View->CodeIgniter\View\{closure}()
 4 SYSTEMPATH\Common.php(1188): CodeIgniter\View\View->render('view_music', [], true)
 5 APPPATH\Controllers\Playlist.php(22): view('view_music', [...])
 6 SYSTEMPATH\CodeIgniter.php(919): App\Controllers\Playlist->index()
 7 SYSTEMPATH\CodeIgniter.php(494): CodeIgniter\CodeIgniter->runController(Object(App\Controllers\Playlist))
 8 SYSTEMPATH\CodeIgniter.php(353): CodeIgniter\CodeIgniter->handleRequest(null, Object(Config\Cache), false)
 9 FCPATH\index.php(79): CodeIgniter\CodeIgniter->run()
10 SYSTEMPATH\Commands\Server\rewrite.php(47): require_once('D:\\laragon\\www\\music\\public\\index.php')
CRITICAL - 2023-09-27 08:57:46 --> Undefined variable $tracks
in APPPATH\Views\view_music.php on line 113.
 1 APPPATH\Views\view_music.php(113): CodeIgniter\Debug\Exceptions->errorHandler(2, 'Undefined variable $tracks', 'D:\\laragon\\www\\music\\app\\Views\\view_music.php', 113)
 2 SYSTEMPATH\View\View.php(226): include('D:\\laragon\\www\\music\\app\\Views\\view_music.php')
 3 SYSTEMPATH\View\View.php(229): CodeIgniter\View\View->CodeIgniter\View\{closure}()
 4 SYSTEMPATH\Common.php(1188): CodeIgniter\View\View->render('view_music', [], true)
 5 APPPATH\Controllers\Playlist.php(22): view('view_music', [...])
 6 SYSTEMPATH\CodeIgniter.php(919): App\Controllers\Playlist->index()
 7 SYSTEMPATH\CodeIgniter.php(494): CodeIgniter\CodeIgniter->runController(Object(App\Controllers\Playlist))
 8 SYSTEMPATH\CodeIgniter.php(353): CodeIgniter\CodeIgniter->handleRequest(null, Object(Config\Cache), false)
 9 FCPATH\index.php(79): CodeIgniter\CodeIgniter->run()
10 SYSTEMPATH\Commands\Server\rewrite.php(47): require_once('D:\\laragon\\www\\music\\public\\index.php')
CRITICAL - 2023-09-27 08:57:47 --> Undefined variable $tracks
in APPPATH\Views\view_music.php on line 113.
 1 APPPATH\Views\view_music.php(113): CodeIgniter\Debug\Exceptions->errorHandler(2, 'Undefined variable $tracks', 'D:\\laragon\\www\\music\\app\\Views\\view_music.php', 113)
 2 SYSTEMPATH\View\View.php(226): include('D:\\laragon\\www\\music\\app\\Views\\view_music.php')
 3 SYSTEMPATH\View\View.php(229): CodeIgniter\View\View->CodeIgniter\View\{closure}()
 4 SYSTEMPATH\Common.php(1188): CodeIgniter\View\View->render('view_music', [], true)
 5 APPPATH\Controllers\Playlist.php(22): view('view_music', [...])
 6 SYSTEMPATH\CodeIgniter.php(919): App\Controllers\Playlist->index()
 7 SYSTEMPATH\CodeIgniter.php(494): CodeIgniter\CodeIgniter->runController(Object(App\Controllers\Playlist))
 8 SYSTEMPATH\CodeIgniter.php(353): CodeIgniter\CodeIgniter->handleRequest(null, Object(Config\Cache), false)
 9 FCPATH\index.php(79): CodeIgniter\CodeIgniter->run()
10 SYSTEMPATH\Commands\Server\rewrite.php(47): require_once('D:\\laragon\\www\\music\\public\\index.php')
CRITICAL - 2023-09-27 08:58:08 --> Undefined variable $tracks
in APPPATH\Views\view_music.php on line 113.
 1 APPPATH\Views\view_music.php(113): CodeIgniter\Debug\Exceptions->errorHandler(2, 'Undefined variable $tracks', 'D:\\laragon\\www\\music\\app\\Views\\view_music.php', 113)
 2 SYSTEMPATH\View\View.php(226): include('D:\\laragon\\www\\music\\app\\Views\\view_music.php')
 3 SYSTEMPATH\View\View.php(229): CodeIgniter\View\View->CodeIgniter\View\{closure}()
 4 SYSTEMPATH\Common.php(1188): CodeIgniter\View\View->render('view_music', [], true)
 5 APPPATH\Controllers\Playlist.php(22): view('view_music', [...])
 6 SYSTEMPATH\CodeIgniter.php(919): App\Controllers\Playlist->index()
 7 SYSTEMPATH\CodeIgniter.php(494): CodeIgniter\CodeIgniter->runController(Object(App\Controllers\Playlist))
 8 SYSTEMPATH\CodeIgniter.php(353): CodeIgniter\CodeIgniter->handleRequest(null, Object(Config\Cache), false)
 9 FCPATH\index.php(79): CodeIgniter\CodeIgniter->run()
10 SYSTEMPATH\Commands\Server\rewrite.php(47): require_once('D:\\laragon\\www\\music\\public\\index.php')
CRITICAL - 2023-09-27 08:59:30 --> Undefined array key "name"
in APPPATH\Views\view_music.php on line 115.
 1 APPPATH\Views\view_music.php(115): CodeIgniter\Debug\Exceptions->errorHandler(2, 'Undefined array key "name"', 'D:\\laragon\\www\\music\\app\\Views\\view_music.php', 115)
 2 SYSTEMPATH\View\View.php(226): include('D:\\laragon\\www\\music\\app\\Views\\view_music.php')
 3 SYSTEMPATH\View\View.php(229): CodeIgniter\View\View->CodeIgniter\View\{closure}()
 4 SYSTEMPATH\Common.php(1188): CodeIgniter\View\View->render('view_music', [], true)
 5 APPPATH\Controllers\Playlist.php(29): view('view_music', [...])
 6 SYSTEMPATH\CodeIgniter.php(919): App\Controllers\Playlist->index()
 7 SYSTEMPATH\CodeIgniter.php(494): CodeIgniter\CodeIgniter->runController(Object(App\Controllers\Playlist))
 8 SYSTEMPATH\CodeIgniter.php(353): CodeIgniter\CodeIgniter->handleRequest(null, Object(Config\Cache), false)
 9 FCPATH\index.php(79): CodeIgniter\CodeIgniter->run()
10 SYSTEMPATH\Commands\Server\rewrite.php(47): require_once('D:\\laragon\\www\\music\\public\\index.php')
CRITICAL - 2023-09-27 09:00:18 --> Undefined array key "name"
in APPPATH\Views\view_music.php on line 115.
 1 APPPATH\Views\view_music.php(115): CodeIgniter\Debug\Exceptions->errorHandler(2, 'Undefined array key "name"', 'D:\\laragon\\www\\music\\app\\Views\\view_music.php', 115)
 2 SYSTEMPATH\View\View.php(226): include('D:\\laragon\\www\\music\\app\\Views\\view_music.php')
 3 SYSTEMPATH\View\View.php(229): CodeIgniter\View\View->CodeIgniter\View\{closure}()
 4 SYSTEMPATH\Common.php(1188): CodeIgniter\View\View->render('view_music', [], true)
 5 APPPATH\Controllers\Playlist.php(29): view('view_music', [...])
 6 SYSTEMPATH\CodeIgniter.php(919): App\Controllers\Playlist->index()
 7 SYSTEMPATH\CodeIgniter.php(494): CodeIgniter\CodeIgniter->runController(Object(App\Controllers\Playlist))
 8 SYSTEMPATH\CodeIgniter.php(353): CodeIgniter\CodeIgniter->handleRequest(null, Object(Config\Cache), false)
 9 FCPATH\index.php(79): CodeIgniter\CodeIgniter->run()
10 SYSTEMPATH\Commands\Server\rewrite.php(47): require_once('D:\\laragon\\www\\music\\public\\index.php')
CRITICAL - 2023-09-27 09:00:20 --> Undefined array key "name"
in APPPATH\Views\view_music.php on line 115.
 1 APPPATH\Views\view_music.php(115): CodeIgniter\Debug\Exceptions->errorHandler(2, 'Undefined array key "name"', 'D:\\laragon\\www\\music\\app\\Views\\view_music.php', 115)
 2 SYSTEMPATH\View\View.php(226): include('D:\\laragon\\www\\music\\app\\Views\\view_music.php')
 3 SYSTEMPATH\View\View.php(229): CodeIgniter\View\View->CodeIgniter\View\{closure}()
 4 SYSTEMPATH\Common.php(1188): CodeIgniter\View\View->render('view_music', [], true)
 5 APPPATH\Controllers\Playlist.php(29): view('view_music', [...])
 6 SYSTEMPATH\CodeIgniter.php(919): App\Controllers\Playlist->index()
 7 SYSTEMPATH\CodeIgniter.php(494): CodeIgniter\CodeIgniter->runController(Object(App\Controllers\Playlist))
 8 SYSTEMPATH\CodeIgniter.php(353): CodeIgniter\CodeIgniter->handleRequest(null, Object(Config\Cache), false)
 9 FCPATH\index.php(79): CodeIgniter\CodeIgniter->run()
10 SYSTEMPATH\Commands\Server\rewrite.php(47): require_once('D:\\laragon\\www\\music\\public\\index.php')
CRITICAL - 2023-09-27 09:08:33 --> Undefined variable $playlistss
in APPPATH\Controllers\Playlist.php on line 29.
 1 APPPATH\Controllers\Playlist.php(29): CodeIgniter\Debug\Exceptions->errorHandler(2, 'Undefined variable $playlistss', 'D:\\laragon\\www\\music\\app\\Controllers\\Playlist.php', 29)
 2 SYSTEMPATH\CodeIgniter.php(919): App\Controllers\Playlist->index()
 3 SYSTEMPATH\CodeIgniter.php(494): CodeIgniter\CodeIgniter->runController(Object(App\Controllers\Playlist))
 4 SYSTEMPATH\CodeIgniter.php(353): CodeIgniter\CodeIgniter->handleRequest(null, Object(Config\Cache), false)
 5 FCPATH\index.php(79): CodeIgniter\CodeIgniter->run()
 6 SYSTEMPATH\Commands\Server\rewrite.php(47): require_once('D:\\laragon\\www\\music\\public\\index.php')
CRITICAL - 2023-09-27 09:08:50 --> Undefined array key "audio_file"
in APPPATH\Controllers\Playlist.php on line 29.
 1 APPPATH\Controllers\Playlist.php(29): CodeIgniter\Debug\Exceptions->errorHandler(2, 'Undefined array key "audio_file"', 'D:\\laragon\\www\\music\\app\\Controllers\\Playlist.php', 29)
 2 SYSTEMPATH\CodeIgniter.php(919): App\Controllers\Playlist->index()
 3 SYSTEMPATH\CodeIgniter.php(494): CodeIgniter\CodeIgniter->runController(Object(App\Controllers\Playlist))
 4 SYSTEMPATH\CodeIgniter.php(353): CodeIgniter\CodeIgniter->handleRequest(null, Object(Config\Cache), false)
 5 FCPATH\index.php(79): CodeIgniter\CodeIgniter->run()
 6 SYSTEMPATH\Commands\Server\rewrite.php(47): require_once('D:\\laragon\\www\\music\\public\\index.php')
CRITICAL - 2023-09-27 09:09:04 --> Undefined variable $tracks
in APPPATH\Controllers\Playlist.php on line 29.
 1 APPPATH\Controllers\Playlist.php(29): CodeIgniter\Debug\Exceptions->errorHandler(2, 'Undefined variable $tracks', 'D:\\laragon\\www\\music\\app\\Controllers\\Playlist.php', 29)
 2 SYSTEMPATH\CodeIgniter.php(919): App\Controllers\Playlist->index()
 3 SYSTEMPATH\CodeIgniter.php(494): CodeIgniter\CodeIgniter->runController(Object(App\Controllers\Playlist))
 4 SYSTEMPATH\CodeIgniter.php(353): CodeIgniter\CodeIgniter->handleRequest(null, Object(Config\Cache), false)
 5 FCPATH\index.php(79): CodeIgniter\CodeIgniter->run()
 6 SYSTEMPATH\Commands\Server\rewrite.php(47): require_once('D:\\laragon\\www\\music\\public\\index.php')
CRITICAL - 2023-09-27 18:35:22 --> Undefined array key "filename"
in APPPATH\Views\view_music.php on line 112.
 1 APPPATH\Views\view_music.php(112): CodeIgniter\Debug\Exceptions->errorHandler(2, 'Undefined array key "filename"', 'D:\\laragon\\www\\music\\app\\Views\\view_music.php', 112)
 2 SYSTEMPATH\View\View.php(226): include('D:\\laragon\\www\\music\\app\\Views\\view_music.php')
 3 SYSTEMPATH\View\View.php(229): CodeIgniter\View\View->CodeIgniter\View\{closure}()
 4 SYSTEMPATH\Common.php(1188): CodeIgniter\View\View->render('view_music', [], true)
 5 APPPATH\Controllers\Playlist.php(29): view('view_music', [...])
 6 SYSTEMPATH\CodeIgniter.php(919): App\Controllers\Playlist->index()
 7 SYSTEMPATH\CodeIgniter.php(494): CodeIgniter\CodeIgniter->runController(Object(App\Controllers\Playlist))
 8 SYSTEMPATH\CodeIgniter.php(353): CodeIgniter\CodeIgniter->handleRequest(null, Object(Config\Cache), false)
 9 FCPATH\index.php(79): CodeIgniter\CodeIgniter->run()
10 SYSTEMPATH\Commands\Server\rewrite.php(47): require_once('D:\\laragon\\www\\music\\public\\index.php')
CRITICAL - 2023-09-27 18:35:44 --> Undefined array key "audi_file"
in APPPATH\Views\view_music.php on line 112.
 1 APPPATH\Views\view_music.php(112): CodeIgniter\Debug\Exceptions->errorHandler(2, 'Undefined array key "audi_file"', 'D:\\laragon\\www\\music\\app\\Views\\view_music.php', 112)
 2 SYSTEMPATH\View\View.php(226): include('D:\\laragon\\www\\music\\app\\Views\\view_music.php')
 3 SYSTEMPATH\View\View.php(229): CodeIgniter\View\View->CodeIgniter\View\{closure}()
 4 SYSTEMPATH\Common.php(1188): CodeIgniter\View\View->render('view_music', [], true)
 5 APPPATH\Controllers\Playlist.php(29): view('view_music', [...])
 6 SYSTEMPATH\CodeIgniter.php(919): App\Controllers\Playlist->index()
 7 SYSTEMPATH\CodeIgniter.php(494): CodeIgniter\CodeIgniter->runController(Object(App\Controllers\Playlist))
 8 SYSTEMPATH\CodeIgniter.php(353): CodeIgniter\CodeIgniter->handleRequest(null, Object(Config\Cache), false)
 9 FCPATH\index.php(79): CodeIgniter\CodeIgniter->run()
10 SYSTEMPATH\Commands\Server\rewrite.php(47): require_once('D:\\laragon\\www\\music\\public\\index.php')
CRITICAL - 2023-09-27 18:35:45 --> Undefined array key "audi_file"
in APPPATH\Views\view_music.php on line 112.
 1 APPPATH\Views\view_music.php(112): CodeIgniter\Debug\Exceptions->errorHandler(2, 'Undefined array key "audi_file"', 'D:\\laragon\\www\\music\\app\\Views\\view_music.php', 112)
 2 SYSTEMPATH\View\View.php(226): include('D:\\laragon\\www\\music\\app\\Views\\view_music.php')
 3 SYSTEMPATH\View\View.php(229): CodeIgniter\View\View->CodeIgniter\View\{closure}()
 4 SYSTEMPATH\Common.php(1188): CodeIgniter\View\View->render('view_music', [], true)
 5 APPPATH\Controllers\Playlist.php(29): view('view_music', [...])
 6 SYSTEMPATH\CodeIgniter.php(919): App\Controllers\Playlist->index()
 7 SYSTEMPATH\CodeIgniter.php(494): CodeIgniter\CodeIgniter->runController(Object(App\Controllers\Playlist))
 8 SYSTEMPATH\CodeIgniter.php(353): CodeIgniter\CodeIgniter->handleRequest(null, Object(Config\Cache), false)
 9 FCPATH\index.php(79): CodeIgniter\CodeIgniter->run()
10 SYSTEMPATH\Commands\Server\rewrite.php(47): require_once('D:\\laragon\\www\\music\\public\\index.php')
CRITICAL - 2023-09-27 18:35:45 --> Undefined array key "audi_file"
in APPPATH\Views\view_music.php on line 112.
 1 APPPATH\Views\view_music.php(112): CodeIgniter\Debug\Exceptions->errorHandler(2, 'Undefined array key "audi_file"', 'D:\\laragon\\www\\music\\app\\Views\\view_music.php', 112)
 2 SYSTEMPATH\View\View.php(226): include('D:\\laragon\\www\\music\\app\\Views\\view_music.php')
 3 SYSTEMPATH\View\View.php(229): CodeIgniter\View\View->CodeIgniter\View\{closure}()
 4 SYSTEMPATH\Common.php(1188): CodeIgniter\View\View->render('view_music', [], true)
 5 APPPATH\Controllers\Playlist.php(29): view('view_music', [...])
 6 SYSTEMPATH\CodeIgniter.php(919): App\Controllers\Playlist->index()
 7 SYSTEMPATH\CodeIgniter.php(494): CodeIgniter\CodeIgniter->runController(Object(App\Controllers\Playlist))
 8 SYSTEMPATH\CodeIgniter.php(353): CodeIgniter\CodeIgniter->handleRequest(null, Object(Config\Cache), false)
 9 FCPATH\index.php(79): CodeIgniter\CodeIgniter->run()
10 SYSTEMPATH\Commands\Server\rewrite.php(47): require_once('D:\\laragon\\www\\music\\public\\index.php')
CRITICAL - 2023-09-27 18:35:46 --> Undefined array key "audi_file"
in APPPATH\Views\view_music.php on line 112.
 1 APPPATH\Views\view_music.php(112): CodeIgniter\Debug\Exceptions->errorHandler(2, 'Undefined array key "audi_file"', 'D:\\laragon\\www\\music\\app\\Views\\view_music.php', 112)
 2 SYSTEMPATH\View\View.php(226): include('D:\\laragon\\www\\music\\app\\Views\\view_music.php')
 3 SYSTEMPATH\View\View.php(229): CodeIgniter\View\View->CodeIgniter\View\{closure}()
 4 SYSTEMPATH\Common.php(1188): CodeIgniter\View\View->render('view_music', [], true)
 5 APPPATH\Controllers\Playlist.php(29): view('view_music', [...])
 6 SYSTEMPATH\CodeIgniter.php(919): App\Controllers\Playlist->index()
 7 SYSTEMPATH\CodeIgniter.php(494): CodeIgniter\CodeIgniter->runController(Object(App\Controllers\Playlist))
 8 SYSTEMPATH\CodeIgniter.php(353): CodeIgniter\CodeIgniter->handleRequest(null, Object(Config\Cache), false)
 9 FCPATH\index.php(79): CodeIgniter\CodeIgniter->run()
10 SYSTEMPATH\Commands\Server\rewrite.php(47): require_once('D:\\laragon\\www\\music\\public\\index.php')
CRITICAL - 2023-09-27 19:07:24 --> pathinfo(): Argument #2 ($flags) must be of type int, string given
in APPPATH\Views\view_music.php on line 114.
 1 APPPATH\Views\view_music.php(114): pathinfo('Daylight.m4a', 'D:\\laragon\\www\\music\\writable\\')
 2 SYSTEMPATH\View\View.php(226): include('D:\\laragon\\www\\music\\app\\Views\\view_music.php')
 3 SYSTEMPATH\View\View.php(229): CodeIgniter\View\View->CodeIgniter\View\{closure}()
 4 SYSTEMPATH\Common.php(1188): CodeIgniter\View\View->render('view_music', [], true)
 5 APPPATH\Controllers\Playlist.php(29): view('view_music', [...])
 6 SYSTEMPATH\CodeIgniter.php(919): App\Controllers\Playlist->index()
 7 SYSTEMPATH\CodeIgniter.php(494): CodeIgniter\CodeIgniter->runController(Object(App\Controllers\Playlist))
 8 SYSTEMPATH\CodeIgniter.php(353): CodeIgniter\CodeIgniter->handleRequest(null, Object(Config\Cache), false)
 9 FCPATH\index.php(79): CodeIgniter\CodeIgniter->run()
10 SYSTEMPATH\Commands\Server\rewrite.php(47): require_once('D:\\laragon\\www\\music\\public\\index.php')
CRITICAL - 2023-09-27 19:34:58 --> Invalid file: "view_playlists.php"
in SYSTEMPATH\Exceptions\FrameworkException.php on line 39.
 1 SYSTEMPATH\View\View.php(214): CodeIgniter\Exceptions\FrameworkException::forInvalidFile('view_playlists.php')
 2 SYSTEMPATH\Common.php(1188): CodeIgniter\View\View->render('view_playlists', [], true)
 3 APPPATH\Controllers\Playlist.php(50): view('view_playlists')
 4 SYSTEMPATH\CodeIgniter.php(919): App\Controllers\Playlist->viewplays('2')
 5 SYSTEMPATH\CodeIgniter.php(494): CodeIgniter\CodeIgniter->runController(Object(App\Controllers\Playlist))
 6 SYSTEMPATH\CodeIgniter.php(353): CodeIgniter\CodeIgniter->handleRequest(null, Object(Config\Cache), false)
 7 FCPATH\index.php(79): CodeIgniter\CodeIgniter->run()
 8 SYSTEMPATH\Commands\Server\rewrite.php(47): require_once('D:\\laragon\\www\\music\\public\\index.php')
CRITICAL - 2023-09-27 19:36:47 --> Invalid file: "view_playlists.php"
in SYSTEMPATH\Exceptions\FrameworkException.php on line 39.
 1 SYSTEMPATH\View\View.php(214): CodeIgniter\Exceptions\FrameworkException::forInvalidFile('view_playlists.php')
 2 SYSTEMPATH\Common.php(1188): CodeIgniter\View\View->render('view_playlists', [], true)
 3 APPPATH\Controllers\Playlist.php(50): view('view_playlists')
 4 SYSTEMPATH\CodeIgniter.php(919): App\Controllers\Playlist->viewplays('3')
 5 SYSTEMPATH\CodeIgniter.php(494): CodeIgniter\CodeIgniter->runController(Object(App\Controllers\Playlist))
 6 SYSTEMPATH\CodeIgniter.php(353): CodeIgniter\CodeIgniter->handleRequest(null, Object(Config\Cache), false)
 7 FCPATH\index.php(79): CodeIgniter\CodeIgniter->run()
 8 SYSTEMPATH\Commands\Server\rewrite.php(47): require_once('D:\\laragon\\www\\music\\public\\index.php')
CRITICAL - 2023-09-27 20:29:43 --> Undefined variable $addedMusic
in APPPATH\Views\view_playlists.php on line 63.
 1 APPPATH\Views\view_playlists.php(63): CodeIgniter\Debug\Exceptions->errorHandler(2, 'Undefined variable $addedMusic', 'D:\\laragon\\www\\music\\app\\Views\\view_playlists.php', 63)
 2 SYSTEMPATH\View\View.php(226): include('D:\\laragon\\www\\music\\app\\Views\\view_playlists.php')
 3 SYSTEMPATH\View\View.php(229): CodeIgniter\View\View->CodeIgniter\View\{closure}()
 4 SYSTEMPATH\Common.php(1188): CodeIgniter\View\View->render('view_playlists', [], true)
 5 APPPATH\Controllers\Playlist.php(50): view('view_playlists')
 6 SYSTEMPATH\CodeIgniter.php(919): App\Controllers\Playlist->viewplays('3')
 7 SYSTEMPATH\CodeIgniter.php(494): CodeIgniter\CodeIgniter->runController(Object(App\Controllers\Playlist))
 8 SYSTEMPATH\CodeIgniter.php(353): CodeIgniter\CodeIgniter->handleRequest(null, Object(Config\Cache), false)
 9 FCPATH\index.php(79): CodeIgniter\CodeIgniter->run()
10 SYSTEMPATH\Commands\Server\rewrite.php(47): require_once('D:\\laragon\\www\\music\\public\\index.php')
